#
# A fatal error has been detected by the Java Runtime Environment:
#
#  SIGSEGV (0xb) at pc=0x000000011e5623bf, pid=42653, tid=0x0000000000013e13
#
# JRE version: Java(TM) SE Runtime Environment (8.0_131-b11) (build 1.8.0_131-b11)
# Java VM: Java HotSpot(TM) 64-Bit Server VM (25.131-b11 mixed mode bsd-amd64 compressed oops)
# Problematic frame:
# C  [libawt_lwawt.dylib+0x1c3bf]  OGLSD_SetScratchSurface+0x49
#
# Failed to write core dump. Core dumps have been disabled. To enable core dumping, try "ulimit -c unlimited" before starting Java again
#
# If you would like to submit a bug report, please visit:
#   http://bugreport.java.com/bugreport/crash.jsp
# The crash happened outside the Java Virtual Machine in native code.
# See problematic frame for where to report the bug.
#

---------------  T H R E A D  ---------------

Current thread (0x00007f89089fc800):  JavaThread "Java2D Queue Flusher" daemon [_thread_in_native, id=81427, stack(0x0000700008e35000,0x0000700008f35000)]

siginfo: si_signo: 11 (SIGSEGV), si_code: 1 (SEGV_MAPERR), si_addr: 0x0000000000000001

Registers:
RAX=0x00000000ffffffff, RBX=0x0000000000000001, RCX=0x0000000000000047, RDX=0x000000011e583258
RSP=0x0000700008f34810, RBP=0x0000700008f34830, RSI=0x00007f890e63e440, RDI=0x00007f89089fc9f8
R8 =0x0000000000000020, R9 =0x0000000000000000, R10=0x0000000109dec178, R11=0x00000000e80679bc
R12=0x0000000000000000, R13=0x000000074019b470, R14=0x00007f89089fc9f8, R15=0x00007f89089fc800
RIP=0x000000011e5623bf, EFLAGS=0x0000000000010202, ERR=0x0000000000000004
  TRAPNO=0x000000000000000e

Top of Stack: (sp=0x0000700008f34810)
0x0000700008f34810:   00007f890e63e440 0000000000000000
0x0000700008f34820:   00007f890a1fee10 00007f89089fc800
0x0000700008f34830:   0000700008f348b0 000000011e582d36
0x0000700008f34840:   0000000000000064 00007f8908496c08
0x0000700008f34850:   0000700008f348b0 0000000106150094
0x0000700008f34860:   0000000000000005 00007f89089fc800
0x0000700008f34870:   000000074019b401 00007f890a1fee20
0x0000700008f34880:   0000700000f34800 00007f89089fc9f8
0x0000700008f34890:   0000000000000000 0000000000000000
0x0000700008f348a0:   0000700008f34908 00007f89089fc800
0x0000700008f348b0:   0000700008f34900 0000000109dec1ea
0x0000700008f348c0:   000000074033cdc8 0000700008f34908
0x0000700008f348d0:   0000000123c944e0 0000000000000000
0x0000700008f348e0:   0000000123c94470 0000000000000000
0x0000700008f348f0:   0000700008f34910 0000000000000000
0x0000700008f34900:   00000000e80679b9 0000000109eb5cd0
0x0000700008f34910:   000000074033cdc8 000000074019b470
0x0000700008f34920:   0000000000000000 0000000000000000
0x0000700008f34930:   000000074019b470 0000700008f349d0
0x0000700008f34940:   0000000000000001 0000000000000000
0x0000700008f34950:   0000700008f349d0 000000010983c7a7
0x0000700008f34960:   000000074019b470 000000074119b7c8
0x0000700008f34970:   0000700000001fa0 000000000000000a
0x0000700008f34980:   00007f89089fc800 0000000000000001
0x0000700008f34990:   000000010983c71f 00000001082ead48
0x0000700008f349a0:   0000700008f34a68 0000700008f34d00
0x0000700008f349b0:   000000010000000a 00000001082ead48
0x0000700008f349c0:   000000010984f120 0000700008f34c70
0x0000700008f349d0:   0000700008f34b80 00000001060ee5b6
0x0000700008f349e0:   0000700000000001 00007f89089fc800
0x0000700008f349f0:   00007f89089fc800 0000700008f34d00
0x0000700008f34a00:   00007f8908496c00 000000010984f120 

Instructions: (pc=0x000000011e5623bf)
0x000000011e56239f:   c0 e9 82 00 00 00 48 8b 5e 10 48 85 db 75 0e bf
0x000000011e5623af:   01 00 00 00 48 8d 15 07 7c 03 00 eb d6 49 89 fe
0x000000011e5623bf:   4c 8b 3b 30 c0 e8 c1 a6 02 00 49 8b 3f 49 89 c4
0x000000011e5623cf:   48 8b 35 4a 03 06 00 30 c0 e8 0f a8 02 00 48 85 

Register to memory mapping:

RAX=0x00000000ffffffff is an unknown value
RBX=0x0000000000000001 is an unknown value
RCX=0x0000000000000047 is an unknown value
RDX=0x000000011e583258: Java_sun_java2d_opengl_OGLRenderQueue_flushBuffer+0xb5c in /Library/Java/JavaVirtualMachines/jdk1.8.0_131.jdk/Contents/Home/jre/lib/libawt_lwawt.dylib at 0x000000011e546000
RSP=0x0000700008f34810 is pointing into the stack for thread: 0x00007f89089fc800
RBP=0x0000700008f34830 is pointing into the stack for thread: 0x00007f89089fc800
RSI=0x00007f890e63e440 is an unknown value
RDI=0x00007f89089fc9f8 is an unknown value
R8 =0x0000000000000020 is an unknown value
R9 =0x0000000000000000 is an unknown value
R10=0x0000000109dec178 is at entry_point+56 in (nmethod*)0x0000000109debfd0
R11=0x00000000e80679bc is an unknown value
R12=0x0000000000000000 is an unknown value
R13=0x000000074019b470 is an oop
sun.java2d.opengl.OGLRenderQueue$QueueFlusher 
 - klass: 'sun/java2d/opengl/OGLRenderQueue$QueueFlusher'
R14=0x00007f89089fc9f8 is an unknown value
R15=0x00007f89089fc800 is a thread


Stack: [0x0000700008e35000,0x0000700008f35000],  sp=0x0000700008f34810,  free space=1022k
Native frames: (J=compiled Java code, j=interpreted, Vv=VM code, C=native code)
C  [libawt_lwawt.dylib+0x1c3bf]  OGLSD_SetScratchSurface+0x49
C  [libawt_lwawt.dylib+0x3cd36]  Java_sun_java2d_opengl_OGLRenderQueue_flushBuffer+0x63a
J 1812  sun.java2d.opengl.OGLRenderQueue.flushBuffer(JI)V (0 bytes) @ 0x0000000109dec1ea [0x0000000109dec140+0xaa]
J 5873% C2 sun.java2d.opengl.OGLRenderQueue$QueueFlusher.run()V (234 bytes) @ 0x0000000109eb5cd0 [0x0000000109eb5c00+0xd0]
v  ~StubRoutines::call_stub
V  [libjvm.dylib+0x2ee5b6]  JavaCalls::call_helper(JavaValue*, methodHandle*, JavaCallArguments*, Thread*)+0x6ae
V  [libjvm.dylib+0x2eed5a]  JavaCalls::call_virtual(JavaValue*, KlassHandle, Symbol*, Symbol*, JavaCallArguments*, Thread*)+0x164
V  [libjvm.dylib+0x2eef06]  JavaCalls::call_virtual(JavaValue*, Handle, KlassHandle, Symbol*, Symbol*, Thread*)+0x4a
V  [libjvm.dylib+0x34965d]  thread_entry(JavaThread*, Thread*)+0x7c
V  [libjvm.dylib+0x56b87f]  JavaThread::thread_main_inner()+0x9b
V  [libjvm.dylib+0x56cf6c]  JavaThread::run()+0x1c2
V  [libjvm.dylib+0x48b376]  java_start(Thread*)+0xf6
C  [libsystem_pthread.dylib+0x3661]  _pthread_body+0x154
C  [libsystem_pthread.dylib+0x350d]  _pthread_body+0x0
C  [libsystem_pthread.dylib+0x2bf9]  thread_start+0xd
C  0x0000000000000000

Java frames: (J=compiled Java code, j=interpreted, Vv=VM code)
J 1812  sun.java2d.opengl.OGLRenderQueue.flushBuffer(JI)V (0 bytes) @ 0x0000000109dec178 [0x0000000109dec140+0x38]
J 5873% C2 sun.java2d.opengl.OGLRenderQueue$QueueFlusher.run()V (234 bytes) @ 0x0000000109eb5cd0 [0x0000000109eb5c00+0xd0]
v  ~StubRoutines::call_stub

---------------  P R O C E S S  ---------------

Java Threads: ( => current thread )
  0x00007f890fae9800 JavaThread "DestroyJavaVM" [_thread_blocked, id=6659, stack(0x0000700007d7f000,0x0000700007e7f000)]
  0x00007f8908a86000 JavaThread "TimerQueue" daemon [_thread_blocked, id=3947, stack(0x00007000091c1000,0x00007000092c1000)]
  0x00007f8908a5f800 JavaThread "AWT-EventQueue-0" [_thread_blocked, id=78147, stack(0x00007000090be000,0x00007000091be000)]
  0x00007f8908a12800 JavaThread "Java2D Disposer" daemon [_thread_blocked, id=51727, stack(0x0000700008f38000,0x0000700009038000)]
=>0x00007f89089fc800 JavaThread "Java2D Queue Flusher" daemon [_thread_in_native, id=81427, stack(0x0000700008e35000,0x0000700008f35000)]
  0x00007f89088a9000 JavaThread "AWT-Shutdown" [_thread_blocked, id=25387, stack(0x0000700008ba9000,0x0000700008ca9000)]
  0x00007f890a103000 JavaThread "AppKit Thread" daemon [_thread_blocked, id=775, stack(0x00007ffee9fca000,0x00007ffeea7ca000)]
  0x00007f8909820000 JavaThread "Service Thread" daemon [_thread_blocked, id=13571, stack(0x00007000089a3000,0x0000700008aa3000)]
  0x00007f8909826000 JavaThread "C1 CompilerThread2" daemon [_thread_blocked, id=17155, stack(0x00007000088a0000,0x00007000089a0000)]
  0x00007f8909825800 JavaThread "C2 CompilerThread1" daemon [_thread_blocked, id=13059, stack(0x000070000879d000,0x000070000889d000)]
  0x00007f8909824000 JavaThread "C2 CompilerThread0" daemon [_thread_blocked, id=17667, stack(0x000070000869a000,0x000070000879a000)]
  0x00007f8909820800 JavaThread "Signal Dispatcher" daemon [_thread_blocked, id=17927, stack(0x0000700008597000,0x0000700008697000)]
  0x00007f8909020000 JavaThread "Finalizer" daemon [_thread_blocked, id=20739, stack(0x0000700008494000,0x0000700008594000)]
  0x00007f8909019800 JavaThread "Reference Handler" daemon [_thread_blocked, id=12035, stack(0x0000700008391000,0x0000700008491000)]

Other Threads:
  0x00007f8909019000 VMThread [stack: 0x000070000828e000,0x000070000838e000] [id=11523]
  0x00007f8908845800 WatcherThread [stack: 0x0000700008aa6000,0x0000700008ba6000] [id=16643]

VM state:not at safepoint (normal execution)

VM Mutex/Monitor currently owned by a thread: None

Heap:
 PSYoungGen      total 214016K, used 27329K [0x0000000795580000, 0x00000007bc900000, 0x00000007c0000000)
  eden space 206848K, 9% used [0x0000000795580000,0x000000079699cc40,0x00000007a1f80000)
  from space 7168K, 93% used [0x00000007bbd80000,0x00000007bc413928,0x00000007bc480000)
  to   space 4608K, 0% used [0x00000007bc480000,0x00000007bc480000,0x00000007bc900000)
 ParOldGen       total 191488K, used 88694K [0x0000000740000000, 0x000000074bb00000, 0x0000000795580000)
  object space 191488K, 46% used [0x0000000740000000,0x000000074569db38,0x000000074bb00000)
 Metaspace       used 21255K, capacity 21852K, committed 22144K, reserved 1069056K
  class space    used 2543K, capacity 2677K, committed 2688K, reserved 1048576K

Card table byte_map: [0x0000000107163000,0x0000000107564000] byte_map_base: 0x0000000103763000

Marking Bits: (ParMarkBitMap*) 0x00000001066f1ea0
 Begin Bits: [0x000000011883c000, 0x000000011a83c000)
 End Bits:   [0x000000011a83c000, 0x000000011c83c000)

Polling page: 0x00000001054b2000

CodeCache: size=245760Kb used=17714Kb max_used=17975Kb free=228045Kb
 bounds [0x000000010983c000, 0x000000010a9fc000, 0x000000011883c000]
 total_blobs=5224 nmethods=4569 adapters=566
 compilation: enabled

Compilation events (10 events):
Event: 27513.334 Thread 0x00007f8909826000 6454   !   3       java.util.concurrent.ConcurrentHashMap::putVal (362 bytes)
Event: 27513.341 Thread 0x00007f8909826000 nmethod 6454 0x0000000109f97e90 code [0x0000000109f98160, 0x0000000109f99b38]
Event: 27513.865 Thread 0x00007f8909825800 6455   !   4       sun.java2d.pipe.BufferedMaskFill::MaskFill (247 bytes)
Event: 27513.920 Thread 0x00007f8909825800 nmethod 6455 0x000000010a913650 code [0x000000010a9138e0, 0x000000010a914d08]
Event: 27513.934 Thread 0x00007f8909826000 6456       3       java.awt.geom.RectangularShape::getBounds (100 bytes)
Event: 27513.935 Thread 0x00007f8909826000 nmethod 6456 0x000000010a3ed450 code [0x000000010a3ed780, 0x000000010a3ee5f8]
Event: 27513.939 Thread 0x00007f8909826000 6457       3       java.awt.Rectangle::setRect (135 bytes)
Event: 27513.940 Thread 0x00007f8909826000 nmethod 6457 0x000000010a76d690 code [0x000000010a76d860, 0x000000010a76ded8]
Event: 27514.060 Thread 0x00007f8909826000 6458   !   3       sun.java2d.opengl.OGLSurfaceData::dispose (68 bytes)
Event: 27514.067 Thread 0x00007f8909826000 nmethod 6458 0x000000010a7387d0 code [0x000000010a738d80, 0x000000010a73ce98]

GC Heap History (10 events):
Event: 18083.667 GC heap before
{Heap before GC invocations=319 (full 6):
 PSYoungGen      total 242688K, used 239685K [0x0000000795580000, 0x00000007bdc00000, 0x00000007c0000000)
  eden space 240128K, 98% used [0x0000000795580000,0x00000007a3d89488,0x00000007a4000000)
  from space 2560K, 81% used [0x00000007bd980000,0x00000007bdb88000,0x00000007bdc00000)
  to   space 9728K, 0% used [0x00000007bc900000,0x00000007bc900000,0x00000007bd280000)
 ParOldGen       total 191488K, used 72253K [0x0000000740000000, 0x000000074bb00000, 0x0000000795580000)
  object space 191488K, 37% used [0x0000000740000000,0x000000074468f698,0x000000074bb00000)
 Metaspace       used 21210K, capacity 21788K, committed 21888K, reserved 1069056K
  class space    used 2538K, capacity 2677K, committed 2688K, reserved 1048576K
Event: 18083.679 GC heap after
Heap after GC invocations=319 (full 6):
 PSYoungGen      total 235520K, used 2432K [0x0000000795580000, 0x00000007bda00000, 0x00000007c0000000)
  eden space 232960K, 0% used [0x0000000795580000,0x0000000795580000,0x00000007a3900000)
  from space 2560K, 95% used [0x00000007bc900000,0x00000007bcb60000,0x00000007bcb80000)
  to   space 9728K, 0% used [0x00000007bd080000,0x00000007bd080000,0x00000007bda00000)
 ParOldGen       total 191488K, used 72253K [0x0000000740000000, 0x000000074bb00000, 0x0000000795580000)
  object space 191488K, 37% used [0x0000000740000000,0x000000074468f698,0x000000074bb00000)
 Metaspace       used 21210K, capacity 21788K, committed 21888K, reserved 1069056K
  class space    used 2538K, capacity 2677K, committed 2688K, reserved 1048576K
}
Event: 19648.102 GC heap before
{Heap before GC invocations=320 (full 6):
 PSYoungGen      total 235520K, used 231082K [0x0000000795580000, 0x00000007bda00000, 0x00000007c0000000)
  eden space 232960K, 98% used [0x0000000795580000,0x00000007a34cabe8,0x00000007a3900000)
  from space 2560K, 95% used [0x00000007bc900000,0x00000007bcb60000,0x00000007bcb80000)
  to   space 9728K, 0% used [0x00000007bd080000,0x00000007bd080000,0x00000007bda00000)
 ParOldGen       total 191488K, used 72253K [0x0000000740000000, 0x000000074bb00000, 0x0000000795580000)
  object space 191488K, 37% used [0x0000000740000000,0x000000074468f698,0x000000074bb00000)
 Metaspace       used 21211K, capacity 21788K, committed 21888K, reserved 1069056K
  class space    used 2538K, capacity 2677K, committed 2688K, reserved 1048576K
Event: 19648.128 GC heap after
Heap after GC invocations=320 (full 6):
 PSYoungGen      total 228352K, used 2464K [0x0000000795580000, 0x00000007bd300000, 0x00000007c0000000)
  eden space 225792K, 0% used [0x0000000795580000,0x0000000795580000,0x00000007a3200000)
  from space 2560K, 96% used [0x00000007bd080000,0x00000007bd2e8000,0x00000007bd300000)
  to   space 9216K, 0% used [0x00000007bc100000,0x00000007bc100000,0x00000007bca00000)
 ParOldGen       total 191488K, used 72253K [0x0000000740000000, 0x000000074bb00000, 0x0000000795580000)
  object space 191488K, 37% used [0x0000000740000000,0x000000074468f698,0x000000074bb00000)
 Metaspace       used 21211K, capacity 21788K, committed 21888K, reserved 1069056K
  class space    used 2538K, capacity 2677K, committed 2688K, reserved 1048576K
}
Event: 25564.420 GC heap before
{Heap before GC invocations=321 (full 6):
 PSYoungGen      total 228352K, used 226077K [0x0000000795580000, 0x00000007bd300000, 0x00000007c0000000)
  eden space 225792K, 99% used [0x0000000795580000,0x00000007a2fdf668,0x00000007a3200000)
  from space 2560K, 96% used [0x00000007bd080000,0x00000007bd2e8000,0x00000007bd300000)
  to   space 9216K, 0% used [0x00000007bc100000,0x00000007bc100000,0x00000007bca00000)
 ParOldGen       total 191488K, used 72253K [0x0000000740000000, 0x000000074bb00000, 0x0000000795580000)
  object space 191488K, 37% used [0x0000000740000000,0x000000074468f698,0x000000074bb00000)
 Metaspace       used 21214K, capacity 21788K, committed 21888K, reserved 1069056K
  class space    used 2538K, capacity 2677K, committed 2688K, reserved 1048576K
Event: 25564.506 GC heap after
Heap after GC invocations=321 (full 6):
 PSYoungGen      total 222208K, used 2592K [0x0000000795580000, 0x00000007bd100000, 0x00000007c0000000)
  eden space 219136K, 0% used [0x0000000795580000,0x0000000795580000,0x00000007a2b80000)
  from space 3072K, 84% used [0x00000007bc100000,0x00000007bc388000,0x00000007bc400000)
  to   space 8704K, 0% used [0x00000007bc880000,0x00000007bc880000,0x00000007bd100000)
 ParOldGen       total 191488K, used 72253K [0x0000000740000000, 0x000000074bb00000, 0x0000000795580000)
  object space 191488K, 37% used [0x0000000740000000,0x000000074468f698,0x000000074bb00000)
 Metaspace       used 21214K, capacity 21788K, committed 21888K, reserved 1069056K
  class space    used 2538K, capacity 2677K, committed 2688K, reserved 1048576K
}
Event: 27131.069 GC heap before
{Heap before GC invocations=322 (full 6):
 PSYoungGen      total 222208K, used 221032K [0x0000000795580000, 0x00000007bd100000, 0x00000007c0000000)
  eden space 219136K, 99% used [0x0000000795580000,0x00000007a2ad2150,0x00000007a2b80000)
  from space 3072K, 84% used [0x00000007bc100000,0x00000007bc388000,0x00000007bc400000)
  to   space 8704K, 0% used [0x00000007bc880000,0x00000007bc880000,0x00000007bd100000)
 ParOldGen       total 191488K, used 72253K [0x0000000740000000, 0x000000074bb00000, 0x0000000795580000)
  object space 191488K, 37% used [0x0000000740000000,0x000000074468f698,0x000000074bb00000)
 Metaspace       used 21242K, capacity 21788K, committed 21888K, reserved 1069056K
  class space    used 2543K, capacity 2677K, committed 2688K, reserved 1048576K
Event: 27131.111 GC heap after
Heap after GC invocations=322 (full 6):
 PSYoungGen      total 220160K, used 6702K [0x0000000795580000, 0x00000007bcf80000, 0x00000007c0000000)
  eden space 212992K, 0% used [0x0000000795580000,0x0000000795580000,0x00000007a2580000)
  from space 7168K, 93% used [0x00000007bc880000,0x00000007bcf0b928,0x00000007bcf80000)
  to   space 9216K, 0% used [0x00000007bbd80000,0x00000007bbd80000,0x00000007bc680000)
 ParOldGen       total 191488K, used 80474K [0x0000000740000000, 0x000000074bb00000, 0x0000000795580000)
  object space 191488K, 42% used [0x0000000740000000,0x0000000744e968e8,0x000000074bb00000)
 Metaspace       used 21242K, capacity 21788K, committed 21888K, reserved 1069056K
  class space    used 2543K, capacity 2677K, committed 2688K, reserved 1048576K
}
Event: 27513.951 GC heap before
{Heap before GC invocations=323 (full 6):
 PSYoungGen      total 220160K, used 214108K [0x0000000795580000, 0x00000007bcf80000, 0x00000007c0000000)
  eden space 212992K, 97% used [0x0000000795580000,0x00000007a200b9d0,0x00000007a2580000)
  from space 7168K, 93% used [0x00000007bc880000,0x00000007bcf0b928,0x00000007bcf80000)
  to   space 9216K, 0% used [0x00000007bbd80000,0x00000007bbd80000,0x00000007bc680000)
 ParOldGen       total 191488K, used 80474K [0x0000000740000000, 0x000000074bb00000, 0x0000000795580000)
  object space 191488K, 42% used [0x0000000740000000,0x0000000744e968e8,0x000000074bb00000)
 Metaspace       used 21255K, capacity 21852K, committed 22144K, reserved 1069056K
  class space    used 2543K, capacity 2677K, committed 2688K, reserved 1048576K
Event: 27514.052 GC heap after
Heap after GC invocations=323 (full 6):
 PSYoungGen      total 214016K, used 6734K [0x0000000795580000, 0x00000007bc900000, 0x00000007c0000000)
  eden space 206848K, 0% used [0x0000000795580000,0x0000000795580000,0x00000007a1f80000)
  from space 7168K, 93% used [0x00000007bbd80000,0x00000007bc413928,0x00000007bc480000)
  to   space 4608K, 0% used [0x00000007bc480000,0x00000007bc480000,0x00000007bc900000)
 ParOldGen       total 191488K, used 88694K [0x0000000740000000, 0x000000074bb00000, 0x0000000795580000)
  object space 191488K, 46% used [0x0000000740000000,0x000000074569db38,0x000000074bb00000)
 Metaspace       used 21255K, capacity 21852K, committed 22144K, reserved 1069056K
  class space    used 2543K, capacity 2677K, committed 2688K, reserved 1048576K
}

Deoptimization events (10 events):
Event: 27128.438 Thread 0x00007f8908a5f800 Uncommon trap: reason=unstable_if action=reinterpret pc=0x0000000109e00220 method=sun.java2d.pipe.Region.getIntersectionXYXY(IIII)Lsun/java2d/pipe/Region; @ 55
Event: 27129.143 Thread 0x00007f8908a5f800 Uncommon trap: reason=unstable_if action=reinterpret pc=0x000000010a7c5914 method=sun.java2d.pipe.Region.getIntersectionXYXY(IIII)Lsun/java2d/pipe/Region; @ 55
Event: 27129.153 Thread 0x00007f8908a5f800 Uncommon trap: reason=unstable_if action=reinterpret pc=0x000000010a7abe48 method=sun.java2d.pipe.Region.getIntersectionXYXY(IIII)Lsun/java2d/pipe/Region; @ 55
Event: 27129.634 Thread 0x00007f8908a5f800 Uncommon trap: reason=unstable_if action=reinterpret pc=0x000000010a61b370 method=java.awt.image.DirectColorModel.createCompatibleWritableRaster(II)Ljava/awt/image/WritableRaster; @ 53
Event: 27129.831 Thread 0x00007f8908a5f800 Uncommon trap: reason=unstable_if action=reinterpret pc=0x000000010a6e2128 method=sun.java2d.SunGraphics2D.checkFontInfo(Lsun/java2d/loops/FontInfo;Ljava/awt/Font;Ljava/awt/font/FontRenderContext;)Lsun/java2d/loops/FontInfo; @ 625
Event: 27130.065 Thread 0x00007f8908a5f800 Uncommon trap: reason=unstable_if action=reinterpret pc=0x000000010a0f6750 method=sun.java2d.opengl.OGLBlitLoops.Blit(Lsun/java2d/SurfaceData;Lsun/java2d/SurfaceData;Ljava/awt/Composite;Lsun/java2d/pipe/Region;Ljava/awt/geom/AffineTransform;IIIIIDDDDIZ)V 
Event: 27130.907 Thread 0x00007f8908a5f800 Uncommon trap: reason=range_check action=make_not_entrant pc=0x0000000109f4acbc method=java.awt.geom.AffineTransform.getMatrix([D)V @ 6
Event: 27234.777 Thread 0x00007f8908a5f800 Uncommon trap: reason=class_check action=maybe_recompile pc=0x0000000109b3d8f8 method=sun.java2d.SunGraphics2D.drawHiDPIImage(Ljava/awt/Image;IIIIIIIILjava/awt/Color;Ljava/awt/image/ImageObserver;)Z @ 311
Event: 27235.679 Thread 0x00007f8908a5f800 Uncommon trap: reason=unstable_if action=reinterpret pc=0x0000000109c46970 method=sun.java2d.SunGraphics2D.getCompClip()Lsun/java2d/pipe/Region; @ 7
Event: 27512.593 Thread 0x00007f890a103000 Uncommon trap: reason=class_check action=maybe_recompile pc=0x000000010a4d84fc method=java.util.HashMap.removeNode(ILjava/lang/Object;Ljava/lang/Object;ZZ)Ljava/util/HashMap$Node; @ 68

Internal exceptions (10 events):
Event: 23999.840 Thread 0x00007f8908a5f800 Exception <a 'java/lang/ClassCastException'> (0x00000007a1b7c7d8) thrown at [/Users/java_re/workspace/8-2-build-macosx-x86_64/jdk8u131/8869/hotspot/src/share/vm/runtime/sharedRuntime.cpp, line 605]
Event: 24031.866 Thread 0x00007f8908a5f800 Exception <a 'java/lang/ClassCastException'> (0x00000007a24ae0a8) thrown at [/Users/java_re/workspace/8-2-build-macosx-x86_64/jdk8u131/8869/hotspot/src/share/vm/runtime/sharedRuntime.cpp, line 605]
Event: 24031.869 Thread 0x00007f8908a5f800 Exception <a 'java/lang/ClassCastException'> (0x00000007a24dcb60) thrown at [/Users/java_re/workspace/8-2-build-macosx-x86_64/jdk8u131/8869/hotspot/src/share/vm/runtime/sharedRuntime.cpp, line 605]
Event: 25563.718 Thread 0x00007f8908a5f800 Exception <a 'java/lang/ClassCastException'> (0x00000007a2e2daa0) thrown at [/Users/java_re/workspace/8-2-build-macosx-x86_64/jdk8u131/8869/hotspot/src/share/vm/runtime/sharedRuntime.cpp, line 605]
Event: 25563.723 Thread 0x00007f8908a5f800 Exception <a 'java/lang/ClassCastException'> (0x00000007a2e5c558) thrown at [/Users/java_re/workspace/8-2-build-macosx-x86_64/jdk8u131/8869/hotspot/src/share/vm/runtime/sharedRuntime.cpp, line 605]
Event: 25564.600 Thread 0x00007f8908a5f800 Exception <a 'java/lang/ClassCastException'> (0x0000000795eaa9b8) thrown at [/Users/java_re/workspace/8-2-build-macosx-x86_64/jdk8u131/8869/hotspot/src/share/vm/runtime/sharedRuntime.cpp, line 605]
Event: 25564.604 Thread 0x00007f8908a5f800 Exception <a 'java/lang/ClassCastException'> (0x0000000795ed9470) thrown at [/Users/java_re/workspace/8-2-build-macosx-x86_64/jdk8u131/8869/hotspot/src/share/vm/runtime/sharedRuntime.cpp, line 605]
Event: 26531.512 Thread 0x00007f8908a5f800 Exception <a 'java/lang/ClassCastException'> (0x00000007969250d8) thrown at [/Users/java_re/workspace/8-2-build-macosx-x86_64/jdk8u131/8869/hotspot/src/share/vm/runtime/sharedRuntime.cpp, line 605]
Event: 26531.515 Thread 0x00007f8908a5f800 Exception <a 'java/lang/ClassCastException'> (0x0000000796953b90) thrown at [/Users/java_re/workspace/8-2-build-macosx-x86_64/jdk8u131/8869/hotspot/src/share/vm/runtime/sharedRuntime.cpp, line 605]
Event: 26928.194 Thread 0x00007f8908a5f800 Implicit null exception at 0x000000010a4b7a3e to 0x000000010a4b85e9

Events (10 events):
Event: 27234.777 Thread 0x00007f8908a5f800 DEOPT PACKING pc=0x0000000109b3d8f8 sp=0x00007000091bb3a0
Event: 27234.777 Thread 0x00007f8908a5f800 DEOPT UNPACKING pc=0x0000000109841229 sp=0x00007000091bb2e0 mode 2
Event: 27235.679 Thread 0x00007f8908a5f800 Uncommon trap: trap_request=0xffffff65 fr.pc=0x0000000109c46970
Event: 27235.679 Thread 0x00007f8908a5f800 DEOPT PACKING pc=0x0000000109c46970 sp=0x00007000091ba3a0
Event: 27235.679 Thread 0x00007f8908a5f800 DEOPT UNPACKING pc=0x0000000109841229 sp=0x00007000091ba220 mode 2
Event: 27512.592 Thread 0x00007f890a103000 Uncommon trap: trap_request=0xffffffde fr.pc=0x000000010a4d84fc
Event: 27512.593 Thread 0x00007f890a103000 DEOPT PACKING pc=0x000000010a4d84fc sp=0x00007ffeea7c53c0
Event: 27512.593 Thread 0x00007f890a103000 DEOPT UNPACKING pc=0x0000000109841229 sp=0x00007ffeea7c5350 mode 2
Event: 27513.951 Executing VM operation: ParallelGCFailedAllocation
Event: 27514.052 Executing VM operation: ParallelGCFailedAllocation done


Dynamic libraries:
0x000000002cd31000 	/System/Library/Frameworks/Cocoa.framework/Versions/A/Cocoa
0x000000002cd31000 	/System/Library/Frameworks/Security.framework/Versions/A/Security
0x000000002cd31000 	/System/Library/Frameworks/ApplicationServices.framework/Versions/A/ApplicationServices
0x000000002cd31000 	/usr/lib/libz.1.dylib
0x000000002cd31000 	/usr/lib/libSystem.B.dylib
0x000000002cd31000 	/usr/lib/libobjc.A.dylib
0x000000002cd31000 	/System/Library/Frameworks/CoreFoundation.framework/Versions/A/CoreFoundation
0x000000002cd31000 	/System/Library/Frameworks/Foundation.framework/Versions/C/Foundation
0x000000002cd31000 	/System/Library/Frameworks/AppKit.framework/Versions/C/AppKit
0x000000002cd31000 	/System/Library/Frameworks/CoreData.framework/Versions/A/CoreData
0x000000002cd31000 	/System/Library/PrivateFrameworks/RemoteViewServices.framework/Versions/A/RemoteViewServices
0x000000002cd31000 	/System/Library/PrivateFrameworks/UIFoundation.framework/Versions/A/UIFoundation
0x000000002cd31000 	/System/Library/PrivateFrameworks/DFRFoundation.framework/Versions/A/DFRFoundation
0x000000002cd31000 	/System/Library/Frameworks/Metal.framework/Versions/A/Metal
0x000000002cd31000 	/System/Library/PrivateFrameworks/DesktopServicesPriv.framework/Versions/A/DesktopServicesPriv
0x000000002cd31000 	/usr/lib/libenergytrace.dylib
0x000000002cd31000 	/System/Library/PrivateFrameworks/SkyLight.framework/Versions/A/SkyLight
0x000000002cd31000 	/System/Library/Frameworks/CoreGraphics.framework/Versions/A/CoreGraphics
0x000000002cd31000 	/usr/lib/libScreenReader.dylib
0x000000002cd31000 	/System/Library/Frameworks/Accelerate.framework/Versions/A/Accelerate
0x000000002cd31000 	/System/Library/Frameworks/IOSurface.framework/Versions/A/IOSurface
0x000000002cd31000 	/System/Library/Frameworks/AudioToolbox.framework/Versions/A/AudioToolbox
0x000000002cd31000 	/System/Library/Frameworks/AudioUnit.framework/Versions/A/AudioUnit
0x000000002cd31000 	/System/Library/PrivateFrameworks/DataDetectorsCore.framework/Versions/A/DataDetectorsCore
0x000000002cd31000 	/System/Library/Frameworks/Carbon.framework/Versions/A/Frameworks/HIToolbox.framework/Versions/A/HIToolbox
0x000000002cd31000 	/usr/lib/libicucore.A.dylib
0x000000002cd31000 	/System/Library/Frameworks/QuartzCore.framework/Versions/A/QuartzCore
0x000000002cd31000 	/System/Library/PrivateFrameworks/SignpostNotification.framework/Versions/A/SignpostNotification
0x000000002cd31000 	/System/Library/Frameworks/Carbon.framework/Versions/A/Frameworks/SpeechRecognition.framework/Versions/A/SpeechRecognition
0x000000002cd31000 	/usr/lib/libauto.dylib
0x000000002cd31000 	/usr/lib/libxml2.2.dylib
0x000000002cd31000 	/System/Library/PrivateFrameworks/CoreUI.framework/Versions/A/CoreUI
0x000000002cd31000 	/System/Library/Frameworks/CoreAudio.framework/Versions/A/CoreAudio
0x000000002cd31000 	/System/Library/Frameworks/DiskArbitration.framework/Versions/A/DiskArbitration
0x000000002cd31000 	/usr/lib/liblangid.dylib
0x000000002cd31000 	/System/Library/PrivateFrameworks/MultitouchSupport.framework/Versions/A/MultitouchSupport
0x000000002cd31000 	/System/Library/Frameworks/IOKit.framework/Versions/A/IOKit
0x000000002cd31000 	/usr/lib/libDiagnosticMessagesClient.dylib
0x000000002cd31000 	/System/Library/Frameworks/CoreServices.framework/Versions/A/CoreServices
0x000000002cd31000 	/System/Library/PrivateFrameworks/PerformanceAnalysis.framework/Versions/A/PerformanceAnalysis
0x000000002cd31000 	/System/Library/Frameworks/OpenGL.framework/Versions/A/OpenGL
0x000000002cd31000 	/System/Library/Frameworks/ColorSync.framework/Versions/A/ColorSync
0x000000002cd31000 	/System/Library/Frameworks/CoreImage.framework/Versions/A/CoreImage
0x000000002cd31000 	/System/Library/Frameworks/CoreText.framework/Versions/A/CoreText
0x000000002cd31000 	/System/Library/Frameworks/ImageIO.framework/Versions/A/ImageIO
0x000000002cd31000 	/System/Library/PrivateFrameworks/Backup.framework/Versions/A/Backup
0x000000002cd31000 	/usr/lib/libarchive.2.dylib
0x000000002cd31000 	/System/Library/Frameworks/CFNetwork.framework/Versions/A/CFNetwork
0x000000002cd31000 	/System/Library/Frameworks/SystemConfiguration.framework/Versions/A/SystemConfiguration
0x000000002cd31000 	/usr/lib/libCRFSuite.dylib
0x000000002cd31000 	/usr/lib/libc++.1.dylib
0x000000002cd31000 	/usr/lib/libc++abi.dylib
0x000000002cd31000 	/usr/lib/system/libcache.dylib
0x000000002cd31000 	/usr/lib/system/libcommonCrypto.dylib
0x000000002cd31000 	/usr/lib/system/libcompiler_rt.dylib
0x000000002cd31000 	/usr/lib/system/libcopyfile.dylib
0x000000002cd31000 	/usr/lib/system/libcorecrypto.dylib
0x000000002cd31000 	/usr/lib/system/libdispatch.dylib
0x000000002cd31000 	/usr/lib/system/libdyld.dylib
0x000000002cd31000 	/usr/lib/system/libkeymgr.dylib
0x000000002cd31000 	/usr/lib/system/liblaunch.dylib
0x000000002cd31000 	/usr/lib/system/libmacho.dylib
0x000000002cd31000 	/usr/lib/system/libquarantine.dylib
0x000000002cd31000 	/usr/lib/system/libremovefile.dylib
0x000000002cd31000 	/usr/lib/system/libsystem_asl.dylib
0x000000002cd31000 	/usr/lib/system/libsystem_blocks.dylib
0x000000002cd31000 	/usr/lib/system/libsystem_c.dylib
0x000000002cd31000 	/usr/lib/system/libsystem_configuration.dylib
0x000000002cd31000 	/usr/lib/system/libsystem_coreservices.dylib
0x000000002cd31000 	/usr/lib/system/libsystem_darwin.dylib
0x000000002cd31000 	/usr/lib/system/libsystem_dnssd.dylib
0x000000002cd31000 	/usr/lib/system/libsystem_info.dylib
0x000000002cd31000 	/usr/lib/system/libsystem_m.dylib
0x000000002cd31000 	/usr/lib/system/libsystem_malloc.dylib
0x000000002cd31000 	/usr/lib/system/libsystem_network.dylib
0x000000002cd31000 	/usr/lib/system/libsystem_networkextension.dylib
0x000000002cd31000 	/usr/lib/system/libsystem_notify.dylib
0x000000002cd31000 	/usr/lib/system/libsystem_sandbox.dylib
0x000000002cd31000 	/usr/lib/system/libsystem_secinit.dylib
0x000000002cd31000 	/usr/lib/system/libsystem_kernel.dylib
0x000000002cd31000 	/usr/lib/system/libsystem_platform.dylib
0x000000002cd31000 	/usr/lib/system/libsystem_pthread.dylib
0x000000002cd31000 	/usr/lib/system/libsystem_symptoms.dylib
0x000000002cd31000 	/usr/lib/system/libsystem_trace.dylib
0x000000002cd31000 	/usr/lib/system/libunwind.dylib
0x000000002cd31000 	/usr/lib/system/libxpc.dylib
0x000000002cd31000 	/usr/lib/closure/libclosured.dylib
0x000000002cd31000 	/usr/lib/libbsm.0.dylib
0x000000002cd31000 	/usr/lib/system/libkxld.dylib
0x000000002cd31000 	/usr/lib/libOpenScriptingUtil.dylib
0x000000002cd31000 	/usr/lib/libcoretls.dylib
0x000000002cd31000 	/usr/lib/libcoretls_cfhelpers.dylib
0x000000002cd31000 	/usr/lib/libpam.2.dylib
0x000000002cd31000 	/usr/lib/libsqlite3.dylib
0x000000002cd31000 	/usr/lib/libxar.1.dylib
0x000000002cd31000 	/usr/lib/libbz2.1.0.dylib
0x000000002cd31000 	/usr/lib/liblzma.5.dylib
0x000000002cd31000 	/usr/lib/libnetwork.dylib
0x000000002cd31000 	/usr/lib/libapple_nghttp2.dylib
0x000000002cd31000 	/usr/lib/libpcap.A.dylib
0x000000002cd31000 	/usr/lib/libboringssl.dylib
0x000000002cd31000 	/usr/lib/libusrtcp.dylib
0x000000002cd31000 	/usr/lib/libapple_crypto.dylib
0x000000002cd31000 	/System/Library/Frameworks/CoreServices.framework/Versions/A/Frameworks/FSEvents.framework/Versions/A/FSEvents
0x000000002cd31000 	/System/Library/Frameworks/CoreServices.framework/Versions/A/Frameworks/CarbonCore.framework/Versions/A/CarbonCore
0x000000002cd31000 	/System/Library/Frameworks/CoreServices.framework/Versions/A/Frameworks/Metadata.framework/Versions/A/Metadata
0x000000002cd31000 	/System/Library/Frameworks/CoreServices.framework/Versions/A/Frameworks/OSServices.framework/Versions/A/OSServices
0x000000002cd31000 	/System/Library/Frameworks/CoreServices.framework/Versions/A/Frameworks/SearchKit.framework/Versions/A/SearchKit
0x000000002cd31000 	/System/Library/Frameworks/CoreServices.framework/Versions/A/Frameworks/AE.framework/Versions/A/AE
0x000000002cd31000 	/System/Library/Frameworks/CoreServices.framework/Versions/A/Frameworks/LaunchServices.framework/Versions/A/LaunchServices
0x000000002cd31000 	/System/Library/Frameworks/CoreServices.framework/Versions/A/Frameworks/DictionaryServices.framework/Versions/A/DictionaryServices
0x000000002cd31000 	/System/Library/Frameworks/CoreServices.framework/Versions/A/Frameworks/SharedFileList.framework/Versions/A/SharedFileList
0x000000002cd31000 	/System/Library/Frameworks/NetFS.framework/Versions/A/NetFS
0x000000002cd31000 	/System/Library/PrivateFrameworks/NetAuth.framework/Versions/A/NetAuth
0x000000002cd31000 	/System/Library/PrivateFrameworks/login.framework/Versions/A/Frameworks/loginsupport.framework/Versions/A/loginsupport
0x000000002cd31000 	/System/Library/PrivateFrameworks/TCC.framework/Versions/A/TCC
0x000000002cd31000 	/usr/lib/libmecabra.dylib
0x000000002cd31000 	/System/Library/Frameworks/ApplicationServices.framework/Versions/A/Frameworks/ATS.framework/Versions/A/ATS
0x000000002cd31000 	/System/Library/Frameworks/ApplicationServices.framework/Versions/A/Frameworks/ColorSyncLegacy.framework/Versions/A/ColorSyncLegacy
0x000000002cd31000 	/System/Library/Frameworks/ApplicationServices.framework/Versions/A/Frameworks/HIServices.framework/Versions/A/HIServices
0x000000002cd31000 	/System/Library/Frameworks/ApplicationServices.framework/Versions/A/Frameworks/LangAnalysis.framework/Versions/A/LangAnalysis
0x000000002cd31000 	/System/Library/Frameworks/ApplicationServices.framework/Versions/A/Frameworks/PrintCore.framework/Versions/A/PrintCore
0x000000002cd31000 	/System/Library/Frameworks/ApplicationServices.framework/Versions/A/Frameworks/QD.framework/Versions/A/QD
0x000000002cd31000 	/System/Library/Frameworks/ApplicationServices.framework/Versions/A/Frameworks/SpeechSynthesis.framework/Versions/A/SpeechSynthesis
0x000000002cd31000 	/System/Library/Frameworks/CoreDisplay.framework/Versions/A/CoreDisplay
0x000000002cd31000 	/System/Library/Frameworks/Accelerate.framework/Versions/A/Frameworks/vImage.framework/Versions/A/vImage
0x000000002cd31000 	/System/Library/Frameworks/Accelerate.framework/Versions/A/Frameworks/vecLib.framework/Versions/A/vecLib
0x000000002cd31000 	/System/Library/Frameworks/Accelerate.framework/Versions/A/Frameworks/vecLib.framework/Versions/A/libvDSP.dylib
0x000000002cd31000 	/System/Library/Frameworks/Accelerate.framework/Versions/A/Frameworks/vecLib.framework/Versions/A/libBNNS.dylib
0x000000002cd31000 	/System/Library/Frameworks/Accelerate.framework/Versions/A/Frameworks/vecLib.framework/Versions/A/libQuadrature.dylib
0x000000002cd31000 	/System/Library/Frameworks/Accelerate.framework/Versions/A/Frameworks/vecLib.framework/Versions/A/libvMisc.dylib
0x000000002cd31000 	/System/Library/Frameworks/Accelerate.framework/Versions/A/Frameworks/vecLib.framework/Versions/A/libLAPACK.dylib
0x000000002cd31000 	/System/Library/Frameworks/Accelerate.framework/Versions/A/Frameworks/vecLib.framework/Versions/A/libBLAS.dylib
0x000000002cd31000 	/System/Library/Frameworks/Accelerate.framework/Versions/A/Frameworks/vecLib.framework/Versions/A/libLinearAlgebra.dylib
0x000000002cd31000 	/System/Library/Frameworks/Accelerate.framework/Versions/A/Frameworks/vecLib.framework/Versions/A/libSparse.dylib
0x000000002cd31000 	/System/Library/Frameworks/Accelerate.framework/Versions/A/Frameworks/vecLib.framework/Versions/A/libSparseBLAS.dylib
0x000000002cd31000 	/System/Library/PrivateFrameworks/GPUWrangler.framework/Versions/A/GPUWrangler
0x000000002cd31000 	/System/Library/PrivateFrameworks/IOAccelerator.framework/Versions/A/IOAccelerator
0x000000002cd31000 	/System/Library/PrivateFrameworks/IOPresentment.framework/Versions/A/IOPresentment
0x000000002cd31000 	/System/Library/PrivateFrameworks/DSExternalDisplay.framework/Versions/A/DSExternalDisplay
0x000000002cd31000 	/System/Library/Frameworks/OpenGL.framework/Versions/A/Libraries/libCoreFSCache.dylib
0x000000002cd31000 	/System/Library/Frameworks/CoreVideo.framework/Versions/A/CoreVideo
0x000000002cd31000 	/System/Library/PrivateFrameworks/GraphVisualizer.framework/Versions/A/GraphVisualizer
0x000000002cd31000 	/System/Library/Frameworks/MetalPerformanceShaders.framework/Versions/A/MetalPerformanceShaders
0x000000002cd31000 	/usr/lib/libFosl_dynamic.dylib
0x000000002cd31000 	/System/Library/PrivateFrameworks/FaceCore.framework/Versions/A/FaceCore
0x000000002cd31000 	/System/Library/Frameworks/OpenCL.framework/Versions/A/OpenCL
0x000000002cd31000 	/usr/lib/libcompression.dylib
0x000000002cd31000 	/System/Library/Frameworks/ApplicationServices.framework/Versions/A/Frameworks/ATS.framework/Versions/A/Resources/libFontParser.dylib
0x000000002cd31000 	/System/Library/Frameworks/ApplicationServices.framework/Versions/A/Frameworks/ATS.framework/Versions/A/Resources/libFontRegistry.dylib
0x000000002cd31000 	/System/Library/Frameworks/ImageIO.framework/Versions/A/Resources/libJPEG.dylib
0x000000002cd31000 	/System/Library/Frameworks/ImageIO.framework/Versions/A/Resources/libTIFF.dylib
0x000000002cd31000 	/System/Library/Frameworks/ImageIO.framework/Versions/A/Resources/libPng.dylib
0x000000002cd31000 	/System/Library/Frameworks/ImageIO.framework/Versions/A/Resources/libGIF.dylib
0x000000002cd31000 	/System/Library/Frameworks/ImageIO.framework/Versions/A/Resources/libJP2.dylib
0x000000002cd31000 	/System/Library/Frameworks/ImageIO.framework/Versions/A/Resources/libRadiance.dylib
0x000000002cd31000 	/System/Library/PrivateFrameworks/AppleJPEG.framework/Versions/A/AppleJPEG
0x000000002cd31000 	/System/Library/Frameworks/MetalPerformanceShaders.framework/Frameworks/MPSCore.framework/Versions/A/MPSCore
0x000000002cd31000 	/System/Library/Frameworks/MetalPerformanceShaders.framework/Frameworks/MPSImage.framework/Versions/A/MPSImage
0x000000002cd31000 	/System/Library/Frameworks/MetalPerformanceShaders.framework/Frameworks/MPSNeuralNetwork.framework/Versions/A/MPSNeuralNetwork
0x000000002cd31000 	/System/Library/Frameworks/MetalPerformanceShaders.framework/Frameworks/MPSMatrix.framework/Versions/A/MPSMatrix
0x000000002cd31000 	/System/Library/PrivateFrameworks/MetalTools.framework/Versions/A/MetalTools
0x000000002cd31000 	/System/Library/Frameworks/OpenGL.framework/Versions/A/Libraries/libGLU.dylib
0x000000002cd31000 	/System/Library/Frameworks/OpenGL.framework/Versions/A/Libraries/libGFXShared.dylib
0x000000002cd31000 	/System/Library/Frameworks/OpenGL.framework/Versions/A/Libraries/libGL.dylib
0x000000002cd31000 	/System/Library/Frameworks/OpenGL.framework/Versions/A/Libraries/libGLImage.dylib
0x000000002cd31000 	/System/Library/Frameworks/OpenGL.framework/Versions/A/Libraries/libCVMSPluginSupport.dylib
0x000000002cd31000 	/System/Library/Frameworks/OpenGL.framework/Versions/A/Libraries/libCoreVMClient.dylib
0x000000002cd31000 	/usr/lib/libcups.2.dylib
0x000000002cd31000 	/System/Library/Frameworks/Kerberos.framework/Versions/A/Kerberos
0x000000002cd31000 	/System/Library/Frameworks/GSS.framework/Versions/A/GSS
0x000000002cd31000 	/usr/lib/libresolv.9.dylib
0x000000002cd31000 	/usr/lib/libiconv.2.dylib
0x000000002cd31000 	/System/Library/PrivateFrameworks/Heimdal.framework/Versions/A/Heimdal
0x000000002cd31000 	/usr/lib/libheimdal-asn1.dylib
0x000000002cd31000 	/System/Library/Frameworks/OpenDirectory.framework/Versions/A/OpenDirectory
0x000000002cd31000 	/System/Library/PrivateFrameworks/CommonAuth.framework/Versions/A/CommonAuth
0x000000002cd31000 	/System/Library/Frameworks/OpenDirectory.framework/Versions/A/Frameworks/CFOpenDirectory.framework/Versions/A/CFOpenDirectory
0x000000002cd31000 	/System/Library/Frameworks/SecurityFoundation.framework/Versions/A/SecurityFoundation
0x000000002cd31000 	/System/Library/PrivateFrameworks/APFS.framework/Versions/A/APFS
0x000000002cd31000 	/usr/lib/libutil.dylib
0x000000002cd31000 	/System/Library/PrivateFrameworks/AppleSauce.framework/Versions/A/AppleSauce
0x000000002cd31000 	/System/Library/PrivateFrameworks/LinguisticData.framework/Versions/A/LinguisticData
0x000000002cd31000 	/usr/lib/libmarisa.dylib
0x000000002cd31000 	/System/Library/PrivateFrameworks/Lexicon.framework/Versions/A/Lexicon
0x000000002cd31000 	/usr/lib/libChineseTokenizer.dylib
0x000000002cd31000 	/usr/lib/libcmph.dylib
0x000000002cd31000 	/System/Library/PrivateFrameworks/LanguageModeling.framework/Versions/A/LanguageModeling
0x000000002cd31000 	/System/Library/PrivateFrameworks/CoreEmoji.framework/Versions/A/CoreEmoji
0x000000002cd31000 	/System/Library/Frameworks/ServiceManagement.framework/Versions/A/ServiceManagement
0x000000002cd31000 	/System/Library/PrivateFrameworks/BackgroundTaskManagement.framework/Versions/A/BackgroundTaskManagement
0x000000002cd31000 	/usr/lib/libxslt.1.dylib
0x000000002cd31000 	/System/Library/Frameworks/Carbon.framework/Versions/A/Frameworks/Ink.framework/Versions/A/Ink
0x000000002cd31000 	/System/Library/PrivateFrameworks/TextureIO.framework/Versions/A/TextureIO
0x000000002cd31000 	/usr/lib/libate.dylib
0x000000002cd31000 	/System/Library/PrivateFrameworks/CrashReporterSupport.framework/Versions/A/CrashReporterSupport
0x000000002cd31000 	/System/Library/PrivateFrameworks/Sharing.framework/Versions/A/Sharing
0x000000002cd31000 	/System/Library/PrivateFrameworks/IconServices.framework/Versions/A/IconServices
0x000000002cd31000 	/System/Library/PrivateFrameworks/AuthKit.framework/Versions/A/AuthKit
0x000000002cd31000 	/System/Library/PrivateFrameworks/Apple80211.framework/Versions/A/Apple80211
0x000000002cd31000 	/System/Library/PrivateFrameworks/CoreUtils.framework/Versions/A/CoreUtils
0x000000002cd31000 	/System/Library/Frameworks/CoreWLAN.framework/Versions/A/CoreWLAN
0x000000002cd31000 	/System/Library/Frameworks/IOBluetooth.framework/Versions/A/IOBluetooth
0x000000002cd31000 	/System/Library/PrivateFrameworks/ProtocolBuffer.framework/Versions/A/ProtocolBuffer
0x000000002cd31000 	/System/Library/PrivateFrameworks/MobileKeyBag.framework/Versions/A/MobileKeyBag
0x000000002cd31000 	/System/Library/PrivateFrameworks/CorePhoneNumbers.framework/Versions/A/CorePhoneNumbers
0x000000002cd31000 	/System/Library/PrivateFrameworks/AppleIDAuthSupport.framework/Versions/A/AppleIDAuthSupport
0x000000002cd31000 	/System/Library/PrivateFrameworks/KeychainCircle.framework/Versions/A/KeychainCircle
0x000000002cd31000 	/System/Library/PrivateFrameworks/CoreWiFi.framework/Versions/A/CoreWiFi
0x000000002cd31000 	/System/Library/Frameworks/CoreBluetooth.framework/Versions/A/CoreBluetooth
0x000000002cd31000 	/System/Library/PrivateFrameworks/DebugSymbols.framework/Versions/A/DebugSymbols
0x000000002cd31000 	/System/Library/PrivateFrameworks/CoreSymbolication.framework/Versions/A/CoreSymbolication
0x000000002cd31000 	/System/Library/PrivateFrameworks/Symbolication.framework/Versions/A/Symbolication
0x000000002cd31000 	/System/Library/PrivateFrameworks/AppleFSCompression.framework/Versions/A/AppleFSCompression
0x000000002cd31000 	/System/Library/PrivateFrameworks/SpeechRecognitionCore.framework/Versions/A/SpeechRecognitionCore
0x0000000105e00000 	/Library/Java/JavaVirtualMachines/jdk1.8.0_131.jdk/Contents/Home/jre/lib/server/libjvm.dylib
0x000000002cd31000 	/usr/lib/libstdc++.6.0.9.dylib
0x000000010546f000 	/Library/Java/JavaVirtualMachines/jdk1.8.0_131.jdk/Contents/Home/jre/lib/libverify.dylib
0x000000010547d000 	/Library/Java/JavaVirtualMachines/jdk1.8.0_131.jdk/Contents/Home/jre/lib/libjava.dylib
0x00000001054fc000 	/Library/Java/JavaVirtualMachines/jdk1.8.0_131.jdk/Contents/Home/jre/lib/libzip.dylib
0x000000002cd31000 	/System/Library/Frameworks/JavaVM.framework/Versions/A/Frameworks/JavaRuntimeSupport.framework/Versions/A/JavaRuntimeSupport
0x000000002cd31000 	/System/Library/Frameworks/JavaVM.framework/Versions/A/Frameworks/JavaNativeFoundation.framework/Versions/A/JavaNativeFoundation
0x000000002cd31000 	/System/Library/Frameworks/JavaVM.framework/Versions/A/JavaVM
0x000000002cd31000 	/System/Library/Frameworks/Carbon.framework/Versions/A/Carbon
0x000000002cd31000 	/System/Library/PrivateFrameworks/JavaLaunching.framework/Versions/A/JavaLaunching
0x000000002cd31000 	/System/Library/Frameworks/Carbon.framework/Versions/A/Frameworks/CommonPanels.framework/Versions/A/CommonPanels
0x000000002cd31000 	/System/Library/Frameworks/Carbon.framework/Versions/A/Frameworks/Help.framework/Versions/A/Help
0x000000002cd31000 	/System/Library/Frameworks/Carbon.framework/Versions/A/Frameworks/ImageCapture.framework/Versions/A/ImageCapture
0x000000002cd31000 	/System/Library/Frameworks/Carbon.framework/Versions/A/Frameworks/OpenScripting.framework/Versions/A/OpenScripting
0x000000002cd31000 	/System/Library/Frameworks/Carbon.framework/Versions/A/Frameworks/Print.framework/Versions/A/Print
0x000000002cd31000 	/System/Library/Frameworks/Carbon.framework/Versions/A/Frameworks/SecurityHI.framework/Versions/A/SecurityHI
0x000000010978c000 	/private/var/folders/yk/sp2zrqzn0f351lh1kb94p0wm0000gr/T/liblz4-java2696198373138437572.dylib
0x000000011e240000 	/Library/Java/JavaVirtualMachines/jdk1.8.0_131.jdk/Contents/Home/jre/lib/libnet.dylib
0x000000011e29f000 	/Library/Java/JavaVirtualMachines/jdk1.8.0_131.jdk/Contents/Home/jre/lib/libnio.dylib
0x000000011e3d2000 	/Library/Java/JavaVirtualMachines/jdk1.8.0_131.jdk/Contents/Home/jre/lib/libawt.dylib
0x000000011e47a000 	/Library/Java/JavaVirtualMachines/jdk1.8.0_131.jdk/Contents/Home/jre/lib/./libmlib_image.dylib
0x000000011e546000 	/Library/Java/JavaVirtualMachines/jdk1.8.0_131.jdk/Contents/Home/jre/lib/libawt_lwawt.dylib
0x000000011e5fd000 	/Library/Java/JavaVirtualMachines/jdk1.8.0_131.jdk/Contents/Home/jre/lib/./libosxapp.dylib
0x000000002cd31000 	/System/Library/Frameworks/ExceptionHandling.framework/Versions/A/ExceptionHandling
0x000000002cd31000 	/System/Library/PrivateFrameworks/CoreServicesInternal.framework/Versions/A/CoreServicesInternal
0x000000002cd31000 	/System/Library/CoreServices/RawCamera.bundle/Contents/MacOS/RawCamera
0x000000002cd31000 	/System/Library/PrivateFrameworks/MobileAsset.framework/Versions/A/MobileAsset
0x000000002cd31000 	/System/Library/PrivateFrameworks/StreamingZip.framework/Versions/A/StreamingZip
0x000000002cd31000 	/System/Library/Frameworks/MediaToolbox.framework/Versions/A/MediaToolbox
0x000000002cd31000 	/System/Library/PrivateFrameworks/CoreAVCHD.framework/Versions/A/CoreAVCHD
0x000000002cd31000 	/System/Library/Frameworks/MediaAccessibility.framework/Versions/A/MediaAccessibility
0x000000002cd31000 	/System/Library/PrivateFrameworks/Mangrove.framework/Versions/A/Mangrove
0x000000002cd31000 	/System/Library/Frameworks/CoreMedia.framework/Versions/A/CoreMedia
0x000000002cd31000 	/System/Library/Frameworks/VideoToolbox.framework/Versions/A/VideoToolbox
0x000000002cd31000 	/System/Library/PrivateFrameworks/CoreAUC.framework/Versions/A/CoreAUC
0x000000002cd31000 	/usr/lib/libspindump.dylib
0x000000002cd31000 	/System/Library/PrivateFrameworks/AppleVA.framework/Versions/A/AppleVA
0x000000002cd31000 	/System/Library/Frameworks/Accelerate.framework/Versions/A/Frameworks/vImage.framework/Versions/A/Libraries/libCGInterfaces.dylib
0x000000002cd31000 	/System/Library/Frameworks/ApplicationServices.framework/Versions/A/Frameworks/ATS.framework/Versions/A/Resources/libTrueTypeScaler.dylib
0x000000002cd31000 	/System/Library/Extensions/AppleIntelSKLGraphicsMTLDriver.bundle/Contents/MacOS/AppleIntelSKLGraphicsMTLDriver
0x000000002cd31000 	/System/Library/PrivateFrameworks/GPUCompiler.framework/Versions/3802/Libraries/libmetal_timestamp.dylib
0x000000002cd31000 	/System/Library/PrivateFrameworks/FamilyControls.framework/Versions/A/FamilyControls
0x000000002cd31000 	/System/Library/PrivateFrameworks/CommerceKit.framework/Versions/A/Frameworks/CommerceCore.framework/Versions/A/CommerceCore
0x000000002cd31000 	/System/Library/PrivateFrameworks/SystemAdministration.framework/Versions/A/SystemAdministration
0x000000002cd31000 	/System/Library/PrivateFrameworks/AppContainer.framework/Versions/A/AppContainer
0x000000002cd31000 	/System/Library/PrivateFrameworks/SecCodeWrapper.framework/Versions/A/SecCodeWrapper
0x000000002cd31000 	/System/Library/PrivateFrameworks/DiskManagement.framework/Versions/A/DiskManagement
0x000000002cd31000 	/System/Library/Frameworks/DirectoryService.framework/Versions/A/DirectoryService
0x000000002cd31000 	/System/Library/PrivateFrameworks/DiskImages.framework/Versions/A/DiskImages
0x000000002cd31000 	/System/Library/PrivateFrameworks/LoginUIKit.framework/Versions/A/Frameworks/LoginUICore.framework/Versions/A/LoginUICore
0x000000002cd31000 	/usr/lib/libCoreStorage.dylib
0x000000002cd31000 	/usr/lib/libcsfde.dylib
0x000000002cd31000 	/usr/lib/libodfde.dylib
0x000000002cd31000 	/System/Library/PrivateFrameworks/MediaKit.framework/Versions/A/MediaKit
0x000000002cd31000 	/System/Library/Frameworks/DiscRecording.framework/Versions/A/DiscRecording
0x000000002cd31000 	/System/Library/PrivateFrameworks/EFILogin.framework/Versions/A/EFILogin
0x000000002cd31000 	/System/Library/PrivateFrameworks/ProtectedCloudStorage.framework/Versions/A/ProtectedCloudStorage
0x000000002cd31000 	/usr/lib/libcurl.4.dylib
0x000000002cd31000 	/usr/lib/libcrypto.35.dylib
0x000000002cd31000 	/usr/lib/libssl.35.dylib
0x000000002cd31000 	/System/Library/Frameworks/LDAP.framework/Versions/A/LDAP
0x000000002cd31000 	/System/Library/PrivateFrameworks/TrustEvaluationAgent.framework/Versions/A/TrustEvaluationAgent
0x000000002cd31000 	/usr/lib/libsasl2.2.dylib
0x000000002cd31000 	/System/Library/PrivateFrameworks/CoreDaemon.framework/Versions/B/CoreDaemon
0x000000002cd31000 	/System/Library/PrivateFrameworks/AppleSRP.framework/Versions/A/AppleSRP
0x0000000121106000 	/Library/Java/JavaVirtualMachines/jdk1.8.0_131.jdk/Contents/Home/jre/lib/libfontmanager.dylib
0x000000012042a000 	/Library/Java/JavaVirtualMachines/jdk1.8.0_131.jdk/Contents/Home/jre/lib/libosxui.dylib
0x000000002cd31000 	/System/Library/Frameworks/OpenGL.framework/Versions/A/Resources/GLEngine.bundle/GLEngine
0x000000002cd31000 	/System/Library/Frameworks/OpenGL.framework/Versions/A/Libraries/libGLProgrammability.dylib
0x0000000121d15000 	/System/Library/Extensions/AppleIntelSKLGraphicsGLDriver.bundle/Contents/MacOS/AppleIntelSKLGraphicsGLDriver
0x000000002cd31000 	/System/Library/PrivateFrameworks/GPUSupport.framework/Versions/A/Libraries/libGPUSupportMercury.dylib
0x000000002cd31000 	/System/Library/Frameworks/OpenGL.framework/Versions/A/Resources/GLRendererFloat.bundle/GLRendererFloat
0x000000002cd31000 	/System/Library/Frameworks/OpenCL.framework/Versions/A/Libraries/libcldcpuengine.dylib
0x000000016733d000 	/Library/Java/JavaVirtualMachines/jdk1.8.0_131.jdk/Contents/Home/jre/lib/libdcpr.dylib
0x000000002cd31000 	/System/Library/PrivateFrameworks/ViewBridge.framework/Versions/A/ViewBridge
0x000000002cd31000 	/System/Library/PrivateFrameworks/CloudDocs.framework/Versions/A/CloudDocs
0x000000002cd31000 	/System/Library/PrivateFrameworks/FileProvider.framework/Versions/A/FileProvider
0x000000002cd31000 	/System/Library/PrivateFrameworks/SpotlightIndex.framework/Versions/A/SpotlightIndex
0x000000002cd31000 	/System/Library/PrivateFrameworks/SymptomDiagnosticReporter.framework/Versions/A/SymptomDiagnosticReporter
0x000000002cd31000 	/System/Library/PrivateFrameworks/GenerationalStorage.framework/Versions/A/GenerationalStorage
0x000000002cd31000 	/System/Library/PrivateFrameworks/ChunkingLibrary.framework/Versions/A/ChunkingLibrary
0x000000002cd31000 	/System/Library/PrivateFrameworks/CoreNLP.framework/Versions/A/CoreNLP
0x000000002cd31000 	/usr/lib/libmecab.1.0.0.dylib
0x000000002cd31000 	/usr/lib/libgermantok.dylib
0x000000002cd31000 	/usr/lib/libThaiTokenizer.dylib
0x000000002cd31000 	/System/Library/PrivateFrameworks/login.framework/Versions/A/login

VM Arguments:
jvm_args: -Dfile.encoding=UTF-8 
java_command: analyser.Analyser
java_class_path (initial): /Users/gchristi/Documents/workspace/Clas12/Analyse/FirstAnalysis/bin:/Users/gchristi/Documents/workspace/Clas12/Analyse/AnalysisTools/bin:/Applications/Eclipse.app/Contents/Eclipse/plugins/org.junit_4.12.0.v201504281640/junit.jar:/Applications/Eclipse.app/Contents/Eclipse/plugins/org.hamcrest.core_1.3.0.v201303031735.jar:/Users/gchristi/Documents/workspace/Clas12/Decoder/CoatjavaExpertDecoder/coatjava/lib/clas/coat-libs-5.1-SNAPSHOT.jar:/Users/gchristi/Documents/workspace/Clas12/Coatjava/clas12-offline-software/coatjava/lib/clas/coat-libs-5.0-SNAPSHOT.jar
Launcher Type: SUN_STANDARD

Environment Variables:
PATH=/usr/bin:/bin:/usr/sbin:/sbin
SHELL=/bin/zsh
DISPLAY=/private/tmp/com.apple.launchd.OUDCqfTjFM/org.macosforge.xquartz:0

Signal Handlers:
SIGSEGV: [libjvm.dylib+0x5b1eb1], sa_mask[0]=11111111011111110111111111111111, sa_flags=SA_ONSTACK|SA_RESTART|SA_SIGINFO
SIGBUS: [libjvm.dylib+0x5b1eb1], sa_mask[0]=11111111011111110111111111111111, sa_flags=SA_RESTART|SA_SIGINFO
SIGFPE: [libjvm.dylib+0x488988], sa_mask[0]=11111111011111110111111111111111, sa_flags=SA_RESTART|SA_SIGINFO
SIGPIPE: [libjvm.dylib+0x488988], sa_mask[0]=11111111011111110111111111111111, sa_flags=SA_RESTART|SA_SIGINFO
SIGXFSZ: [libjvm.dylib+0x488988], sa_mask[0]=11111111011111110111111111111111, sa_flags=SA_RESTART|SA_SIGINFO
SIGILL: [libjvm.dylib+0x488988], sa_mask[0]=11111111011111110111111111111111, sa_flags=SA_RESTART|SA_SIGINFO
SIGUSR1: SIG_DFL, sa_mask[0]=00000000000000000000000000000000, sa_flags=none
SIGUSR2: [libjvm.dylib+0x4884a6], sa_mask[0]=00100000000000000000000000000000, sa_flags=SA_RESTART|SA_SIGINFO
SIGHUP: [libjvm.dylib+0x486a7d], sa_mask[0]=11111111011111110111111111111111, sa_flags=SA_RESTART|SA_SIGINFO
SIGINT: [libjvm.dylib+0x486a7d], sa_mask[0]=11111111011111110111111111111111, sa_flags=SA_RESTART|SA_SIGINFO
SIGTERM: [libjvm.dylib+0x486a7d], sa_mask[0]=11111111011111110111111111111111, sa_flags=SA_RESTART|SA_SIGINFO
SIGQUIT: [libjvm.dylib+0x486a7d], sa_mask[0]=11111111011111110111111111111111, sa_flags=SA_RESTART|SA_SIGINFO


---------------  S Y S T E M  ---------------

OS:Bsduname:Darwin 17.7.0 Darwin Kernel Version 17.7.0: Thu Jun 21 22:53:14 PDT 2018; root:xnu-4570.71.2~1/RELEASE_X86_64 x86_64
rlimit: STACK 8192k, CORE 0k, NPROC 709, NOFILE 10240, AS infinity
load average:7.38 13.74 10.58

CPU:total 4 (initial active 4) (2 cores per cpu, 2 threads per core) family 6 model 78 stepping 3, cmov, cx8, fxsr, mmx, sse, sse2, sse3, ssse3, sse4.1, sse4.2, popcnt, avx, avx2, aes, clmul, erms, rtm, 3dnowpref, lzcnt, ht, tsc, tscinvbit, bmi1, bmi2, adx

Memory: 4k page, physical 8388608k(262156k free)

/proc/meminfo:


vm_info: Java HotSpot(TM) 64-Bit Server VM (25.131-b11) for bsd-amd64 JRE (1.8.0_131-b11), built on Mar 15 2017 01:32:22 by "java_re" with gcc 4.2.1 (Based on Apple Inc. build 5658) (LLVM build 2336.11.00)

time: Fri Jul 20 09:36:04 2018
elapsed time: 27514 seconds (0d 7h 38m 34s)

