#
# A fatal error has been detected by the Java Runtime Environment:
#
#  SIGSEGV (0xb) at pc=0x00000001224623bf, pid=41490, tid=0x0000000000014e7f
#
# JRE version: Java(TM) SE Runtime Environment (8.0_131-b11) (build 1.8.0_131-b11)
# Java VM: Java HotSpot(TM) 64-Bit Server VM (25.131-b11 mixed mode bsd-amd64 compressed oops)
# Problematic frame:
# C  [libawt_lwawt.dylib+0x1c3bf]  OGLSD_SetScratchSurface+0x49
#
# Failed to write core dump. Core dumps have been disabled. To enable core dumping, try "ulimit -c unlimited" before starting Java again
#
# If you would like to submit a bug report, please visit:
#   http://bugreport.java.com/bugreport/crash.jsp
# The crash happened outside the Java Virtual Machine in native code.
# See problematic frame for where to report the bug.
#

---------------  T H R E A D  ---------------

Current thread (0x00007fb2dc977000):  JavaThread "Java2D Queue Flusher" daemon [_thread_in_native, id=85631, stack(0x000070000546b000,0x000070000556b000)]

siginfo: si_signo: 11 (SIGSEGV), si_code: 1 (SEGV_MAPERR), si_addr: 0x0000000000000002

Registers:
RAX=0x00000000ffffffff, RBX=0x0000000000000002, RCX=0x0000000000000047, RDX=0x0000000122483258
RSP=0x000070000556a7b0, RBP=0x000070000556a7d0, RSI=0x00007fb2e04407d0, RDI=0x00007fb2dc9771f8
R8 =0x00007fb2daf70f48, R9 =0xffffffff00000000, R10=0x000000010f813438, R11=0x00000000e8015b64
R12=0x0000000000000000, R13=0x000070000556a8e0, R14=0x00007fb2dc9771f8, R15=0x00007fb2dc977000
RIP=0x00000001224623bf, EFLAGS=0x0000000000010202, ERR=0x0000000000000004
  TRAPNO=0x000000000000000e

Top of Stack: (sp=0x000070000556a7b0)
0x000070000556a7b0:   00007fb2e04407d0 0000000000000000
0x000070000556a7c0:   00007fb2db27b610 00007fb2dc977000
0x000070000556a7d0:   000070000556a850 0000000122482d36
0x000070000556a7e0:   0000000000000064 0000000000000000
0x000070000556a7f0:   0000000000000064 00007fb2daf70ca8
0x000070000556a800:   000070000556a860 0000000109f50094
0x000070000556a810:   00007fb200000005 00007fb2db27b620
0x000070000556a820:   0000000000000001 00007fb2dc9771f8
0x000070000556a830:   000000010c114f50 0000000000000000
0x000070000556a840:   000070000556a960 00007fb2dc977000
0x000070000556a850:   000070000556a8a0 000000010f8134aa
0x000070000556a860:   00000007400adb08 000000010f751f28
0x000070000556a870:   00000007400adb90 000000010f7725e6
0x000070000556a880:   00000007400adb90 00000007bbb43318
0x000070000556a890:   000070000556a890 000000013281978f
0x000070000556a8a0:   00000007400adb08 000000010f93a870
0x000070000556a8b0:   000070000556a938 000000010f28b2bd
0x000070000556a8c0:   000070000556a938 000000010f28b2bd
0x000070000556a8d0:   0000000000000064 000000010f28b2bd
0x000070000556a8e0:   00000007400adb08 0000000000000001
0x000070000556a8f0:   00000007400adb90 000070000556a8e8
0x000070000556a900:   000000010c118779 000070000556a960
0x000070000556a910:   000000010c118ad0 0000000132780ee8
0x000070000556a920:   000000010c118880 000070000556a8e0
0x000070000556a930:   000070000556a960 000070000556a9d0
0x000070000556a940:   000000010f2837a7 0000000000000000
0x000070000556a950:   0000000000000000 deaddeaf00000000
0x000070000556a960:   00000007400adb90 000000074114db90
0x000070000556a970:   0000700000001fa0 000000000000000a
0x000070000556a980:   00007fb2dc977000 0000000000000001
0x000070000556a990:   000000010f28371f 000000010c118880
0x000070000556a9a0:   000070000556aa68 000070000556ad00 

Instructions: (pc=0x00000001224623bf)
0x000000012246239f:   c0 e9 82 00 00 00 48 8b 5e 10 48 85 db 75 0e bf
0x00000001224623af:   01 00 00 00 48 8d 15 07 7c 03 00 eb d6 49 89 fe
0x00000001224623bf:   4c 8b 3b 30 c0 e8 c1 a6 02 00 49 8b 3f 49 89 c4
0x00000001224623cf:   48 8b 35 4a 03 06 00 30 c0 e8 0f a8 02 00 48 85 

Register to memory mapping:

RAX=0x00000000ffffffff is an unknown value
RBX=0x0000000000000002 is an unknown value
RCX=0x0000000000000047 is an unknown value
RDX=0x0000000122483258: Java_sun_java2d_opengl_OGLRenderQueue_flushBuffer+0xb5c in /Library/Java/JavaVirtualMachines/jdk1.8.0_131.jdk/Contents/Home/jre/lib/libawt_lwawt.dylib at 0x0000000122446000
RSP=0x000070000556a7b0 is pointing into the stack for thread: 0x00007fb2dc977000
RBP=0x000070000556a7d0 is pointing into the stack for thread: 0x00007fb2dc977000
RSI=0x00007fb2e04407d0 is an unknown value
RDI=0x00007fb2dc9771f8 is an unknown value
R8 =0x00007fb2daf70f48 is an unknown value
R9 =0xffffffff00000000 is an unknown value
R10=0x000000010f813438 is at entry_point+56 in (nmethod*)0x000000010f813290
R11=0x00000000e8015b64 is an unknown value
R12=0x0000000000000000 is an unknown value
R13=0x000070000556a8e0 is pointing into the stack for thread: 0x00007fb2dc977000
R14=0x00007fb2dc9771f8 is an unknown value
R15=0x00007fb2dc977000 is a thread


Stack: [0x000070000546b000,0x000070000556b000],  sp=0x000070000556a7b0,  free space=1021k
Native frames: (J=compiled Java code, j=interpreted, Vv=VM code, C=native code)
C  [libawt_lwawt.dylib+0x1c3bf]  OGLSD_SetScratchSurface+0x49
C  [libawt_lwawt.dylib+0x3cd36]  Java_sun_java2d_opengl_OGLRenderQueue_flushBuffer+0x63a
J 1751  sun.java2d.opengl.OGLRenderQueue.flushBuffer(JI)V (0 bytes) @ 0x000000010f8134aa [0x000000010f813400+0xaa]
J 3637 C2 sun.java2d.opengl.OGLRenderQueue.access$100(Lsun/java2d/opengl/OGLRenderQueue;)V (5 bytes) @ 0x000000010f93a870 [0x000000010f93a840+0x30]
j  sun.java2d.opengl.OGLRenderQueue$QueueFlusher.run()V+81
v  ~StubRoutines::call_stub
V  [libjvm.dylib+0x2ee5b6]
V  [libjvm.dylib+0x2eed5a]
V  [libjvm.dylib+0x2eef06]
V  [libjvm.dylib+0x34965d]
V  [libjvm.dylib+0x56b87f]
V  [libjvm.dylib+0x56cf6c]
V  [libjvm.dylib+0x48b376]
C  [libsystem_pthread.dylib+0x3661]  _pthread_body+0x154
C  [libsystem_pthread.dylib+0x350d]  _pthread_body+0x0
C  [libsystem_pthread.dylib+0x2bf9]  thread_start+0xd
C  0x0000000000000000

Java frames: (J=compiled Java code, j=interpreted, Vv=VM code)
J 1751  sun.java2d.opengl.OGLRenderQueue.flushBuffer(JI)V (0 bytes) @ 0x000000010f813438 [0x000000010f813400+0x38]
J 3637 C2 sun.java2d.opengl.OGLRenderQueue.access$100(Lsun/java2d/opengl/OGLRenderQueue;)V (5 bytes) @ 0x000000010f93a870 [0x000000010f93a840+0x30]
j  sun.java2d.opengl.OGLRenderQueue$QueueFlusher.run()V+81
v  ~StubRoutines::call_stub

---------------  P R O C E S S  ---------------

Java Threads: ( => current thread )
  0x00007fb2dc006800 JavaThread "DestroyJavaVM" [_thread_blocked, id=6403, stack(0x00007000043b5000,0x00007000044b5000)]
  0x00007fb2dbda2800 JavaThread "TimerQueue" daemon [_thread_blocked, id=73823, stack(0x00007000057f7000,0x00007000058f7000)]
  0x00007fb2dc964800 JavaThread "AWT-EventQueue-0" [_thread_in_Java, id=52547, stack(0x00007000056f4000,0x00007000057f4000)]
  0x00007fb2db252800 JavaThread "Java2D Disposer" daemon [_thread_blocked, id=50963, stack(0x000070000556e000,0x000070000566e000)]
=>0x00007fb2dc977000 JavaThread "Java2D Queue Flusher" daemon [_thread_in_native, id=85631, stack(0x000070000546b000,0x000070000556b000)]
  0x00007fb2db96d800 JavaThread "AWT-Shutdown" [_thread_blocked, id=39723, stack(0x00007000051df000,0x00007000052df000)]
  0x00007fb2db805000 JavaThread "AppKit Thread" daemon [_thread_blocked, id=775, stack(0x00007ffee60df000,0x00007ffee68df000)]
  0x00007fb2dc024800 JavaThread "Service Thread" daemon [_thread_blocked, id=14595, stack(0x0000700004fd9000,0x00007000050d9000)]
  0x00007fb2db886000 JavaThread "C1 CompilerThread2" daemon [_thread_blocked, id=17923, stack(0x0000700004ed6000,0x0000700004fd6000)]
  0x00007fb2db025800 JavaThread "C2 CompilerThread1" daemon [_thread_blocked, id=14083, stack(0x0000700004dd3000,0x0000700004ed3000)]
  0x00007fb2db83e800 JavaThread "C2 CompilerThread0" daemon [_thread_blocked, id=13827, stack(0x0000700004cd0000,0x0000700004dd0000)]
  0x00007fb2db812800 JavaThread "Signal Dispatcher" daemon [_thread_blocked, id=13319, stack(0x0000700004bcd000,0x0000700004ccd000)]
  0x00007fb2dc803800 JavaThread "Finalizer" daemon [_thread_blocked, id=11779, stack(0x0000700004aca000,0x0000700004bca000)]
  0x00007fb2db82f800 JavaThread "Reference Handler" daemon [_thread_blocked, id=11523, stack(0x00007000049c7000,0x0000700004ac7000)]

Other Threads:
  0x00007fb2dc801000 VMThread [stack: 0x00007000048c4000,0x00007000049c4000] [id=20739]
  0x00007fb2dc805800 WatcherThread [stack: 0x00007000050dc000,0x00007000051dc000] [id=17411]

VM state:not at safepoint (normal execution)

VM Mutex/Monitor currently owned by a thread: None

Heap:
 PSYoungGen      total 409088K, used 22295K [0x0000000795580000, 0x00000007bcd00000, 0x00000007c0000000)
  eden space 395776K, 2% used [0x0000000795580000,0x0000000795e484a0,0x00000007ad800000)
  from space 13312K, 99% used [0x00000007bbb00000,0x00000007bc7fda38,0x00000007bc800000)
  to   space 5120K, 0% used [0x00000007bc800000,0x00000007bc800000,0x00000007bcd00000)
 ParOldGen       total 163328K, used 98232K [0x0000000740000000, 0x0000000749f80000, 0x0000000795580000)
  object space 163328K, 60% used [0x0000000740000000,0x0000000745fee2a8,0x0000000749f80000)
 Metaspace       used 19674K, capacity 20246K, committed 20352K, reserved 1067008K
  class space    used 2303K, capacity 2412K, committed 2432K, reserved 1048576K

Card table byte_map: [0x000000010af63000,0x000000010b364000] byte_map_base: 0x0000000107563000

Marking Bits: (ParMarkBitMap*) 0x000000010a4f1ea0
 Begin Bits: [0x000000011e283000, 0x0000000120283000)
 End Bits:   [0x0000000120283000, 0x0000000122283000)

Polling page: 0x000000010939d000

CodeCache: size=245760Kb used=17133Kb max_used=17133Kb free=228626Kb
 bounds [0x000000010f283000, 0x0000000110363000, 0x000000011e283000]
 total_blobs=5190 nmethods=4549 adapters=552
 compilation: enabled

Compilation events (10 events):
Event: 31731.387 Thread 0x00007fb2db886000 6131       3       sun.java2d.opengl.CGLLayer$$Lambda$21/1443899240::run (9 bytes)
Event: 31731.387 Thread 0x00007fb2db886000 nmethod 6131 0x000000011033f010 code [0x000000011033f180, 0x000000011033f368]
Event: 31731.387 Thread 0x00007fb2db886000 6132       3       sun.java2d.opengl.CGLLayer::lambda$validate$0 (6 bytes)
Event: 31731.387 Thread 0x00007fb2db886000 nmethod 6132 0x000000011033ec90 code [0x000000011033ee00, 0x000000011033ef68]
Event: 31731.408 Thread 0x00007fb2db886000 6134   !   3       sun.dc.DuctusRenderingEngine::getAATileGenerator (1189 bytes)
Event: 31731.423 Thread 0x00007fb2db886000 nmethod 6134 0x0000000110345710 code [0x0000000110345fa0, 0x000000011034ade8]
Event: 31731.620 Thread 0x00007fb2db886000 6135   !   3       sun.java2d.opengl.OGLSurfaceData::dispose (68 bytes)
Event: 31731.628 Thread 0x00007fb2db886000 nmethod 6135 0x000000011034e690 code [0x000000011034ec40, 0x0000000110352d58]
Event: 31731.641 Thread 0x00007fb2db886000 6136   !   3       sun.java2d.Disposer::clearDeferredRecords (70 bytes)
Event: 31731.644 Thread 0x00007fb2db886000 nmethod 6136 0x00000001103560d0 code [0x0000000110356300, 0x0000000110356e38]

GC Heap History (10 events):
Event: 5100.343 GC heap before
{Heap before GC invocations=372 (full 5):
 PSYoungGen      total 492544K, used 492085K [0x0000000795580000, 0x00000007be580000, 0x00000007c0000000)
  eden space 483840K, 100% used [0x0000000795580000,0x00000007b2e00000,0x00000007b2e00000)
  from space 8704K, 94% used [0x00000007bdd00000,0x00000007be50d638,0x00000007be580000)
  to   space 11264K, 0% used [0x00000007bcf80000,0x00000007bcf80000,0x00000007bda80000)
 ParOldGen       total 163328K, used 53014K [0x0000000740000000, 0x0000000749f80000, 0x0000000795580000)
  object space 163328K, 32% used [0x0000000740000000,0x00000007433c5988,0x0000000749f80000)
 Metaspace       used 19290K, capacity 19772K, committed 19840K, reserved 1067008K
  class space    used 2294K, capacity 2411K, committed 2432K, reserved 1048576K
Event: 5100.372 GC heap after
Heap after GC invocations=372 (full 5):
 PSYoungGen      total 473088K, used 8405K [0x0000000795580000, 0x00000007bdd80000, 0x00000007c0000000)
  eden space 464384K, 0% used [0x0000000795580000,0x0000000795580000,0x00000007b1b00000)
  from space 8704K, 96% used [0x00000007bcf80000,0x00000007bd7b5638,0x00000007bd800000)
  to   space 5632K, 0% used [0x00000007bd800000,0x00000007bd800000,0x00000007bdd80000)
 ParOldGen       total 163328K, used 62529K [0x0000000740000000, 0x0000000749f80000, 0x0000000795580000)
  object space 163328K, 38% used [0x0000000740000000,0x0000000743d105f8,0x0000000749f80000)
 Metaspace       used 19290K, capacity 19772K, committed 19840K, reserved 1067008K
  class space    used 2294K, capacity 2411K, committed 2432K, reserved 1048576K
}
Event: 5891.048 GC heap before
{Heap before GC invocations=373 (full 5):
 PSYoungGen      total 473088K, used 472789K [0x0000000795580000, 0x00000007bdd80000, 0x00000007c0000000)
  eden space 464384K, 100% used [0x0000000795580000,0x00000007b1b00000,0x00000007b1b00000)
  from space 8704K, 96% used [0x00000007bcf80000,0x00000007bd7b5638,0x00000007bd800000)
  to   space 5632K, 0% used [0x00000007bd800000,0x00000007bd800000,0x00000007bdd80000)
 ParOldGen       total 163328K, used 62529K [0x0000000740000000, 0x0000000749f80000, 0x0000000795580000)
  object space 163328K, 38% used [0x0000000740000000,0x0000000743d105f8,0x0000000749f80000)
 Metaspace       used 19322K, capacity 19836K, committed 20096K, reserved 1067008K
  class space    used 2294K, capacity 2411K, committed 2432K, reserved 1048576K
Event: 5891.086 GC heap after
Heap after GC invocations=373 (full 5):
 PSYoungGen      total 451584K, used 5621K [0x0000000795580000, 0x00000007bdd80000, 0x00000007c0000000)
  eden space 445952K, 0% used [0x0000000795580000,0x0000000795580000,0x00000007b0900000)
  from space 5632K, 99% used [0x00000007bd800000,0x00000007bdd7d638,0x00000007bdd80000)
  to   space 12800K, 0% used [0x00000007bc480000,0x00000007bc480000,0x00000007bd100000)
 ParOldGen       total 163328K, used 65633K [0x0000000740000000, 0x0000000749f80000, 0x0000000795580000)
  object space 163328K, 40% used [0x0000000740000000,0x00000007440185d8,0x0000000749f80000)
 Metaspace       used 19322K, capacity 19836K, committed 20096K, reserved 1067008K
  class space    used 2294K, capacity 2411K, committed 2432K, reserved 1048576K
}
Event: 8966.512 GC heap before
{Heap before GC invocations=374 (full 5):
 PSYoungGen      total 451584K, used 451573K [0x0000000795580000, 0x00000007bdd80000, 0x00000007c0000000)
  eden space 445952K, 100% used [0x0000000795580000,0x00000007b0900000,0x00000007b0900000)
  from space 5632K, 99% used [0x00000007bd800000,0x00000007bdd7d638,0x00000007bdd80000)
  to   space 12800K, 0% used [0x00000007bc480000,0x00000007bc480000,0x00000007bd100000)
 ParOldGen       total 163328K, used 65633K [0x0000000740000000, 0x0000000749f80000, 0x0000000795580000)
  object space 163328K, 40% used [0x0000000740000000,0x00000007440185d8,0x0000000749f80000)
 Metaspace       used 19334K, capacity 19844K, committed 20096K, reserved 1067008K
  class space    used 2294K, capacity 2411K, committed 2432K, reserved 1048576K
Event: 8966.534 GC heap after
Heap after GC invocations=374 (full 5):
 PSYoungGen      total 430592K, used 1824K [0x0000000795580000, 0x00000007bd880000, 0x00000007c0000000)
  eden space 428544K, 0% used [0x0000000795580000,0x0000000795580000,0x00000007af800000)
  from space 2048K, 89% used [0x00000007bc480000,0x00000007bc648000,0x00000007bc680000)
  to   space 12288K, 0% used [0x00000007bcc80000,0x00000007bcc80000,0x00000007bd880000)
 ParOldGen       total 163328K, used 65633K [0x0000000740000000, 0x0000000749f80000, 0x0000000795580000)
  object space 163328K, 40% used [0x0000000740000000,0x00000007440185d8,0x0000000749f80000)
 Metaspace       used 19334K, capacity 19844K, committed 20096K, reserved 1067008K
  class space    used 2294K, capacity 2411K, committed 2432K, reserved 1048576K
}
Event: 14427.739 GC heap before
{Heap before GC invocations=375 (full 5):
 PSYoungGen      total 430592K, used 430368K [0x0000000795580000, 0x00000007bd880000, 0x00000007c0000000)
  eden space 428544K, 100% used [0x0000000795580000,0x00000007af800000,0x00000007af800000)
  from space 2048K, 89% used [0x00000007bc480000,0x00000007bc648000,0x00000007bc680000)
  to   space 12288K, 0% used [0x00000007bcc80000,0x00000007bcc80000,0x00000007bd880000)
 ParOldGen       total 163328K, used 65633K [0x0000000740000000, 0x0000000749f80000, 0x0000000795580000)
  object space 163328K, 40% used [0x0000000740000000,0x00000007440185d8,0x0000000749f80000)
 Metaspace       used 19609K, capacity 20174K, committed 20352K, reserved 1067008K
  class space    used 2297K, capacity 2412K, committed 2432K, reserved 1048576K
Event: 14427.776 GC heap after
Heap after GC invocations=375 (full 5):
 PSYoungGen      total 420352K, used 8661K [0x0000000795580000, 0x00000007bd500000, 0x00000007c0000000)
  eden space 411648K, 0% used [0x0000000795580000,0x0000000795580000,0x00000007ae780000)
  from space 8704K, 99% used [0x00000007bcc80000,0x00000007bd4f5638,0x00000007bd500000)
  to   space 13312K, 0% used [0x00000007bbb00000,0x00000007bbb00000,0x00000007bc800000)
 ParOldGen       total 163328K, used 65641K [0x0000000740000000, 0x0000000749f80000, 0x0000000795580000)
  object space 163328K, 40% used [0x0000000740000000,0x000000074401a5d8,0x0000000749f80000)
 Metaspace       used 19609K, capacity 20174K, committed 20352K, reserved 1067008K
  class space    used 2297K, capacity 2412K, committed 2432K, reserved 1048576K
}
Event: 31731.465 GC heap before
{Heap before GC invocations=376 (full 5):
 PSYoungGen      total 420352K, used 420309K [0x0000000795580000, 0x00000007bd500000, 0x00000007c0000000)
  eden space 411648K, 100% used [0x0000000795580000,0x00000007ae780000,0x00000007ae780000)
  from space 8704K, 99% used [0x00000007bcc80000,0x00000007bd4f5638,0x00000007bd500000)
  to   space 13312K, 0% used [0x00000007bbb00000,0x00000007bbb00000,0x00000007bc800000)
 ParOldGen       total 163328K, used 65641K [0x0000000740000000, 0x0000000749f80000, 0x0000000795580000)
  object space 163328K, 40% used [0x0000000740000000,0x000000074401a5d8,0x0000000749f80000)
 Metaspace       used 19669K, capacity 20246K, committed 20352K, reserved 1067008K
  class space    used 2302K, capacity 2412K, committed 2432K, reserved 1048576K
Event: 31731.604 GC heap after
Heap after GC invocations=376 (full 5):
 PSYoungGen      total 409088K, used 13302K [0x0000000795580000, 0x00000007bcd00000, 0x00000007c0000000)
  eden space 395776K, 0% used [0x0000000795580000,0x0000000795580000,0x00000007ad800000)
  from space 13312K, 99% used [0x00000007bbb00000,0x00000007bc7fda38,0x00000007bc800000)
  to   space 5120K, 0% used [0x00000007bc800000,0x00000007bc800000,0x00000007bcd00000)
 ParOldGen       total 163328K, used 98232K [0x0000000740000000, 0x0000000749f80000, 0x0000000795580000)
  object space 163328K, 60% used [0x0000000740000000,0x0000000745fee2a8,0x0000000749f80000)
 Metaspace       used 19669K, capacity 20246K, committed 20352K, reserved 1067008K
  class space    used 2302K, capacity 2412K, committed 2432K, reserved 1048576K
}

Deoptimization events (10 events):
Event: 31536.465 Thread 0x00007fb2dc964800 Uncommon trap: reason=unstable_if action=reinterpret pc=0x000000010fd8091c method=sun.font.GlyphList.dispose()V @ 11
Event: 31536.465 Thread 0x00007fb2dc964800 Uncommon trap: reason=unstable_if action=reinterpret pc=0x0000000110306b6c method=sun.font.GlyphList.dispose()V @ 11
Event: 31536.734 Thread 0x00007fb2dc964800 Uncommon trap: reason=unstable_if action=reinterpret pc=0x000000010f5fef78 method=java.util.HashMap$HashIterator.<init>(Ljava/util/HashMap;)V @ 45
Event: 31727.020 Thread 0x00007fb2dc977000 Uncommon trap: reason=class_check action=maybe_recompile pc=0x000000010fa2006c method=sun.java2d.opengl.OGLRenderQueue$QueueFlusher.run()V @ 95
Event: 31728.170 Thread 0x00007fb2dc964800 Uncommon trap: reason=unstable_if action=reinterpret pc=0x0000000110062354 method=sun.awt.image.ImageCache.setImage(Lsun/awt/image/ImageCache$PixelsKey;Ljava/awt/Image;)V @ 197
Event: 31730.568 Thread 0x00007fb2dc964800 Uncommon trap: reason=unstable_if action=reinterpret pc=0x00000001102a5620 method=sun.dc.DuctusRenderingEngine.getAATileGenerator(Ljava/awt/Shape;Ljava/awt/geom/AffineTransform;Lsun/java2d/pipe/Region;Ljava/awt/BasicStroke;ZZ[I)Lsun/java2d/pipe/AATileGene
Event: 31730.569 Thread 0x00007fb2dc964800 Uncommon trap: reason=unstable_if action=reinterpret pc=0x00000001102b5e24 method=sun.java2d.pipe.AAShapePipe.renderPath(Lsun/java2d/SunGraphics2D;Ljava/awt/Shape;Ljava/awt/BasicStroke;)V @ 69
Event: 31730.571 Thread 0x00007fb2dc964800 Uncommon trap: reason=unstable_if action=reinterpret pc=0x00000001102bca18 method=sun.java2d.pipe.AAShapePipe.renderPath(Lsun/java2d/SunGraphics2D;Ljava/awt/Shape;Ljava/awt/BasicStroke;)V @ 69
Event: 31731.609 Thread 0x00007fb2dc977000 Uncommon trap: reason=class_check action=maybe_recompile pc=0x000000010fa2006c method=sun.java2d.opengl.OGLRenderQueue$QueueFlusher.run()V @ 95
Event: 31731.610 Thread 0x00007fb2db252800 Uncommon trap: reason=unstable_if action=reinterpret pc=0x000000011012a598 method=sun.java2d.Disposer.clearDeferredRecords()V @ 3

Internal exceptions (10 events):
Event: 14427.776 Thread 0x00007fb2dc803800 Exception <a 'java/lang/NullPointerException'> (0x0000000795e49378) thrown at [/Users/java_re/workspace/8-2-build-macosx-x86_64/jdk8u131/8869/hotspot/src/share/vm/interpreter/linkResolver.cpp, line 1197]
Event: 14427.776 Thread 0x00007fb2dc803800 Exception <a 'java/lang/NullPointerException'> (0x0000000795e49580) thrown at [/Users/java_re/workspace/8-2-build-macosx-x86_64/jdk8u131/8869/hotspot/src/share/vm/interpreter/linkResolver.cpp, line 1197]
Event: 14427.776 Thread 0x00007fb2dc803800 Exception <a 'java/lang/NullPointerException'> (0x0000000795e49788) thrown at [/Users/java_re/workspace/8-2-build-macosx-x86_64/jdk8u131/8869/hotspot/src/share/vm/interpreter/linkResolver.cpp, line 1197]
Event: 14427.776 Thread 0x00007fb2dc803800 Exception <a 'java/lang/NullPointerException'> (0x0000000795e49990) thrown at [/Users/java_re/workspace/8-2-build-macosx-x86_64/jdk8u131/8869/hotspot/src/share/vm/interpreter/linkResolver.cpp, line 1197]
Event: 14427.776 Thread 0x00007fb2dc803800 Exception <a 'java/lang/NullPointerException'> (0x0000000795e49b98) thrown at [/Users/java_re/workspace/8-2-build-macosx-x86_64/jdk8u131/8869/hotspot/src/share/vm/interpreter/linkResolver.cpp, line 1197]
Event: 14427.777 Thread 0x00007fb2dc803800 Exception <a 'java/lang/NullPointerException'> (0x0000000795e49da0) thrown at [/Users/java_re/workspace/8-2-build-macosx-x86_64/jdk8u131/8869/hotspot/src/share/vm/interpreter/linkResolver.cpp, line 1197]
Event: 14427.777 Thread 0x00007fb2dc803800 Exception <a 'java/lang/NullPointerException'> (0x0000000795e49fa8) thrown at [/Users/java_re/workspace/8-2-build-macosx-x86_64/jdk8u131/8869/hotspot/src/share/vm/interpreter/linkResolver.cpp, line 1197]
Event: 31524.465 Thread 0x00007fb2db805000 Implicit null exception at 0x000000010fdeb581 to 0x000000010fdee2f5
Event: 31536.397 Thread 0x00007fb2dc964800 Implicit null exception at 0x000000010f5c1ffe to 0x000000010f5c2bd5
Event: 31728.167 Thread 0x00007fb2dc964800 Implicit null exception at 0x000000011006090e to 0x0000000110062325

Events (10 events):
Event: 31731.609 loading class sun/font/StrikeCache$2 done
Event: 31731.609 Thread 0x00007fb2dc977000 Uncommon trap: trap_request=0xffffffde fr.pc=0x000000010fa2006c
Event: 31731.609 Thread 0x00007fb2dc977000 DEOPT PACKING pc=0x000000010fa2006c sp=0x000070000556a910
Event: 31731.609 Thread 0x00007fb2dc977000 DEOPT UNPACKING pc=0x000000010f288229 sp=0x000070000556a8d0 mode 2
Event: 31731.610 Executing VM operation: RevokeBias
Event: 31731.610 Executing VM operation: RevokeBias done
Event: 31731.610 Thread 0x00007fb2db252800 Uncommon trap: trap_request=0xffffff65 fr.pc=0x000000011012a598
Event: 31731.610 Thread 0x00007fb2db252800 DEOPT PACKING pc=0x000000011012a598 sp=0x000070000566d880
Event: 31731.610 Thread 0x00007fb2db252800 DEOPT UNPACKING pc=0x000000010f288229 sp=0x000070000566d828 mode 2
Event: 31731.639 Thread 0x00007fb2db886000 flushing nmethod 0x000000010f3d92d0


Dynamic libraries:
0x000000002cd31000 	/System/Library/Frameworks/Cocoa.framework/Versions/A/Cocoa
0x000000002cd31000 	/System/Library/Frameworks/Security.framework/Versions/A/Security
0x000000002cd31000 	/System/Library/Frameworks/ApplicationServices.framework/Versions/A/ApplicationServices
0x000000002cd31000 	/usr/lib/libz.1.dylib
0x000000002cd31000 	/usr/lib/libSystem.B.dylib
0x000000002cd31000 	/usr/lib/libobjc.A.dylib
0x000000002cd31000 	/System/Library/Frameworks/CoreFoundation.framework/Versions/A/CoreFoundation
0x000000002cd31000 	/System/Library/Frameworks/Foundation.framework/Versions/C/Foundation
0x000000002cd31000 	/System/Library/Frameworks/AppKit.framework/Versions/C/AppKit
0x000000002cd31000 	/System/Library/Frameworks/CoreData.framework/Versions/A/CoreData
0x000000002cd31000 	/System/Library/PrivateFrameworks/RemoteViewServices.framework/Versions/A/RemoteViewServices
0x000000002cd31000 	/System/Library/PrivateFrameworks/UIFoundation.framework/Versions/A/UIFoundation
0x000000002cd31000 	/System/Library/PrivateFrameworks/DFRFoundation.framework/Versions/A/DFRFoundation
0x000000002cd31000 	/System/Library/Frameworks/Metal.framework/Versions/A/Metal
0x000000002cd31000 	/System/Library/PrivateFrameworks/DesktopServicesPriv.framework/Versions/A/DesktopServicesPriv
0x000000002cd31000 	/usr/lib/libenergytrace.dylib
0x000000002cd31000 	/System/Library/PrivateFrameworks/SkyLight.framework/Versions/A/SkyLight
0x000000002cd31000 	/System/Library/Frameworks/CoreGraphics.framework/Versions/A/CoreGraphics
0x000000002cd31000 	/usr/lib/libScreenReader.dylib
0x000000002cd31000 	/System/Library/Frameworks/Accelerate.framework/Versions/A/Accelerate
0x000000002cd31000 	/System/Library/Frameworks/IOSurface.framework/Versions/A/IOSurface
0x000000002cd31000 	/System/Library/Frameworks/AudioToolbox.framework/Versions/A/AudioToolbox
0x000000002cd31000 	/System/Library/Frameworks/AudioUnit.framework/Versions/A/AudioUnit
0x000000002cd31000 	/System/Library/PrivateFrameworks/DataDetectorsCore.framework/Versions/A/DataDetectorsCore
0x000000002cd31000 	/System/Library/Frameworks/Carbon.framework/Versions/A/Frameworks/HIToolbox.framework/Versions/A/HIToolbox
0x000000002cd31000 	/usr/lib/libicucore.A.dylib
0x000000002cd31000 	/System/Library/Frameworks/QuartzCore.framework/Versions/A/QuartzCore
0x000000002cd31000 	/System/Library/PrivateFrameworks/SignpostNotification.framework/Versions/A/SignpostNotification
0x000000002cd31000 	/System/Library/Frameworks/Carbon.framework/Versions/A/Frameworks/SpeechRecognition.framework/Versions/A/SpeechRecognition
0x000000002cd31000 	/usr/lib/libauto.dylib
0x000000002cd31000 	/usr/lib/libxml2.2.dylib
0x000000002cd31000 	/System/Library/PrivateFrameworks/CoreUI.framework/Versions/A/CoreUI
0x000000002cd31000 	/System/Library/Frameworks/CoreAudio.framework/Versions/A/CoreAudio
0x000000002cd31000 	/System/Library/Frameworks/DiskArbitration.framework/Versions/A/DiskArbitration
0x000000002cd31000 	/usr/lib/liblangid.dylib
0x000000002cd31000 	/System/Library/PrivateFrameworks/MultitouchSupport.framework/Versions/A/MultitouchSupport
0x000000002cd31000 	/System/Library/Frameworks/IOKit.framework/Versions/A/IOKit
0x000000002cd31000 	/usr/lib/libDiagnosticMessagesClient.dylib
0x000000002cd31000 	/System/Library/Frameworks/CoreServices.framework/Versions/A/CoreServices
0x000000002cd31000 	/System/Library/PrivateFrameworks/PerformanceAnalysis.framework/Versions/A/PerformanceAnalysis
0x000000002cd31000 	/System/Library/Frameworks/OpenGL.framework/Versions/A/OpenGL
0x000000002cd31000 	/System/Library/Frameworks/ColorSync.framework/Versions/A/ColorSync
0x000000002cd31000 	/System/Library/Frameworks/CoreImage.framework/Versions/A/CoreImage
0x000000002cd31000 	/System/Library/Frameworks/CoreText.framework/Versions/A/CoreText
0x000000002cd31000 	/System/Library/Frameworks/ImageIO.framework/Versions/A/ImageIO
0x000000002cd31000 	/System/Library/PrivateFrameworks/Backup.framework/Versions/A/Backup
0x000000002cd31000 	/usr/lib/libarchive.2.dylib
0x000000002cd31000 	/System/Library/Frameworks/CFNetwork.framework/Versions/A/CFNetwork
0x000000002cd31000 	/System/Library/Frameworks/SystemConfiguration.framework/Versions/A/SystemConfiguration
0x000000002cd31000 	/usr/lib/libCRFSuite.dylib
0x000000002cd31000 	/usr/lib/libc++.1.dylib
0x000000002cd31000 	/usr/lib/libc++abi.dylib
0x000000002cd31000 	/usr/lib/system/libcache.dylib
0x000000002cd31000 	/usr/lib/system/libcommonCrypto.dylib
0x000000002cd31000 	/usr/lib/system/libcompiler_rt.dylib
0x000000002cd31000 	/usr/lib/system/libcopyfile.dylib
0x000000002cd31000 	/usr/lib/system/libcorecrypto.dylib
0x000000002cd31000 	/usr/lib/system/libdispatch.dylib
0x000000002cd31000 	/usr/lib/system/libdyld.dylib
0x000000002cd31000 	/usr/lib/system/libkeymgr.dylib
0x000000002cd31000 	/usr/lib/system/liblaunch.dylib
0x000000002cd31000 	/usr/lib/system/libmacho.dylib
0x000000002cd31000 	/usr/lib/system/libquarantine.dylib
0x000000002cd31000 	/usr/lib/system/libremovefile.dylib
0x000000002cd31000 	/usr/lib/system/libsystem_asl.dylib
0x000000002cd31000 	/usr/lib/system/libsystem_blocks.dylib
0x000000002cd31000 	/usr/lib/system/libsystem_c.dylib
0x000000002cd31000 	/usr/lib/system/libsystem_configuration.dylib
0x000000002cd31000 	/usr/lib/system/libsystem_coreservices.dylib
0x000000002cd31000 	/usr/lib/system/libsystem_darwin.dylib
0x000000002cd31000 	/usr/lib/system/libsystem_dnssd.dylib
0x000000002cd31000 	/usr/lib/system/libsystem_info.dylib
0x000000002cd31000 	/usr/lib/system/libsystem_m.dylib
0x000000002cd31000 	/usr/lib/system/libsystem_malloc.dylib
0x000000002cd31000 	/usr/lib/system/libsystem_network.dylib
0x000000002cd31000 	/usr/lib/system/libsystem_networkextension.dylib
0x000000002cd31000 	/usr/lib/system/libsystem_notify.dylib
0x000000002cd31000 	/usr/lib/system/libsystem_sandbox.dylib
0x000000002cd31000 	/usr/lib/system/libsystem_secinit.dylib
0x000000002cd31000 	/usr/lib/system/libsystem_kernel.dylib
0x000000002cd31000 	/usr/lib/system/libsystem_platform.dylib
0x000000002cd31000 	/usr/lib/system/libsystem_pthread.dylib
0x000000002cd31000 	/usr/lib/system/libsystem_symptoms.dylib
0x000000002cd31000 	/usr/lib/system/libsystem_trace.dylib
0x000000002cd31000 	/usr/lib/system/libunwind.dylib
0x000000002cd31000 	/usr/lib/system/libxpc.dylib
0x000000002cd31000 	/usr/lib/closure/libclosured.dylib
0x000000002cd31000 	/usr/lib/libbsm.0.dylib
0x000000002cd31000 	/usr/lib/system/libkxld.dylib
0x000000002cd31000 	/usr/lib/libOpenScriptingUtil.dylib
0x000000002cd31000 	/usr/lib/libcoretls.dylib
0x000000002cd31000 	/usr/lib/libcoretls_cfhelpers.dylib
0x000000002cd31000 	/usr/lib/libpam.2.dylib
0x000000002cd31000 	/usr/lib/libsqlite3.dylib
0x000000002cd31000 	/usr/lib/libxar.1.dylib
0x000000002cd31000 	/usr/lib/libbz2.1.0.dylib
0x000000002cd31000 	/usr/lib/liblzma.5.dylib
0x000000002cd31000 	/usr/lib/libnetwork.dylib
0x000000002cd31000 	/usr/lib/libapple_nghttp2.dylib
0x000000002cd31000 	/usr/lib/libpcap.A.dylib
0x000000002cd31000 	/usr/lib/libboringssl.dylib
0x000000002cd31000 	/usr/lib/libusrtcp.dylib
0x000000002cd31000 	/usr/lib/libapple_crypto.dylib
0x000000002cd31000 	/System/Library/Frameworks/CoreServices.framework/Versions/A/Frameworks/FSEvents.framework/Versions/A/FSEvents
0x000000002cd31000 	/System/Library/Frameworks/CoreServices.framework/Versions/A/Frameworks/CarbonCore.framework/Versions/A/CarbonCore
0x000000002cd31000 	/System/Library/Frameworks/CoreServices.framework/Versions/A/Frameworks/Metadata.framework/Versions/A/Metadata
0x000000002cd31000 	/System/Library/Frameworks/CoreServices.framework/Versions/A/Frameworks/OSServices.framework/Versions/A/OSServices
0x000000002cd31000 	/System/Library/Frameworks/CoreServices.framework/Versions/A/Frameworks/SearchKit.framework/Versions/A/SearchKit
0x000000002cd31000 	/System/Library/Frameworks/CoreServices.framework/Versions/A/Frameworks/AE.framework/Versions/A/AE
0x000000002cd31000 	/System/Library/Frameworks/CoreServices.framework/Versions/A/Frameworks/LaunchServices.framework/Versions/A/LaunchServices
0x000000002cd31000 	/System/Library/Frameworks/CoreServices.framework/Versions/A/Frameworks/DictionaryServices.framework/Versions/A/DictionaryServices
0x000000002cd31000 	/System/Library/Frameworks/CoreServices.framework/Versions/A/Frameworks/SharedFileList.framework/Versions/A/SharedFileList
0x000000002cd31000 	/System/Library/Frameworks/NetFS.framework/Versions/A/NetFS
0x000000002cd31000 	/System/Library/PrivateFrameworks/NetAuth.framework/Versions/A/NetAuth
0x000000002cd31000 	/System/Library/PrivateFrameworks/login.framework/Versions/A/Frameworks/loginsupport.framework/Versions/A/loginsupport
0x000000002cd31000 	/System/Library/PrivateFrameworks/TCC.framework/Versions/A/TCC
0x000000002cd31000 	/usr/lib/libmecabra.dylib
0x000000002cd31000 	/System/Library/Frameworks/ApplicationServices.framework/Versions/A/Frameworks/ATS.framework/Versions/A/ATS
0x000000002cd31000 	/System/Library/Frameworks/ApplicationServices.framework/Versions/A/Frameworks/ColorSyncLegacy.framework/Versions/A/ColorSyncLegacy
0x000000002cd31000 	/System/Library/Frameworks/ApplicationServices.framework/Versions/A/Frameworks/HIServices.framework/Versions/A/HIServices
0x000000002cd31000 	/System/Library/Frameworks/ApplicationServices.framework/Versions/A/Frameworks/LangAnalysis.framework/Versions/A/LangAnalysis
0x000000002cd31000 	/System/Library/Frameworks/ApplicationServices.framework/Versions/A/Frameworks/PrintCore.framework/Versions/A/PrintCore
0x000000002cd31000 	/System/Library/Frameworks/ApplicationServices.framework/Versions/A/Frameworks/QD.framework/Versions/A/QD
0x000000002cd31000 	/System/Library/Frameworks/ApplicationServices.framework/Versions/A/Frameworks/SpeechSynthesis.framework/Versions/A/SpeechSynthesis
0x000000002cd31000 	/System/Library/Frameworks/CoreDisplay.framework/Versions/A/CoreDisplay
0x000000002cd31000 	/System/Library/Frameworks/Accelerate.framework/Versions/A/Frameworks/vImage.framework/Versions/A/vImage
0x000000002cd31000 	/System/Library/Frameworks/Accelerate.framework/Versions/A/Frameworks/vecLib.framework/Versions/A/vecLib
0x000000002cd31000 	/System/Library/Frameworks/Accelerate.framework/Versions/A/Frameworks/vecLib.framework/Versions/A/libvDSP.dylib
0x000000002cd31000 	/System/Library/Frameworks/Accelerate.framework/Versions/A/Frameworks/vecLib.framework/Versions/A/libBNNS.dylib
0x000000002cd31000 	/System/Library/Frameworks/Accelerate.framework/Versions/A/Frameworks/vecLib.framework/Versions/A/libQuadrature.dylib
0x000000002cd31000 	/System/Library/Frameworks/Accelerate.framework/Versions/A/Frameworks/vecLib.framework/Versions/A/libvMisc.dylib
0x000000002cd31000 	/System/Library/Frameworks/Accelerate.framework/Versions/A/Frameworks/vecLib.framework/Versions/A/libLAPACK.dylib
0x000000002cd31000 	/System/Library/Frameworks/Accelerate.framework/Versions/A/Frameworks/vecLib.framework/Versions/A/libBLAS.dylib
0x000000002cd31000 	/System/Library/Frameworks/Accelerate.framework/Versions/A/Frameworks/vecLib.framework/Versions/A/libLinearAlgebra.dylib
0x000000002cd31000 	/System/Library/Frameworks/Accelerate.framework/Versions/A/Frameworks/vecLib.framework/Versions/A/libSparse.dylib
0x000000002cd31000 	/System/Library/Frameworks/Accelerate.framework/Versions/A/Frameworks/vecLib.framework/Versions/A/libSparseBLAS.dylib
0x000000002cd31000 	/System/Library/PrivateFrameworks/GPUWrangler.framework/Versions/A/GPUWrangler
0x000000002cd31000 	/System/Library/PrivateFrameworks/IOAccelerator.framework/Versions/A/IOAccelerator
0x000000002cd31000 	/System/Library/PrivateFrameworks/IOPresentment.framework/Versions/A/IOPresentment
0x000000002cd31000 	/System/Library/PrivateFrameworks/DSExternalDisplay.framework/Versions/A/DSExternalDisplay
0x000000002cd31000 	/System/Library/Frameworks/OpenGL.framework/Versions/A/Libraries/libCoreFSCache.dylib
0x000000002cd31000 	/System/Library/Frameworks/CoreVideo.framework/Versions/A/CoreVideo
0x000000002cd31000 	/System/Library/PrivateFrameworks/GraphVisualizer.framework/Versions/A/GraphVisualizer
0x000000002cd31000 	/System/Library/Frameworks/MetalPerformanceShaders.framework/Versions/A/MetalPerformanceShaders
0x000000002cd31000 	/usr/lib/libFosl_dynamic.dylib
0x000000002cd31000 	/System/Library/PrivateFrameworks/FaceCore.framework/Versions/A/FaceCore
0x000000002cd31000 	/System/Library/Frameworks/OpenCL.framework/Versions/A/OpenCL
0x000000002cd31000 	/usr/lib/libcompression.dylib
0x000000002cd31000 	/System/Library/Frameworks/ApplicationServices.framework/Versions/A/Frameworks/ATS.framework/Versions/A/Resources/libFontParser.dylib
0x000000002cd31000 	/System/Library/Frameworks/ApplicationServices.framework/Versions/A/Frameworks/ATS.framework/Versions/A/Resources/libFontRegistry.dylib
0x000000002cd31000 	/System/Library/Frameworks/ImageIO.framework/Versions/A/Resources/libJPEG.dylib
0x000000002cd31000 	/System/Library/Frameworks/ImageIO.framework/Versions/A/Resources/libTIFF.dylib
0x000000002cd31000 	/System/Library/Frameworks/ImageIO.framework/Versions/A/Resources/libPng.dylib
0x000000002cd31000 	/System/Library/Frameworks/ImageIO.framework/Versions/A/Resources/libGIF.dylib
0x000000002cd31000 	/System/Library/Frameworks/ImageIO.framework/Versions/A/Resources/libJP2.dylib
0x000000002cd31000 	/System/Library/Frameworks/ImageIO.framework/Versions/A/Resources/libRadiance.dylib
0x000000002cd31000 	/System/Library/PrivateFrameworks/AppleJPEG.framework/Versions/A/AppleJPEG
0x000000002cd31000 	/System/Library/Frameworks/MetalPerformanceShaders.framework/Frameworks/MPSCore.framework/Versions/A/MPSCore
0x000000002cd31000 	/System/Library/Frameworks/MetalPerformanceShaders.framework/Frameworks/MPSImage.framework/Versions/A/MPSImage
0x000000002cd31000 	/System/Library/Frameworks/MetalPerformanceShaders.framework/Frameworks/MPSNeuralNetwork.framework/Versions/A/MPSNeuralNetwork
0x000000002cd31000 	/System/Library/Frameworks/MetalPerformanceShaders.framework/Frameworks/MPSMatrix.framework/Versions/A/MPSMatrix
0x000000002cd31000 	/System/Library/PrivateFrameworks/MetalTools.framework/Versions/A/MetalTools
0x000000002cd31000 	/System/Library/Frameworks/OpenGL.framework/Versions/A/Libraries/libGLU.dylib
0x000000002cd31000 	/System/Library/Frameworks/OpenGL.framework/Versions/A/Libraries/libGFXShared.dylib
0x000000002cd31000 	/System/Library/Frameworks/OpenGL.framework/Versions/A/Libraries/libGL.dylib
0x000000002cd31000 	/System/Library/Frameworks/OpenGL.framework/Versions/A/Libraries/libGLImage.dylib
0x000000002cd31000 	/System/Library/Frameworks/OpenGL.framework/Versions/A/Libraries/libCVMSPluginSupport.dylib
0x000000002cd31000 	/System/Library/Frameworks/OpenGL.framework/Versions/A/Libraries/libCoreVMClient.dylib
0x000000002cd31000 	/usr/lib/libcups.2.dylib
0x000000002cd31000 	/System/Library/Frameworks/Kerberos.framework/Versions/A/Kerberos
0x000000002cd31000 	/System/Library/Frameworks/GSS.framework/Versions/A/GSS
0x000000002cd31000 	/usr/lib/libresolv.9.dylib
0x000000002cd31000 	/usr/lib/libiconv.2.dylib
0x000000002cd31000 	/System/Library/PrivateFrameworks/Heimdal.framework/Versions/A/Heimdal
0x000000002cd31000 	/usr/lib/libheimdal-asn1.dylib
0x000000002cd31000 	/System/Library/Frameworks/OpenDirectory.framework/Versions/A/OpenDirectory
0x000000002cd31000 	/System/Library/PrivateFrameworks/CommonAuth.framework/Versions/A/CommonAuth
0x000000002cd31000 	/System/Library/Frameworks/OpenDirectory.framework/Versions/A/Frameworks/CFOpenDirectory.framework/Versions/A/CFOpenDirectory
0x000000002cd31000 	/System/Library/Frameworks/SecurityFoundation.framework/Versions/A/SecurityFoundation
0x000000002cd31000 	/System/Library/PrivateFrameworks/APFS.framework/Versions/A/APFS
0x000000002cd31000 	/usr/lib/libutil.dylib
0x000000002cd31000 	/System/Library/PrivateFrameworks/AppleSauce.framework/Versions/A/AppleSauce
0x000000002cd31000 	/System/Library/PrivateFrameworks/LinguisticData.framework/Versions/A/LinguisticData
0x000000002cd31000 	/usr/lib/libmarisa.dylib
0x000000002cd31000 	/System/Library/PrivateFrameworks/Lexicon.framework/Versions/A/Lexicon
0x000000002cd31000 	/usr/lib/libChineseTokenizer.dylib
0x000000002cd31000 	/usr/lib/libcmph.dylib
0x000000002cd31000 	/System/Library/PrivateFrameworks/LanguageModeling.framework/Versions/A/LanguageModeling
0x000000002cd31000 	/System/Library/PrivateFrameworks/CoreEmoji.framework/Versions/A/CoreEmoji
0x000000002cd31000 	/System/Library/Frameworks/ServiceManagement.framework/Versions/A/ServiceManagement
0x000000002cd31000 	/System/Library/PrivateFrameworks/BackgroundTaskManagement.framework/Versions/A/BackgroundTaskManagement
0x000000002cd31000 	/usr/lib/libxslt.1.dylib
0x000000002cd31000 	/System/Library/Frameworks/Carbon.framework/Versions/A/Frameworks/Ink.framework/Versions/A/Ink
0x000000002cd31000 	/System/Library/PrivateFrameworks/TextureIO.framework/Versions/A/TextureIO
0x000000002cd31000 	/usr/lib/libate.dylib
0x000000002cd31000 	/System/Library/PrivateFrameworks/CrashReporterSupport.framework/Versions/A/CrashReporterSupport
0x000000002cd31000 	/System/Library/PrivateFrameworks/Sharing.framework/Versions/A/Sharing
0x000000002cd31000 	/System/Library/PrivateFrameworks/IconServices.framework/Versions/A/IconServices
0x000000002cd31000 	/System/Library/PrivateFrameworks/AuthKit.framework/Versions/A/AuthKit
0x000000002cd31000 	/System/Library/PrivateFrameworks/Apple80211.framework/Versions/A/Apple80211
0x000000002cd31000 	/System/Library/PrivateFrameworks/CoreUtils.framework/Versions/A/CoreUtils
0x000000002cd31000 	/System/Library/Frameworks/CoreWLAN.framework/Versions/A/CoreWLAN
0x000000002cd31000 	/System/Library/Frameworks/IOBluetooth.framework/Versions/A/IOBluetooth
0x000000002cd31000 	/System/Library/PrivateFrameworks/ProtocolBuffer.framework/Versions/A/ProtocolBuffer
0x000000002cd31000 	/System/Library/PrivateFrameworks/MobileKeyBag.framework/Versions/A/MobileKeyBag
0x000000002cd31000 	/System/Library/PrivateFrameworks/CorePhoneNumbers.framework/Versions/A/CorePhoneNumbers
0x000000002cd31000 	/System/Library/PrivateFrameworks/AppleIDAuthSupport.framework/Versions/A/AppleIDAuthSupport
0x000000002cd31000 	/System/Library/PrivateFrameworks/KeychainCircle.framework/Versions/A/KeychainCircle
0x000000002cd31000 	/System/Library/PrivateFrameworks/CoreWiFi.framework/Versions/A/CoreWiFi
0x000000002cd31000 	/System/Library/Frameworks/CoreBluetooth.framework/Versions/A/CoreBluetooth
0x000000002cd31000 	/System/Library/PrivateFrameworks/DebugSymbols.framework/Versions/A/DebugSymbols
0x000000002cd31000 	/System/Library/PrivateFrameworks/CoreSymbolication.framework/Versions/A/CoreSymbolication
0x000000002cd31000 	/System/Library/PrivateFrameworks/Symbolication.framework/Versions/A/Symbolication
0x000000002cd31000 	/System/Library/PrivateFrameworks/AppleFSCompression.framework/Versions/A/AppleFSCompression
0x000000002cd31000 	/System/Library/PrivateFrameworks/SpeechRecognitionCore.framework/Versions/A/SpeechRecognitionCore
0x0000000109c00000 	/Library/Java/JavaVirtualMachines/jdk1.8.0_131.jdk/Contents/Home/jre/lib/server/libjvm.dylib
0x000000002cd31000 	/usr/lib/libstdc++.6.0.9.dylib
0x000000010935a000 	/Library/Java/JavaVirtualMachines/jdk1.8.0_131.jdk/Contents/Home/jre/lib/libverify.dylib
0x0000000109368000 	/Library/Java/JavaVirtualMachines/jdk1.8.0_131.jdk/Contents/Home/jre/lib/libjava.dylib
0x00000001093e7000 	/Library/Java/JavaVirtualMachines/jdk1.8.0_131.jdk/Contents/Home/jre/lib/libzip.dylib
0x000000002cd31000 	/System/Library/Frameworks/JavaVM.framework/Versions/A/Frameworks/JavaRuntimeSupport.framework/Versions/A/JavaRuntimeSupport
0x000000002cd31000 	/System/Library/Frameworks/JavaVM.framework/Versions/A/Frameworks/JavaNativeFoundation.framework/Versions/A/JavaNativeFoundation
0x000000002cd31000 	/System/Library/Frameworks/JavaVM.framework/Versions/A/JavaVM
0x000000002cd31000 	/System/Library/Frameworks/Carbon.framework/Versions/A/Carbon
0x000000002cd31000 	/System/Library/PrivateFrameworks/JavaLaunching.framework/Versions/A/JavaLaunching
0x000000002cd31000 	/System/Library/Frameworks/Carbon.framework/Versions/A/Frameworks/CommonPanels.framework/Versions/A/CommonPanels
0x000000002cd31000 	/System/Library/Frameworks/Carbon.framework/Versions/A/Frameworks/Help.framework/Versions/A/Help
0x000000002cd31000 	/System/Library/Frameworks/Carbon.framework/Versions/A/Frameworks/ImageCapture.framework/Versions/A/ImageCapture
0x000000002cd31000 	/System/Library/Frameworks/Carbon.framework/Versions/A/Frameworks/OpenScripting.framework/Versions/A/OpenScripting
0x000000002cd31000 	/System/Library/Frameworks/Carbon.framework/Versions/A/Frameworks/Print.framework/Versions/A/Print
0x000000002cd31000 	/System/Library/Frameworks/Carbon.framework/Versions/A/Frameworks/SecurityHI.framework/Versions/A/SecurityHI
0x000000010f03a000 	/private/var/folders/yk/sp2zrqzn0f351lh1kb94p0wm0000gr/T/liblz4-java5356773882434812621.dylib
0x000000010f087000 	/Library/Java/JavaVirtualMachines/jdk1.8.0_131.jdk/Contents/Home/jre/lib/libnet.dylib
0x000000010f0e6000 	/Library/Java/JavaVirtualMachines/jdk1.8.0_131.jdk/Contents/Home/jre/lib/libnio.dylib
0x00000001222d2000 	/Library/Java/JavaVirtualMachines/jdk1.8.0_131.jdk/Contents/Home/jre/lib/libawt.dylib
0x000000012237a000 	/Library/Java/JavaVirtualMachines/jdk1.8.0_131.jdk/Contents/Home/jre/lib/./libmlib_image.dylib
0x0000000122446000 	/Library/Java/JavaVirtualMachines/jdk1.8.0_131.jdk/Contents/Home/jre/lib/libawt_lwawt.dylib
0x000000010f199000 	/Library/Java/JavaVirtualMachines/jdk1.8.0_131.jdk/Contents/Home/jre/lib/./libosxapp.dylib
0x000000002cd31000 	/System/Library/Frameworks/ExceptionHandling.framework/Versions/A/ExceptionHandling
0x000000002cd31000 	/System/Library/PrivateFrameworks/CoreServicesInternal.framework/Versions/A/CoreServicesInternal
0x000000002cd31000 	/System/Library/CoreServices/RawCamera.bundle/Contents/MacOS/RawCamera
0x000000002cd31000 	/System/Library/PrivateFrameworks/MobileAsset.framework/Versions/A/MobileAsset
0x000000002cd31000 	/System/Library/PrivateFrameworks/StreamingZip.framework/Versions/A/StreamingZip
0x000000002cd31000 	/System/Library/Frameworks/MediaToolbox.framework/Versions/A/MediaToolbox
0x000000002cd31000 	/System/Library/PrivateFrameworks/CoreAVCHD.framework/Versions/A/CoreAVCHD
0x000000002cd31000 	/System/Library/Frameworks/MediaAccessibility.framework/Versions/A/MediaAccessibility
0x000000002cd31000 	/System/Library/PrivateFrameworks/Mangrove.framework/Versions/A/Mangrove
0x000000002cd31000 	/System/Library/Frameworks/CoreMedia.framework/Versions/A/CoreMedia
0x000000002cd31000 	/System/Library/Frameworks/VideoToolbox.framework/Versions/A/VideoToolbox
0x000000002cd31000 	/System/Library/PrivateFrameworks/CoreAUC.framework/Versions/A/CoreAUC
0x000000002cd31000 	/usr/lib/libspindump.dylib
0x000000002cd31000 	/System/Library/PrivateFrameworks/AppleVA.framework/Versions/A/AppleVA
0x000000002cd31000 	/System/Library/Frameworks/Accelerate.framework/Versions/A/Frameworks/vImage.framework/Versions/A/Libraries/libCGInterfaces.dylib
0x000000002cd31000 	/System/Library/Frameworks/ApplicationServices.framework/Versions/A/Frameworks/ATS.framework/Versions/A/Resources/libTrueTypeScaler.dylib
0x000000002cd31000 	/System/Library/Extensions/AppleIntelSKLGraphicsMTLDriver.bundle/Contents/MacOS/AppleIntelSKLGraphicsMTLDriver
0x000000002cd31000 	/System/Library/PrivateFrameworks/GPUCompiler.framework/Versions/3802/Libraries/libmetal_timestamp.dylib
0x000000002cd31000 	/System/Library/PrivateFrameworks/FamilyControls.framework/Versions/A/FamilyControls
0x000000002cd31000 	/System/Library/PrivateFrameworks/CommerceKit.framework/Versions/A/Frameworks/CommerceCore.framework/Versions/A/CommerceCore
0x000000002cd31000 	/System/Library/PrivateFrameworks/SystemAdministration.framework/Versions/A/SystemAdministration
0x000000002cd31000 	/System/Library/PrivateFrameworks/AppContainer.framework/Versions/A/AppContainer
0x000000002cd31000 	/System/Library/PrivateFrameworks/SecCodeWrapper.framework/Versions/A/SecCodeWrapper
0x000000002cd31000 	/System/Library/PrivateFrameworks/DiskManagement.framework/Versions/A/DiskManagement
0x000000002cd31000 	/System/Library/Frameworks/DirectoryService.framework/Versions/A/DirectoryService
0x000000002cd31000 	/System/Library/PrivateFrameworks/DiskImages.framework/Versions/A/DiskImages
0x000000002cd31000 	/System/Library/PrivateFrameworks/LoginUIKit.framework/Versions/A/Frameworks/LoginUICore.framework/Versions/A/LoginUICore
0x000000002cd31000 	/usr/lib/libCoreStorage.dylib
0x000000002cd31000 	/usr/lib/libcsfde.dylib
0x000000002cd31000 	/usr/lib/libodfde.dylib
0x000000002cd31000 	/System/Library/PrivateFrameworks/MediaKit.framework/Versions/A/MediaKit
0x000000002cd31000 	/System/Library/Frameworks/DiscRecording.framework/Versions/A/DiscRecording
0x000000002cd31000 	/System/Library/PrivateFrameworks/EFILogin.framework/Versions/A/EFILogin
0x000000002cd31000 	/System/Library/PrivateFrameworks/ProtectedCloudStorage.framework/Versions/A/ProtectedCloudStorage
0x000000002cd31000 	/usr/lib/libcurl.4.dylib
0x000000002cd31000 	/usr/lib/libcrypto.35.dylib
0x000000002cd31000 	/usr/lib/libssl.35.dylib
0x000000002cd31000 	/System/Library/Frameworks/LDAP.framework/Versions/A/LDAP
0x000000002cd31000 	/System/Library/PrivateFrameworks/TrustEvaluationAgent.framework/Versions/A/TrustEvaluationAgent
0x000000002cd31000 	/usr/lib/libsasl2.2.dylib
0x000000002cd31000 	/System/Library/PrivateFrameworks/CoreDaemon.framework/Versions/B/CoreDaemon
0x000000002cd31000 	/System/Library/PrivateFrameworks/AppleSRP.framework/Versions/A/AppleSRP
0x0000000124fdc000 	/Library/Java/JavaVirtualMachines/jdk1.8.0_131.jdk/Contents/Home/jre/lib/libfontmanager.dylib
0x00000001242e4000 	/Library/Java/JavaVirtualMachines/jdk1.8.0_131.jdk/Contents/Home/jre/lib/libosxui.dylib
0x000000002cd31000 	/System/Library/Frameworks/OpenGL.framework/Versions/A/Resources/GLEngine.bundle/GLEngine
0x000000002cd31000 	/System/Library/Frameworks/OpenGL.framework/Versions/A/Libraries/libGLProgrammability.dylib
0x0000000125beb000 	/System/Library/Extensions/AppleIntelSKLGraphicsGLDriver.bundle/Contents/MacOS/AppleIntelSKLGraphicsGLDriver
0x000000002cd31000 	/System/Library/PrivateFrameworks/GPUSupport.framework/Versions/A/Libraries/libGPUSupportMercury.dylib
0x000000002cd31000 	/System/Library/Frameworks/OpenGL.framework/Versions/A/Resources/GLRendererFloat.bundle/GLRendererFloat
0x000000002cd31000 	/System/Library/Frameworks/OpenCL.framework/Versions/A/Libraries/libcldcpuengine.dylib
0x000000002cd31000 	/System/Library/PrivateFrameworks/ViewBridge.framework/Versions/A/ViewBridge
0x0000000129831000 	/Library/Java/JavaVirtualMachines/jdk1.8.0_131.jdk/Contents/Home/jre/lib/libdcpr.dylib
0x000000002cd31000 	/System/Library/PrivateFrameworks/login.framework/Versions/A/login

VM Arguments:
jvm_args: -Dfile.encoding=UTF-8 
java_command: analyser.Analyser
java_class_path (initial): /Users/gchristi/Documents/workspace/Clas12/Analyse/FirstAnalysis/bin:/Users/gchristi/Documents/workspace/Clas12/Analyse/AnalysisTools/bin:/Applications/Eclipse.app/Contents/Eclipse/plugins/org.junit_4.12.0.v201504281640/junit.jar:/Applications/Eclipse.app/Contents/Eclipse/plugins/org.hamcrest.core_1.3.0.v201303031735.jar:/Users/gchristi/Documents/workspace/Clas12/Decoder/CoatjavaExpertDecoder/coatjava/lib/clas/coat-libs-5.1-SNAPSHOT.jar:/Users/gchristi/Documents/workspace/Clas12/Coatjava/clas12-offline-software/coatjava/lib/clas/coat-libs-5.0-SNAPSHOT.jar
Launcher Type: SUN_STANDARD

Environment Variables:
PATH=/usr/bin:/bin:/usr/sbin:/sbin
SHELL=/bin/zsh
DISPLAY=/private/tmp/com.apple.launchd.OUDCqfTjFM/org.macosforge.xquartz:0

Signal Handlers:
SIGSEGV: [libjvm.dylib+0x5b1eb1], sa_mask[0]=11111111011111110111111111111111, sa_flags=SA_ONSTACK|SA_RESTART|SA_SIGINFO
SIGBUS: [libjvm.dylib+0x5b1eb1], sa_mask[0]=11111111011111110111111111111111, sa_flags=SA_RESTART|SA_SIGINFO
SIGFPE: [libjvm.dylib+0x488988], sa_mask[0]=11111111011111110111111111111111, sa_flags=SA_RESTART|SA_SIGINFO
SIGPIPE: [libjvm.dylib+0x488988], sa_mask[0]=11111111011111110111111111111111, sa_flags=SA_RESTART|SA_SIGINFO
SIGXFSZ: [libjvm.dylib+0x488988], sa_mask[0]=11111111011111110111111111111111, sa_flags=SA_RESTART|SA_SIGINFO
SIGILL: [libjvm.dylib+0x488988], sa_mask[0]=11111111011111110111111111111111, sa_flags=SA_RESTART|SA_SIGINFO
SIGUSR1: SIG_DFL, sa_mask[0]=00000000000000000000000000000000, sa_flags=none
SIGUSR2: [libjvm.dylib+0x4884a6], sa_mask[0]=00100000000000000000000000000000, sa_flags=SA_RESTART|SA_SIGINFO
SIGHUP: [libjvm.dylib+0x486a7d], sa_mask[0]=11111111011111110111111111111111, sa_flags=SA_RESTART|SA_SIGINFO
SIGINT: [libjvm.dylib+0x486a7d], sa_mask[0]=11111111011111110111111111111111, sa_flags=SA_RESTART|SA_SIGINFO
SIGTERM: [libjvm.dylib+0x486a7d], sa_mask[0]=11111111011111110111111111111111, sa_flags=SA_RESTART|SA_SIGINFO
SIGQUIT: [libjvm.dylib+0x486a7d], sa_mask[0]=11111111011111110111111111111111, sa_flags=SA_RESTART|SA_SIGINFO


---------------  S Y S T E M  ---------------

OS:Bsduname:Darwin 17.7.0 Darwin Kernel Version 17.7.0: Thu Jun 21 22:53:14 PDT 2018; root:xnu-4570.71.2~1/RELEASE_X86_64 x86_64
rlimit: STACK 8192k, CORE 0k, NPROC 709, NOFILE 10240, AS infinity
load average:27.20 11.47 6.70

CPU:total 4 (initial active 4) (2 cores per cpu, 2 threads per core) family 6 model 78 stepping 3, cmov, cx8, fxsr, mmx, sse, sse2, sse3, ssse3, sse4.1, sse4.2, popcnt, avx, avx2, aes, clmul, erms, rtm, 3dnowpref, lzcnt, ht, tsc, tscinvbit, bmi1, bmi2, adx

Memory: 4k page, physical 8388608k(35692k free)

/proc/meminfo:


vm_info: Java HotSpot(TM) 64-Bit Server VM (25.131-b11) for bsd-amd64 JRE (1.8.0_131-b11), built on Mar 15 2017 01:32:22 by "java_re" with gcc 4.2.1 (Based on Apple Inc. build 5658) (LLVM build 2336.11.00)

time: Thu Jul 19 18:23:12 2018
elapsed time: 31731 seconds (0d 8h 48m 51s)

