#
# A fatal error has been detected by the Java Runtime Environment:
#
#  SIGSEGV (0xb) at pc=0x00000001165073bf, pid=49354, tid=0x0000000000014a0b
#
# JRE version: Java(TM) SE Runtime Environment (8.0_131-b11) (build 1.8.0_131-b11)
# Java VM: Java HotSpot(TM) 64-Bit Server VM (25.131-b11 mixed mode bsd-amd64 compressed oops)
# Problematic frame:
# C  [libawt_lwawt.dylib+0x1c3bf]  OGLSD_SetScratchSurface+0x49
#
# Failed to write core dump. Core dumps have been disabled. To enable core dumping, try "ulimit -c unlimited" before starting Java again
#
# If you would like to submit a bug report, please visit:
#   http://bugreport.java.com/bugreport/crash.jsp
# The crash happened outside the Java Virtual Machine in native code.
# See problematic frame for where to report the bug.
#

---------------  T H R E A D  ---------------

Current thread (0x00007ff77b966800):  JavaThread "Java2D Queue Flusher" daemon [_thread_in_native, id=84491, stack(0x0000700005dd0000,0x0000700005ed0000)]

siginfo: si_signo: 11 (SIGSEGV), si_code: 1 (SEGV_MAPERR), si_addr: 0x0000000000000002

Registers:
RAX=0x0000000116527d0e, RBX=0x0000000000000002, RCX=0x0000000000000047, RDX=0x0000000116528258
RSP=0x0000700005ecf730, RBP=0x0000700005ecf750, RSI=0x00007ff781261850, RDI=0x00007ff77b9669f8
R8 =0x0000000000003060, R9 =0x0000000000000040, R10=0x0000000116e0a6b8, R11=0x0000000116e09ec0
R12=0x0000000000000000, R13=0x0000700005ecf8e8, R14=0x00007ff77b9669f8, R15=0x00007ff77b966800
RIP=0x00000001165073bf, EFLAGS=0x0000000000010202, ERR=0x0000000000000004
  TRAPNO=0x000000000000000e

Top of Stack: (sp=0x0000700005ecf730)
0x0000700005ecf730:   00007ff781261850 0000000000000000
0x0000700005ecf740:   00007ff77b9a4610 00007ff77b966800
0x0000700005ecf750:   0000700005ecf7d0 0000000116527d36
0x0000700005ecf760:   00007ff77b486c00 0000000200000001
0x0000700005ecf770:   000000001689d520 0000000000000600
0x0000700005ecf780:   0000000000000000 0000000000000000
0x0000700005ecf790:   0000700005ecf7d0 00007ff77b9a4620
0x0000700005ecf7a0:   00007ff70064ce70 00007ff77b9669f8
0x0000700005ecf7b0:   0000000000002be8 0000000000000000
0x0000700005ecf7c0:   0000700005ecf968 00007ff77b966800
0x0000700005ecf7d0:   0000700005ecf820 0000000116e0a72a
0x0000700005ecf7e0:   00000007400bfc40 000000010eb381cc
0x0000700005ecf7f0:   0000000000000064 0000000000000000
0x0000700005ecf800:   0000000000000064 00007ff77b486678
0x0000700005ecf810:   0000700005ecf870 000000010e950094
0x0000700005ecf820:   0000700005ecf940 0000000116e0a2cc
0x0000700005ecf830:   0000000000000001 00007ff77b4873a0
0x0000700005ecf840:   00000007400bfc00 00007ff77b966800
0x0000700005ecf850:   00007ff77b966800 000000011440fa00
0x0000700005ecf860:   0000700005ecf968 00007ff77b966800
0x0000700005ecf870:   0000700005ecf8c0 0000000116d58be8
0x0000700005ecf880:   00000007400bfc40 0000000116d5a126
0x0000700005ecf890:   0000700005ecf940 0000000116e09f04
0x0000700005ecf8a0:   000000012c5e177c 0000700005ecf8e8
0x0000700005ecf8b0:   000000012c5e17f8 0000000000000000
0x0000700005ecf8c0:   0000700005ecf940 00000001168942bd
0x0000700005ecf8d0:   0000700005ecf940 00000001168942bd
0x0000700005ecf8e0:   00000001168942bd 00000007400bfc40
0x0000700005ecf8f0:   0000000000000001 00000007400bfcc8
0x0000700005ecf900:   0000700005ecf8f0 0000000114aecd99
0x0000700005ecf910:   0000700005ecf968 0000000114aecf30
0x0000700005ecf920:   0000000000000000 0000000114aecea0 

Instructions: (pc=0x00000001165073bf)
0x000000011650739f:   c0 e9 82 00 00 00 48 8b 5e 10 48 85 db 75 0e bf
0x00000001165073af:   01 00 00 00 48 8d 15 07 7c 03 00 eb d6 49 89 fe
0x00000001165073bf:   4c 8b 3b 30 c0 e8 c1 a6 02 00 49 8b 3f 49 89 c4
0x00000001165073cf:   48 8b 35 4a 03 06 00 30 c0 e8 0f a8 02 00 48 85 

Register to memory mapping:

RAX=0x0000000116527d0e: Java_sun_java2d_opengl_OGLRenderQueue_flushBuffer+0x612 in /Library/Java/JavaVirtualMachines/jdk1.8.0_131.jdk/Contents/Home/jre/lib/libawt_lwawt.dylib at 0x00000001164eb000
RBX=0x0000000000000002 is an unknown value
RCX=0x0000000000000047 is an unknown value
RDX=0x0000000116528258: Java_sun_java2d_opengl_OGLRenderQueue_flushBuffer+0xb5c in /Library/Java/JavaVirtualMachines/jdk1.8.0_131.jdk/Contents/Home/jre/lib/libawt_lwawt.dylib at 0x00000001164eb000
RSP=0x0000700005ecf730 is pointing into the stack for thread: 0x00007ff77b966800
RBP=0x0000700005ecf750 is pointing into the stack for thread: 0x00007ff77b966800
RSI=0x00007ff781261850 is an unknown value
RDI=0x00007ff77b9669f8 is an unknown value
R8 =0x0000000000003060 is an unknown value
R9 =0x0000000000000040 is an unknown value
R10=0x0000000116e0a6b8 is at entry_point+56 in (nmethod*)0x0000000116e0a510
R11=0x0000000116e09ec0 is at entry_point+0 in (nmethod*)0x0000000116e09d50
R12=0x0000000000000000 is an unknown value
R13=0x0000700005ecf8e8 is pointing into the stack for thread: 0x00007ff77b966800
R14=0x00007ff77b9669f8 is an unknown value
R15=0x00007ff77b966800 is a thread


Stack: [0x0000700005dd0000,0x0000700005ed0000],  sp=0x0000700005ecf730,  free space=1021k
Native frames: (J=compiled Java code, j=interpreted, Vv=VM code, C=native code)
C  [libawt_lwawt.dylib+0x1c3bf]  OGLSD_SetScratchSurface+0x49
C  [libawt_lwawt.dylib+0x3cd36]  Java_sun_java2d_opengl_OGLRenderQueue_flushBuffer+0x63a
J 1772  sun.java2d.opengl.OGLRenderQueue.flushBuffer(JI)V (0 bytes) @ 0x0000000116e0a72a [0x0000000116e0a680+0xaa]
J 1771 C1 sun.java2d.opengl.OGLRenderQueue.flushBuffer()V (41 bytes) @ 0x0000000116e0a2cc [0x0000000116e0a240+0x8c]
J 1770 C1 sun.java2d.opengl.OGLRenderQueue.access$100(Lsun/java2d/opengl/OGLRenderQueue;)V (5 bytes) @ 0x0000000116e09f04 [0x0000000116e09ec0+0x44]
j  sun.java2d.opengl.OGLRenderQueue$QueueFlusher.run()V+81
v  ~StubRoutines::call_stub
V  [libjvm.dylib+0x2ee5b6]
V  [libjvm.dylib+0x2eed5a]
V  [libjvm.dylib+0x2eef06]
V  [libjvm.dylib+0x34965d]
V  [libjvm.dylib+0x56b87f]
V  [libjvm.dylib+0x56cf6c]
V  [libjvm.dylib+0x48b376]
C  [libsystem_pthread.dylib+0x3661]  _pthread_body+0x154
C  [libsystem_pthread.dylib+0x350d]  _pthread_body+0x0
C  [libsystem_pthread.dylib+0x2bf9]  thread_start+0xd
C  0x0000000000000000

Java frames: (J=compiled Java code, j=interpreted, Vv=VM code)
J 1772  sun.java2d.opengl.OGLRenderQueue.flushBuffer(JI)V (0 bytes) @ 0x0000000116e0a6b8 [0x0000000116e0a680+0x38]
J 1771 C1 sun.java2d.opengl.OGLRenderQueue.flushBuffer()V (41 bytes) @ 0x0000000116e0a2cc [0x0000000116e0a240+0x8c]
J 1770 C1 sun.java2d.opengl.OGLRenderQueue.access$100(Lsun/java2d/opengl/OGLRenderQueue;)V (5 bytes) @ 0x0000000116e09f04 [0x0000000116e09ec0+0x44]
j  sun.java2d.opengl.OGLRenderQueue$QueueFlusher.run()V+81
v  ~StubRoutines::call_stub

---------------  P R O C E S S  ---------------

Java Threads: ( => current thread )
  0x00007ff77c009800 JavaThread "DestroyJavaVM" [_thread_blocked, id=9987, stack(0x0000700004c14000,0x0000700004d14000)]
  0x00007ff77c1c2800 JavaThread "AWT-EventQueue-0" [_thread_in_native, id=75311, stack(0x0000700006059000,0x0000700006159000)]
  0x00007ff77b96e800 JavaThread "Java2D Disposer" daemon [_thread_blocked, id=46871, stack(0x0000700005ed3000,0x0000700005fd3000)]
=>0x00007ff77b966800 JavaThread "Java2D Queue Flusher" daemon [_thread_in_native, id=84491, stack(0x0000700005dd0000,0x0000700005ed0000)]
  0x00007ff77d18b000 JavaThread "AWT-Shutdown" [_thread_blocked, id=25643, stack(0x0000700005ac1000,0x0000700005bc1000)]
  0x00007ff77b929800 JavaThread "AppKit Thread" daemon [_thread_in_native, id=775, stack(0x00007ffee1754000,0x00007ffee1f54000)]
  0x00007ff77c80f000 JavaThread "Service Thread" daemon [_thread_blocked, id=17923, stack(0x00007000058bb000,0x00007000059bb000)]
  0x00007ff77c804000 JavaThread "C1 CompilerThread2" daemon [_thread_blocked, id=14339, stack(0x00007000057b8000,0x00007000058b8000)]
  0x00007ff77c834800 JavaThread "C2 CompilerThread1" daemon [_thread_blocked, id=14083, stack(0x00007000056b5000,0x00007000057b5000)]
  0x00007ff77c802800 JavaThread "C2 CompilerThread0" daemon [_thread_blocked, id=13827, stack(0x00007000055b2000,0x00007000056b2000)]
  0x00007ff77c834000 JavaThread "Signal Dispatcher" daemon [_thread_blocked, id=13319, stack(0x00007000054af000,0x00007000055af000)]
  0x00007ff77c831000 JavaThread "Finalizer" daemon [_thread_blocked, id=11779, stack(0x0000700005329000,0x0000700005429000)]
  0x00007ff77d004000 JavaThread "Reference Handler" daemon [_thread_blocked, id=20739, stack(0x0000700005226000,0x0000700005326000)]

Other Threads:
  0x00007ff77b807800 VMThread [stack: 0x0000700005123000,0x0000700005223000] [id=11011]
  0x00007ff77c06b800 WatcherThread [stack: 0x00007000059be000,0x0000700005abe000] [id=15107]

VM state:not at safepoint (normal execution)

VM Mutex/Monitor currently owned by a thread: None

Heap:
 PSYoungGen      total 196608K, used 45387K [0x0000000795580000, 0x00000007b7a00000, 0x00000007c0000000)
  eden space 187904K, 24% used [0x0000000795580000,0x00000007981d2d68,0x00000007a0d00000)
  from space 8704K, 0% used [0x00000007b6700000,0x00000007b6700000,0x00000007b6f80000)
  to   space 10752K, 0% used [0x00000007b6f80000,0x00000007b6f80000,0x00000007b7a00000)
 ParOldGen       total 117760K, used 48960K [0x0000000740000000, 0x0000000747300000, 0x0000000795580000)
  object space 117760K, 41% used [0x0000000740000000,0x0000000742fd0378,0x0000000747300000)
 Metaspace       used 15366K, capacity 15778K, committed 16000K, reserved 1062912K
  class space    used 1709K, capacity 1825K, committed 1920K, reserved 1048576K

Card table byte_map: [0x000000010f963000,0x000000010fd64000] byte_map_base: 0x000000010bf63000

Marking Bits: (ParMarkBitMap*) 0x000000010eef1ea0
 Begin Bits: [0x000000011000f000, 0x000000011200f000)
 End Bits:   [0x000000011200f000, 0x000000011400f000)

Polling page: 0x000000010dd28000

CodeCache: size=245760Kb used=12984Kb max_used=14928Kb free=232775Kb
 bounds [0x000000011688c000, 0x00000001177bc000, 0x000000012588c000]
 total_blobs=3671 nmethods=3086 adapters=497
 compilation: enabled

Compilation events (10 events):
Event: 4342.998 Thread 0x00007ff77c804000 3807       3       sun.java2d.SunGraphics2D::dispose (12 bytes)
Event: 4342.998 Thread 0x00007ff77c804000 nmethod 3807 0x00000001173c4610 code [0x00000001173c4780, 0x00000001173c49a8]
Event: 4343.002 Thread 0x00007ff77c802800 nmethod 3793 0x000000011705ad90 code [0x000000011705b0a0, 0x000000011705b7e0]
Event: 4343.002 Thread 0x00007ff77c802800 3801       4       sun.java2d.pipe.PixelToParallelogramConverter::drawLine (30 bytes)
Event: 4343.004 Thread 0x00007ff77c834800 nmethod 3800 0x0000000116d3d490 code [0x0000000116d3d680, 0x0000000116d3dc50]
Event: 4343.004 Thread 0x00007ff77c834800 3791       4       sun.font.AttributeValues::update (72 bytes)
Event: 4343.005 Thread 0x00007ff77c834800 nmethod 3791 0x0000000116b886d0 code [0x0000000116b88840, 0x0000000116b88958]
Event: 4343.005 Thread 0x00007ff77c802800 nmethod 3801 0x00000001169d75d0 code [0x00000001169d7780, 0x00000001169d7a88]
Event: 4343.445 Thread 0x00007ff77c804000 3808       3       java.awt.Container::getComponentCount (5 bytes)
Event: 4343.450 Thread 0x00007ff77c804000 nmethod 3808 0x000000011705a850 code [0x000000011705a9c0, 0x000000011705aca8]

GC Heap History (10 events):
Event: 257.919 GC heap before
{Heap before GC invocations=1078 (full 1):
 PSYoungGen      total 212992K, used 212544K [0x0000000795580000, 0x00000007b7a00000, 0x00000007c0000000)
  eden space 212480K, 100% used [0x0000000795580000,0x00000007a2500000,0x00000007a2500000)
  from space 512K, 12% used [0x00000007b7980000,0x00000007b7990000,0x00000007b7a00000)
  to   space 512K, 0% used [0x00000007b7900000,0x00000007b7900000,0x00000007b7980000)
 ParOldGen       total 123392K, used 93651K [0x0000000740000000, 0x0000000747880000, 0x0000000795580000)
  object space 123392K, 75% used [0x0000000740000000,0x0000000745b74ce8,0x0000000747880000)
 Metaspace       used 15201K, capacity 15666K, committed 16000K, reserved 1062912K
  class space    used 1709K, capacity 1833K, committed 1920K, reserved 1048576K
Event: 257.920 GC heap after
Heap after GC invocations=1078 (full 1):
 PSYoungGen      total 204288K, used 64K [0x0000000795580000, 0x00000007b7a00000, 0x00000007c0000000)
  eden space 203776K, 0% used [0x0000000795580000,0x0000000795580000,0x00000007a1c80000)
  from space 512K, 12% used [0x00000007b7900000,0x00000007b7910000,0x00000007b7980000)
  to   space 512K, 0% used [0x00000007b7980000,0x00000007b7980000,0x00000007b7a00000)
 ParOldGen       total 123392K, used 93667K [0x0000000740000000, 0x0000000747880000, 0x0000000795580000)
  object space 123392K, 75% used [0x0000000740000000,0x0000000745b78ce8,0x0000000747880000)
 Metaspace       used 15201K, capacity 15666K, committed 16000K, reserved 1062912K
  class space    used 1709K, capacity 1833K, committed 1920K, reserved 1048576K
}
Event: 3755.855 GC heap before
{Heap before GC invocations=1079 (full 1):
 PSYoungGen      total 204288K, used 192288K [0x0000000795580000, 0x00000007b7a00000, 0x00000007c0000000)
  eden space 203776K, 94% used [0x0000000795580000,0x00000007a11380a0,0x00000007a1c80000)
  from space 512K, 12% used [0x00000007b7900000,0x00000007b7910000,0x00000007b7980000)
  to   space 512K, 0% used [0x00000007b7980000,0x00000007b7980000,0x00000007b7a00000)
 ParOldGen       total 123392K, used 93667K [0x0000000740000000, 0x0000000747880000, 0x0000000795580000)
  object space 123392K, 75% used [0x0000000740000000,0x0000000745b78ce8,0x0000000747880000)
 Metaspace       used 15224K, capacity 15666K, committed 16000K, reserved 1062912K
  class space    used 1711K, capacity 1833K, committed 1920K, reserved 1048576K
Event: 3761.071 GC heap after
Heap after GC invocations=1079 (full 1):
 PSYoungGen      total 196096K, used 512K [0x0000000795580000, 0x00000007b7a00000, 0x00000007c0000000)
  eden space 195584K, 0% used [0x0000000795580000,0x0000000795580000,0x00000007a1480000)
  from space 512K, 100% used [0x00000007b7980000,0x00000007b7a00000,0x00000007b7a00000)
  to   space 9728K, 0% used [0x00000007b6700000,0x00000007b6700000,0x00000007b7080000)
 ParOldGen       total 123392K, used 117341K [0x0000000740000000, 0x0000000747880000, 0x0000000795580000)
  object space 123392K, 95% used [0x0000000740000000,0x0000000747297680,0x0000000747880000)
 Metaspace       used 15224K, capacity 15666K, committed 16000K, reserved 1062912K
  class space    used 1711K, capacity 1833K, committed 1920K, reserved 1048576K
}
Event: 3761.072 GC heap before
{Heap before GC invocations=1080 (full 2):
 PSYoungGen      total 196096K, used 512K [0x0000000795580000, 0x00000007b7a00000, 0x00000007c0000000)
  eden space 195584K, 0% used [0x0000000795580000,0x0000000795580000,0x00000007a1480000)
  from space 512K, 100% used [0x00000007b7980000,0x00000007b7a00000,0x00000007b7a00000)
  to   space 9728K, 0% used [0x00000007b6700000,0x00000007b6700000,0x00000007b7080000)
 ParOldGen       total 123392K, used 117341K [0x0000000740000000, 0x0000000747880000, 0x0000000795580000)
  object space 123392K, 95% used [0x0000000740000000,0x0000000747297680,0x0000000747880000)
 Metaspace       used 15224K, capacity 15666K, committed 16000K, reserved 1062912K
  class space    used 1711K, capacity 1833K, committed 1920K, reserved 1048576K
Event: 3762.386 GC heap after
Heap after GC invocations=1080 (full 2):
 PSYoungGen      total 196096K, used 0K [0x0000000795580000, 0x00000007b7a00000, 0x00000007c0000000)
  eden space 195584K, 0% used [0x0000000795580000,0x0000000795580000,0x00000007a1480000)
  from space 512K, 0% used [0x00000007b7980000,0x00000007b7980000,0x00000007b7a00000)
  to   space 9728K, 0% used [0x00000007b6700000,0x00000007b6700000,0x00000007b7080000)
 ParOldGen       total 103936K, used 53337K [0x0000000740000000, 0x0000000746580000, 0x0000000795580000)
  object space 103936K, 51% used [0x0000000740000000,0x00000007434165b8,0x0000000746580000)
 Metaspace       used 15209K, capacity 15642K, committed 16000K, reserved 1062912K
  class space    used 1707K, capacity 1825K, committed 1920K, reserved 1048576K
}
Event: 4342.219 GC heap before
{Heap before GC invocations=1081 (full 2):
 PSYoungGen      total 196096K, used 191032K [0x0000000795580000, 0x00000007b7a00000, 0x00000007c0000000)
  eden space 195584K, 97% used [0x0000000795580000,0x00000007a100e228,0x00000007a1480000)
  from space 512K, 0% used [0x00000007b7980000,0x00000007b7980000,0x00000007b7a00000)
  to   space 9728K, 0% used [0x00000007b6700000,0x00000007b6700000,0x00000007b7080000)
 ParOldGen       total 103936K, used 53337K [0x0000000740000000, 0x0000000746580000, 0x0000000795580000)
  object space 103936K, 51% used [0x0000000740000000,0x00000007434165b8,0x0000000746580000)
 Metaspace       used 15364K, capacity 15778K, committed 16000K, reserved 1062912K
  class space    used 1709K, capacity 1825K, committed 1920K, reserved 1048576K
Event: 4342.511 GC heap after
Heap after GC invocations=1081 (full 2):
 PSYoungGen      total 196608K, used 8476K [0x0000000795580000, 0x00000007b7a00000, 0x00000007c0000000)
  eden space 187904K, 0% used [0x0000000795580000,0x0000000795580000,0x00000007a0d00000)
  from space 8704K, 97% used [0x00000007b6700000,0x00000007b6f47250,0x00000007b6f80000)
  to   space 10752K, 0% used [0x00000007b6f80000,0x00000007b6f80000,0x00000007b7a00000)
 ParOldGen       total 120832K, used 106779K [0x0000000740000000, 0x0000000747600000, 0x0000000795580000)
  object space 120832K, 88% used [0x0000000740000000,0x0000000746846c30,0x0000000747600000)
 Metaspace       used 15364K, capacity 15778K, committed 16000K, reserved 1062912K
  class space    used 1709K, capacity 1825K, committed 1920K, reserved 1048576K
}
Event: 4342.511 GC heap before
{Heap before GC invocations=1082 (full 3):
 PSYoungGen      total 196608K, used 8476K [0x0000000795580000, 0x00000007b7a00000, 0x00000007c0000000)
  eden space 187904K, 0% used [0x0000000795580000,0x0000000795580000,0x00000007a0d00000)
  from space 8704K, 97% used [0x00000007b6700000,0x00000007b6f47250,0x00000007b6f80000)
  to   space 10752K, 0% used [0x00000007b6f80000,0x00000007b6f80000,0x00000007b7a00000)
 ParOldGen       total 120832K, used 106779K [0x0000000740000000, 0x0000000747600000, 0x0000000795580000)
  object space 120832K, 88% used [0x0000000740000000,0x0000000746846c30,0x0000000747600000)
 Metaspace       used 15364K, capacity 15778K, committed 16000K, reserved 1062912K
  class space    used 1709K, capacity 1825K, committed 1920K, reserved 1048576K
Event: 4342.933 GC heap after
Heap after GC invocations=1082 (full 3):
 PSYoungGen      total 196608K, used 0K [0x0000000795580000, 0x00000007b7a00000, 0x00000007c0000000)
  eden space 187904K, 0% used [0x0000000795580000,0x0000000795580000,0x00000007a0d00000)
  from space 8704K, 0% used [0x00000007b6700000,0x00000007b6700000,0x00000007b6f80000)
  to   space 10752K, 0% used [0x00000007b6f80000,0x00000007b6f80000,0x00000007b7a00000)
 ParOldGen       total 117760K, used 48960K [0x0000000740000000, 0x0000000747300000, 0x0000000795580000)
  object space 117760K, 41% used [0x0000000740000000,0x0000000742fd0378,0x0000000747300000)
 Metaspace       used 15364K, capacity 15778K, committed 16000K, reserved 1062912K
  class space    used 1709K, capacity 1825K, committed 1920K, reserved 1048576K
}

Deoptimization events (10 events):
Event: 3959.271 Thread 0x00007ff77c1c2800 Uncommon trap: reason=class_check action=maybe_recompile pc=0x0000000116af47d0 method=java.util.HashMap.putVal(ILjava/lang/Object;Ljava/lang/Object;ZZ)Ljava/lang/Object; @ 91
Event: 3960.301 Thread 0x00007ff77c1c2800 Uncommon trap: reason=speculate_class_check action=maybe_recompile pc=0x0000000116ffe4ac method=java.awt.Component.dispatchEventImpl(Ljava/awt/AWTEvent;)V @ 98
Event: 3960.301 Thread 0x00007ff77c1c2800 Uncommon trap: reason=class_check action=maybe_recompile pc=0x0000000116f788e8 method=java.awt.Toolkit.notifyAWTEventListeners(Ljava/awt/AWTEvent;)V @ 30
Event: 3960.302 Thread 0x00007ff77c1c2800 Uncommon trap: reason=class_check action=maybe_recompile pc=0x000000011773e6ec method=java.awt.Component.processEvent(Ljava/awt/AWTEvent;)V @ 19
Event: 3960.305 Thread 0x00007ff77c1c2800 Uncommon trap: reason=speculate_class_check action=maybe_recompile pc=0x0000000116ffe4ac method=java.awt.Component.dispatchEventImpl(Ljava/awt/AWTEvent;)V @ 98
Event: 3960.305 Thread 0x00007ff77c1c2800 Uncommon trap: reason=class_check action=maybe_recompile pc=0x0000000116f788e8 method=java.awt.Toolkit.notifyAWTEventListeners(Ljava/awt/AWTEvent;)V @ 30
Event: 3960.305 Thread 0x00007ff77c1c2800 Uncommon trap: reason=class_check action=maybe_recompile pc=0x000000011773e6ec method=java.awt.Component.processEvent(Ljava/awt/AWTEvent;)V @ 19
Event: 3960.947 Thread 0x00007ff77c1c2800 Uncommon trap: reason=speculate_class_check action=maybe_recompile pc=0x0000000116ffe4ac method=java.awt.Component.dispatchEventImpl(Ljava/awt/AWTEvent;)V @ 98
Event: 3960.947 Thread 0x00007ff77c1c2800 Uncommon trap: reason=class_check action=maybe_recompile pc=0x000000011773e6ec method=java.awt.Component.processEvent(Ljava/awt/AWTEvent;)V @ 19
Event: 4067.507 Thread 0x00007ff77c1c2800 Uncommon trap: reason=class_check action=maybe_recompile pc=0x000000011773e6ec method=java.awt.Component.processEvent(Ljava/awt/AWTEvent;)V @ 19

Internal exceptions (10 events):
Event: 1.505 Thread 0x00007ff77c009800 Exception <a 'java/io/FileNotFoundException'> (0x000000079625f9c8) thrown at [/Users/java_re/workspace/8-2-build-macosx-x86_64/jdk8u131/8869/hotspot/src/share/vm/prims/jni.cpp, line 709]
Event: 1.713 Thread 0x00007ff77c009800 Implicit null exception at 0x0000000116af821b to 0x0000000116af8795
Event: 2.101 Thread 0x00007ff77c831000 Exception <a 'java/lang/NullPointerException'> (0x000000079658e490) thrown at [/Users/java_re/workspace/8-2-build-macosx-x86_64/jdk8u131/8869/hotspot/src/share/vm/interpreter/linkResolver.cpp, line 1197]
Event: 222.663 Thread 0x00007ff77b929800 Implicit null exception at 0x0000000116f8863b to 0x0000000116f88cb9
Event: 257.960 Thread 0x00007ff77c009800 Implicit null exception at 0x00000001173ddd5c to 0x00000001173de807
Event: 306.297 Thread 0x00007ff77b929800 Implicit null exception at 0x000000011773f857 to 0x0000000117742135
Event: 3754.954 Thread 0x00007ff77b929800 Implicit null exception at 0x0000000116e4cfa8 to 0x0000000116e4e1b1
Event: 3754.954 Thread 0x00007ff77b929800 Implicit null exception at 0x0000000116cf7f8c to 0x0000000116cf8121
Event: 3958.338 Thread 0x00007ff77c1c2800 Implicit null exception at 0x0000000116dcef37 to 0x0000000116dcf141
Event: 3959.245 Thread 0x00007ff77c1c2800 Implicit null exception at 0x000000011733f194 to 0x000000011733ff0d

Events (10 events):
Event: 4100.899 Thread 0x00007ff77c804000 flushing nmethod 0x000000011733cc50
Event: 4100.900 Thread 0x00007ff77c804000 flushing nmethod 0x0000000117376710
Event: 4100.901 Thread 0x00007ff77c804000 flushing nmethod 0x0000000117396690
Event: 4100.901 Thread 0x00007ff77c804000 flushing nmethod 0x000000011739b2d0
Event: 4100.901 Thread 0x00007ff77c804000 flushing nmethod 0x000000011739f850
Event: 4100.901 Thread 0x00007ff77c804000 flushing nmethod 0x00000001173ad4d0
Event: 4100.902 Thread 0x00007ff77c804000 flushing nmethod 0x00000001173c4610
Event: 4100.904 Thread 0x00007ff77c804000 flushing nmethod 0x00000001177769d0
Event: 4342.218 Executing VM operation: ParallelGCFailedAllocation
Event: 4342.933 Executing VM operation: ParallelGCFailedAllocation done


Dynamic libraries:
0x000000002cd31000 	/System/Library/Frameworks/Cocoa.framework/Versions/A/Cocoa
0x000000002cd31000 	/System/Library/Frameworks/Security.framework/Versions/A/Security
0x000000002cd31000 	/System/Library/Frameworks/ApplicationServices.framework/Versions/A/ApplicationServices
0x000000002cd31000 	/usr/lib/libz.1.dylib
0x000000002cd31000 	/usr/lib/libSystem.B.dylib
0x000000002cd31000 	/usr/lib/libobjc.A.dylib
0x000000002cd31000 	/System/Library/Frameworks/CoreFoundation.framework/Versions/A/CoreFoundation
0x000000002cd31000 	/System/Library/Frameworks/Foundation.framework/Versions/C/Foundation
0x000000002cd31000 	/System/Library/Frameworks/AppKit.framework/Versions/C/AppKit
0x000000002cd31000 	/System/Library/Frameworks/CoreData.framework/Versions/A/CoreData
0x000000002cd31000 	/System/Library/PrivateFrameworks/RemoteViewServices.framework/Versions/A/RemoteViewServices
0x000000002cd31000 	/System/Library/PrivateFrameworks/UIFoundation.framework/Versions/A/UIFoundation
0x000000002cd31000 	/System/Library/PrivateFrameworks/DFRFoundation.framework/Versions/A/DFRFoundation
0x000000002cd31000 	/System/Library/Frameworks/Metal.framework/Versions/A/Metal
0x000000002cd31000 	/System/Library/PrivateFrameworks/DesktopServicesPriv.framework/Versions/A/DesktopServicesPriv
0x000000002cd31000 	/usr/lib/libenergytrace.dylib
0x000000002cd31000 	/System/Library/PrivateFrameworks/SkyLight.framework/Versions/A/SkyLight
0x000000002cd31000 	/System/Library/Frameworks/CoreGraphics.framework/Versions/A/CoreGraphics
0x000000002cd31000 	/usr/lib/libScreenReader.dylib
0x000000002cd31000 	/System/Library/Frameworks/Accelerate.framework/Versions/A/Accelerate
0x000000002cd31000 	/System/Library/Frameworks/IOSurface.framework/Versions/A/IOSurface
0x000000002cd31000 	/System/Library/Frameworks/AudioToolbox.framework/Versions/A/AudioToolbox
0x000000002cd31000 	/System/Library/Frameworks/AudioUnit.framework/Versions/A/AudioUnit
0x000000002cd31000 	/System/Library/PrivateFrameworks/DataDetectorsCore.framework/Versions/A/DataDetectorsCore
0x000000002cd31000 	/System/Library/Frameworks/Carbon.framework/Versions/A/Frameworks/HIToolbox.framework/Versions/A/HIToolbox
0x000000002cd31000 	/usr/lib/libicucore.A.dylib
0x000000002cd31000 	/System/Library/Frameworks/QuartzCore.framework/Versions/A/QuartzCore
0x000000002cd31000 	/System/Library/PrivateFrameworks/SignpostNotification.framework/Versions/A/SignpostNotification
0x000000002cd31000 	/System/Library/Frameworks/Carbon.framework/Versions/A/Frameworks/SpeechRecognition.framework/Versions/A/SpeechRecognition
0x000000002cd31000 	/usr/lib/libauto.dylib
0x000000002cd31000 	/usr/lib/libxml2.2.dylib
0x000000002cd31000 	/System/Library/PrivateFrameworks/CoreUI.framework/Versions/A/CoreUI
0x000000002cd31000 	/System/Library/Frameworks/CoreAudio.framework/Versions/A/CoreAudio
0x000000002cd31000 	/System/Library/Frameworks/DiskArbitration.framework/Versions/A/DiskArbitration
0x000000002cd31000 	/usr/lib/liblangid.dylib
0x000000002cd31000 	/System/Library/PrivateFrameworks/MultitouchSupport.framework/Versions/A/MultitouchSupport
0x000000002cd31000 	/System/Library/Frameworks/IOKit.framework/Versions/A/IOKit
0x000000002cd31000 	/usr/lib/libDiagnosticMessagesClient.dylib
0x000000002cd31000 	/System/Library/Frameworks/CoreServices.framework/Versions/A/CoreServices
0x000000002cd31000 	/System/Library/PrivateFrameworks/PerformanceAnalysis.framework/Versions/A/PerformanceAnalysis
0x000000002cd31000 	/System/Library/Frameworks/OpenGL.framework/Versions/A/OpenGL
0x000000002cd31000 	/System/Library/Frameworks/ColorSync.framework/Versions/A/ColorSync
0x000000002cd31000 	/System/Library/Frameworks/CoreImage.framework/Versions/A/CoreImage
0x000000002cd31000 	/System/Library/Frameworks/CoreText.framework/Versions/A/CoreText
0x000000002cd31000 	/System/Library/Frameworks/ImageIO.framework/Versions/A/ImageIO
0x000000002cd31000 	/System/Library/PrivateFrameworks/Backup.framework/Versions/A/Backup
0x000000002cd31000 	/usr/lib/libarchive.2.dylib
0x000000002cd31000 	/System/Library/Frameworks/CFNetwork.framework/Versions/A/CFNetwork
0x000000002cd31000 	/System/Library/Frameworks/SystemConfiguration.framework/Versions/A/SystemConfiguration
0x000000002cd31000 	/usr/lib/libCRFSuite.dylib
0x000000002cd31000 	/usr/lib/libc++.1.dylib
0x000000002cd31000 	/usr/lib/libc++abi.dylib
0x000000002cd31000 	/usr/lib/system/libcache.dylib
0x000000002cd31000 	/usr/lib/system/libcommonCrypto.dylib
0x000000002cd31000 	/usr/lib/system/libcompiler_rt.dylib
0x000000002cd31000 	/usr/lib/system/libcopyfile.dylib
0x000000002cd31000 	/usr/lib/system/libcorecrypto.dylib
0x000000002cd31000 	/usr/lib/system/libdispatch.dylib
0x000000002cd31000 	/usr/lib/system/libdyld.dylib
0x000000002cd31000 	/usr/lib/system/libkeymgr.dylib
0x000000002cd31000 	/usr/lib/system/liblaunch.dylib
0x000000002cd31000 	/usr/lib/system/libmacho.dylib
0x000000002cd31000 	/usr/lib/system/libquarantine.dylib
0x000000002cd31000 	/usr/lib/system/libremovefile.dylib
0x000000002cd31000 	/usr/lib/system/libsystem_asl.dylib
0x000000002cd31000 	/usr/lib/system/libsystem_blocks.dylib
0x000000002cd31000 	/usr/lib/system/libsystem_c.dylib
0x000000002cd31000 	/usr/lib/system/libsystem_configuration.dylib
0x000000002cd31000 	/usr/lib/system/libsystem_coreservices.dylib
0x000000002cd31000 	/usr/lib/system/libsystem_darwin.dylib
0x000000002cd31000 	/usr/lib/system/libsystem_dnssd.dylib
0x000000002cd31000 	/usr/lib/system/libsystem_info.dylib
0x000000002cd31000 	/usr/lib/system/libsystem_m.dylib
0x000000002cd31000 	/usr/lib/system/libsystem_malloc.dylib
0x000000002cd31000 	/usr/lib/system/libsystem_network.dylib
0x000000002cd31000 	/usr/lib/system/libsystem_networkextension.dylib
0x000000002cd31000 	/usr/lib/system/libsystem_notify.dylib
0x000000002cd31000 	/usr/lib/system/libsystem_sandbox.dylib
0x000000002cd31000 	/usr/lib/system/libsystem_secinit.dylib
0x000000002cd31000 	/usr/lib/system/libsystem_kernel.dylib
0x000000002cd31000 	/usr/lib/system/libsystem_platform.dylib
0x000000002cd31000 	/usr/lib/system/libsystem_pthread.dylib
0x000000002cd31000 	/usr/lib/system/libsystem_symptoms.dylib
0x000000002cd31000 	/usr/lib/system/libsystem_trace.dylib
0x000000002cd31000 	/usr/lib/system/libunwind.dylib
0x000000002cd31000 	/usr/lib/system/libxpc.dylib
0x000000002cd31000 	/usr/lib/closure/libclosured.dylib
0x000000002cd31000 	/usr/lib/libbsm.0.dylib
0x000000002cd31000 	/usr/lib/system/libkxld.dylib
0x000000002cd31000 	/usr/lib/libOpenScriptingUtil.dylib
0x000000002cd31000 	/usr/lib/libcoretls.dylib
0x000000002cd31000 	/usr/lib/libcoretls_cfhelpers.dylib
0x000000002cd31000 	/usr/lib/libpam.2.dylib
0x000000002cd31000 	/usr/lib/libsqlite3.dylib
0x000000002cd31000 	/usr/lib/libxar.1.dylib
0x000000002cd31000 	/usr/lib/libbz2.1.0.dylib
0x000000002cd31000 	/usr/lib/liblzma.5.dylib
0x000000002cd31000 	/usr/lib/libnetwork.dylib
0x000000002cd31000 	/usr/lib/libapple_nghttp2.dylib
0x000000002cd31000 	/usr/lib/libpcap.A.dylib
0x000000002cd31000 	/usr/lib/libboringssl.dylib
0x000000002cd31000 	/usr/lib/libusrtcp.dylib
0x000000002cd31000 	/usr/lib/libapple_crypto.dylib
0x000000002cd31000 	/System/Library/Frameworks/CoreServices.framework/Versions/A/Frameworks/FSEvents.framework/Versions/A/FSEvents
0x000000002cd31000 	/System/Library/Frameworks/CoreServices.framework/Versions/A/Frameworks/CarbonCore.framework/Versions/A/CarbonCore
0x000000002cd31000 	/System/Library/Frameworks/CoreServices.framework/Versions/A/Frameworks/Metadata.framework/Versions/A/Metadata
0x000000002cd31000 	/System/Library/Frameworks/CoreServices.framework/Versions/A/Frameworks/OSServices.framework/Versions/A/OSServices
0x000000002cd31000 	/System/Library/Frameworks/CoreServices.framework/Versions/A/Frameworks/SearchKit.framework/Versions/A/SearchKit
0x000000002cd31000 	/System/Library/Frameworks/CoreServices.framework/Versions/A/Frameworks/AE.framework/Versions/A/AE
0x000000002cd31000 	/System/Library/Frameworks/CoreServices.framework/Versions/A/Frameworks/LaunchServices.framework/Versions/A/LaunchServices
0x000000002cd31000 	/System/Library/Frameworks/CoreServices.framework/Versions/A/Frameworks/DictionaryServices.framework/Versions/A/DictionaryServices
0x000000002cd31000 	/System/Library/Frameworks/CoreServices.framework/Versions/A/Frameworks/SharedFileList.framework/Versions/A/SharedFileList
0x000000002cd31000 	/System/Library/Frameworks/NetFS.framework/Versions/A/NetFS
0x000000002cd31000 	/System/Library/PrivateFrameworks/NetAuth.framework/Versions/A/NetAuth
0x000000002cd31000 	/System/Library/PrivateFrameworks/login.framework/Versions/A/Frameworks/loginsupport.framework/Versions/A/loginsupport
0x000000002cd31000 	/System/Library/PrivateFrameworks/TCC.framework/Versions/A/TCC
0x000000002cd31000 	/usr/lib/libmecabra.dylib
0x000000002cd31000 	/System/Library/Frameworks/ApplicationServices.framework/Versions/A/Frameworks/ATS.framework/Versions/A/ATS
0x000000002cd31000 	/System/Library/Frameworks/ApplicationServices.framework/Versions/A/Frameworks/ColorSyncLegacy.framework/Versions/A/ColorSyncLegacy
0x000000002cd31000 	/System/Library/Frameworks/ApplicationServices.framework/Versions/A/Frameworks/HIServices.framework/Versions/A/HIServices
0x000000002cd31000 	/System/Library/Frameworks/ApplicationServices.framework/Versions/A/Frameworks/LangAnalysis.framework/Versions/A/LangAnalysis
0x000000002cd31000 	/System/Library/Frameworks/ApplicationServices.framework/Versions/A/Frameworks/PrintCore.framework/Versions/A/PrintCore
0x000000002cd31000 	/System/Library/Frameworks/ApplicationServices.framework/Versions/A/Frameworks/QD.framework/Versions/A/QD
0x000000002cd31000 	/System/Library/Frameworks/ApplicationServices.framework/Versions/A/Frameworks/SpeechSynthesis.framework/Versions/A/SpeechSynthesis
0x000000002cd31000 	/System/Library/Frameworks/CoreDisplay.framework/Versions/A/CoreDisplay
0x000000002cd31000 	/System/Library/Frameworks/Accelerate.framework/Versions/A/Frameworks/vImage.framework/Versions/A/vImage
0x000000002cd31000 	/System/Library/Frameworks/Accelerate.framework/Versions/A/Frameworks/vecLib.framework/Versions/A/vecLib
0x000000002cd31000 	/System/Library/Frameworks/Accelerate.framework/Versions/A/Frameworks/vecLib.framework/Versions/A/libvDSP.dylib
0x000000002cd31000 	/System/Library/Frameworks/Accelerate.framework/Versions/A/Frameworks/vecLib.framework/Versions/A/libBNNS.dylib
0x000000002cd31000 	/System/Library/Frameworks/Accelerate.framework/Versions/A/Frameworks/vecLib.framework/Versions/A/libQuadrature.dylib
0x000000002cd31000 	/System/Library/Frameworks/Accelerate.framework/Versions/A/Frameworks/vecLib.framework/Versions/A/libvMisc.dylib
0x000000002cd31000 	/System/Library/Frameworks/Accelerate.framework/Versions/A/Frameworks/vecLib.framework/Versions/A/libLAPACK.dylib
0x000000002cd31000 	/System/Library/Frameworks/Accelerate.framework/Versions/A/Frameworks/vecLib.framework/Versions/A/libBLAS.dylib
0x000000002cd31000 	/System/Library/Frameworks/Accelerate.framework/Versions/A/Frameworks/vecLib.framework/Versions/A/libLinearAlgebra.dylib
0x000000002cd31000 	/System/Library/Frameworks/Accelerate.framework/Versions/A/Frameworks/vecLib.framework/Versions/A/libSparse.dylib
0x000000002cd31000 	/System/Library/Frameworks/Accelerate.framework/Versions/A/Frameworks/vecLib.framework/Versions/A/libSparseBLAS.dylib
0x000000002cd31000 	/System/Library/PrivateFrameworks/GPUWrangler.framework/Versions/A/GPUWrangler
0x000000002cd31000 	/System/Library/PrivateFrameworks/IOAccelerator.framework/Versions/A/IOAccelerator
0x000000002cd31000 	/System/Library/PrivateFrameworks/IOPresentment.framework/Versions/A/IOPresentment
0x000000002cd31000 	/System/Library/PrivateFrameworks/DSExternalDisplay.framework/Versions/A/DSExternalDisplay
0x000000002cd31000 	/System/Library/Frameworks/OpenGL.framework/Versions/A/Libraries/libCoreFSCache.dylib
0x000000002cd31000 	/System/Library/Frameworks/CoreVideo.framework/Versions/A/CoreVideo
0x000000002cd31000 	/System/Library/PrivateFrameworks/GraphVisualizer.framework/Versions/A/GraphVisualizer
0x000000002cd31000 	/System/Library/Frameworks/MetalPerformanceShaders.framework/Versions/A/MetalPerformanceShaders
0x000000002cd31000 	/usr/lib/libFosl_dynamic.dylib
0x000000002cd31000 	/System/Library/PrivateFrameworks/FaceCore.framework/Versions/A/FaceCore
0x000000002cd31000 	/System/Library/Frameworks/OpenCL.framework/Versions/A/OpenCL
0x000000002cd31000 	/usr/lib/libcompression.dylib
0x000000002cd31000 	/System/Library/Frameworks/ApplicationServices.framework/Versions/A/Frameworks/ATS.framework/Versions/A/Resources/libFontParser.dylib
0x000000002cd31000 	/System/Library/Frameworks/ApplicationServices.framework/Versions/A/Frameworks/ATS.framework/Versions/A/Resources/libFontRegistry.dylib
0x000000002cd31000 	/System/Library/Frameworks/ImageIO.framework/Versions/A/Resources/libJPEG.dylib
0x000000002cd31000 	/System/Library/Frameworks/ImageIO.framework/Versions/A/Resources/libTIFF.dylib
0x000000002cd31000 	/System/Library/Frameworks/ImageIO.framework/Versions/A/Resources/libPng.dylib
0x000000002cd31000 	/System/Library/Frameworks/ImageIO.framework/Versions/A/Resources/libGIF.dylib
0x000000002cd31000 	/System/Library/Frameworks/ImageIO.framework/Versions/A/Resources/libJP2.dylib
0x000000002cd31000 	/System/Library/Frameworks/ImageIO.framework/Versions/A/Resources/libRadiance.dylib
0x000000002cd31000 	/System/Library/PrivateFrameworks/AppleJPEG.framework/Versions/A/AppleJPEG
0x000000002cd31000 	/System/Library/Frameworks/MetalPerformanceShaders.framework/Frameworks/MPSCore.framework/Versions/A/MPSCore
0x000000002cd31000 	/System/Library/Frameworks/MetalPerformanceShaders.framework/Frameworks/MPSImage.framework/Versions/A/MPSImage
0x000000002cd31000 	/System/Library/Frameworks/MetalPerformanceShaders.framework/Frameworks/MPSNeuralNetwork.framework/Versions/A/MPSNeuralNetwork
0x000000002cd31000 	/System/Library/Frameworks/MetalPerformanceShaders.framework/Frameworks/MPSMatrix.framework/Versions/A/MPSMatrix
0x000000002cd31000 	/System/Library/PrivateFrameworks/MetalTools.framework/Versions/A/MetalTools
0x000000002cd31000 	/System/Library/Frameworks/OpenGL.framework/Versions/A/Libraries/libGLU.dylib
0x000000002cd31000 	/System/Library/Frameworks/OpenGL.framework/Versions/A/Libraries/libGFXShared.dylib
0x000000002cd31000 	/System/Library/Frameworks/OpenGL.framework/Versions/A/Libraries/libGL.dylib
0x000000002cd31000 	/System/Library/Frameworks/OpenGL.framework/Versions/A/Libraries/libGLImage.dylib
0x000000002cd31000 	/System/Library/Frameworks/OpenGL.framework/Versions/A/Libraries/libCVMSPluginSupport.dylib
0x000000002cd31000 	/System/Library/Frameworks/OpenGL.framework/Versions/A/Libraries/libCoreVMClient.dylib
0x000000002cd31000 	/usr/lib/libcups.2.dylib
0x000000002cd31000 	/System/Library/Frameworks/Kerberos.framework/Versions/A/Kerberos
0x000000002cd31000 	/System/Library/Frameworks/GSS.framework/Versions/A/GSS
0x000000002cd31000 	/usr/lib/libresolv.9.dylib
0x000000002cd31000 	/usr/lib/libiconv.2.dylib
0x000000002cd31000 	/System/Library/PrivateFrameworks/Heimdal.framework/Versions/A/Heimdal
0x000000002cd31000 	/usr/lib/libheimdal-asn1.dylib
0x000000002cd31000 	/System/Library/Frameworks/OpenDirectory.framework/Versions/A/OpenDirectory
0x000000002cd31000 	/System/Library/PrivateFrameworks/CommonAuth.framework/Versions/A/CommonAuth
0x000000002cd31000 	/System/Library/Frameworks/OpenDirectory.framework/Versions/A/Frameworks/CFOpenDirectory.framework/Versions/A/CFOpenDirectory
0x000000002cd31000 	/System/Library/Frameworks/SecurityFoundation.framework/Versions/A/SecurityFoundation
0x000000002cd31000 	/System/Library/PrivateFrameworks/APFS.framework/Versions/A/APFS
0x000000002cd31000 	/usr/lib/libutil.dylib
0x000000002cd31000 	/System/Library/PrivateFrameworks/AppleSauce.framework/Versions/A/AppleSauce
0x000000002cd31000 	/System/Library/PrivateFrameworks/LinguisticData.framework/Versions/A/LinguisticData
0x000000002cd31000 	/usr/lib/libmarisa.dylib
0x000000002cd31000 	/System/Library/PrivateFrameworks/Lexicon.framework/Versions/A/Lexicon
0x000000002cd31000 	/usr/lib/libChineseTokenizer.dylib
0x000000002cd31000 	/usr/lib/libcmph.dylib
0x000000002cd31000 	/System/Library/PrivateFrameworks/LanguageModeling.framework/Versions/A/LanguageModeling
0x000000002cd31000 	/System/Library/PrivateFrameworks/CoreEmoji.framework/Versions/A/CoreEmoji
0x000000002cd31000 	/System/Library/Frameworks/ServiceManagement.framework/Versions/A/ServiceManagement
0x000000002cd31000 	/System/Library/PrivateFrameworks/BackgroundTaskManagement.framework/Versions/A/BackgroundTaskManagement
0x000000002cd31000 	/usr/lib/libxslt.1.dylib
0x000000002cd31000 	/System/Library/Frameworks/Carbon.framework/Versions/A/Frameworks/Ink.framework/Versions/A/Ink
0x000000002cd31000 	/System/Library/PrivateFrameworks/TextureIO.framework/Versions/A/TextureIO
0x000000002cd31000 	/usr/lib/libate.dylib
0x000000002cd31000 	/System/Library/PrivateFrameworks/CrashReporterSupport.framework/Versions/A/CrashReporterSupport
0x000000002cd31000 	/System/Library/PrivateFrameworks/Sharing.framework/Versions/A/Sharing
0x000000002cd31000 	/System/Library/PrivateFrameworks/IconServices.framework/Versions/A/IconServices
0x000000002cd31000 	/System/Library/PrivateFrameworks/AuthKit.framework/Versions/A/AuthKit
0x000000002cd31000 	/System/Library/PrivateFrameworks/Apple80211.framework/Versions/A/Apple80211
0x000000002cd31000 	/System/Library/PrivateFrameworks/CoreUtils.framework/Versions/A/CoreUtils
0x000000002cd31000 	/System/Library/Frameworks/CoreWLAN.framework/Versions/A/CoreWLAN
0x000000002cd31000 	/System/Library/Frameworks/IOBluetooth.framework/Versions/A/IOBluetooth
0x000000002cd31000 	/System/Library/PrivateFrameworks/ProtocolBuffer.framework/Versions/A/ProtocolBuffer
0x000000002cd31000 	/System/Library/PrivateFrameworks/MobileKeyBag.framework/Versions/A/MobileKeyBag
0x000000002cd31000 	/System/Library/PrivateFrameworks/CorePhoneNumbers.framework/Versions/A/CorePhoneNumbers
0x000000002cd31000 	/System/Library/PrivateFrameworks/AppleIDAuthSupport.framework/Versions/A/AppleIDAuthSupport
0x000000002cd31000 	/System/Library/PrivateFrameworks/KeychainCircle.framework/Versions/A/KeychainCircle
0x000000002cd31000 	/System/Library/PrivateFrameworks/CoreWiFi.framework/Versions/A/CoreWiFi
0x000000002cd31000 	/System/Library/Frameworks/CoreBluetooth.framework/Versions/A/CoreBluetooth
0x000000002cd31000 	/System/Library/PrivateFrameworks/DebugSymbols.framework/Versions/A/DebugSymbols
0x000000002cd31000 	/System/Library/PrivateFrameworks/CoreSymbolication.framework/Versions/A/CoreSymbolication
0x000000002cd31000 	/System/Library/PrivateFrameworks/Symbolication.framework/Versions/A/Symbolication
0x000000002cd31000 	/System/Library/PrivateFrameworks/AppleFSCompression.framework/Versions/A/AppleFSCompression
0x000000002cd31000 	/System/Library/PrivateFrameworks/SpeechRecognitionCore.framework/Versions/A/SpeechRecognitionCore
0x000000010e600000 	/Library/Java/JavaVirtualMachines/jdk1.8.0_131.jdk/Contents/Home/jre/lib/server/libjvm.dylib
0x000000002cd31000 	/usr/lib/libstdc++.6.0.9.dylib
0x000000010dce5000 	/Library/Java/JavaVirtualMachines/jdk1.8.0_131.jdk/Contents/Home/jre/lib/libverify.dylib
0x000000010dcf3000 	/Library/Java/JavaVirtualMachines/jdk1.8.0_131.jdk/Contents/Home/jre/lib/libjava.dylib
0x000000010dd72000 	/Library/Java/JavaVirtualMachines/jdk1.8.0_131.jdk/Contents/Home/jre/lib/libzip.dylib
0x000000002cd31000 	/System/Library/Frameworks/JavaVM.framework/Versions/A/Frameworks/JavaRuntimeSupport.framework/Versions/A/JavaRuntimeSupport
0x000000002cd31000 	/System/Library/Frameworks/JavaVM.framework/Versions/A/Frameworks/JavaNativeFoundation.framework/Versions/A/JavaNativeFoundation
0x000000002cd31000 	/System/Library/Frameworks/JavaVM.framework/Versions/A/JavaVM
0x000000002cd31000 	/System/Library/Frameworks/Carbon.framework/Versions/A/Carbon
0x000000002cd31000 	/System/Library/PrivateFrameworks/JavaLaunching.framework/Versions/A/JavaLaunching
0x000000002cd31000 	/System/Library/Frameworks/Carbon.framework/Versions/A/Frameworks/CommonPanels.framework/Versions/A/CommonPanels
0x000000002cd31000 	/System/Library/Frameworks/Carbon.framework/Versions/A/Frameworks/Help.framework/Versions/A/Help
0x000000002cd31000 	/System/Library/Frameworks/Carbon.framework/Versions/A/Frameworks/ImageCapture.framework/Versions/A/ImageCapture
0x000000002cd31000 	/System/Library/Frameworks/Carbon.framework/Versions/A/Frameworks/OpenScripting.framework/Versions/A/OpenScripting
0x000000002cd31000 	/System/Library/Frameworks/Carbon.framework/Versions/A/Frameworks/Print.framework/Versions/A/Print
0x000000002cd31000 	/System/Library/Frameworks/Carbon.framework/Versions/A/Frameworks/SecurityHI.framework/Versions/A/SecurityHI
0x000000011603a000 	/private/var/folders/yk/sp2zrqzn0f351lh1kb94p0wm0000gr/T/liblz4-java8769088652150155414.dylib
0x0000000116087000 	/Library/Java/JavaVirtualMachines/jdk1.8.0_131.jdk/Contents/Home/jre/lib/libnet.dylib
0x00000001160e6000 	/Library/Java/JavaVirtualMachines/jdk1.8.0_131.jdk/Contents/Home/jre/lib/libnio.dylib
0x0000000116377000 	/Library/Java/JavaVirtualMachines/jdk1.8.0_131.jdk/Contents/Home/jre/lib/libawt.dylib
0x000000011641f000 	/Library/Java/JavaVirtualMachines/jdk1.8.0_131.jdk/Contents/Home/jre/lib/./libmlib_image.dylib
0x00000001164eb000 	/Library/Java/JavaVirtualMachines/jdk1.8.0_131.jdk/Contents/Home/jre/lib/libawt_lwawt.dylib
0x00000001165a2000 	/Library/Java/JavaVirtualMachines/jdk1.8.0_131.jdk/Contents/Home/jre/lib/./libosxapp.dylib
0x000000002cd31000 	/System/Library/Frameworks/ExceptionHandling.framework/Versions/A/ExceptionHandling
0x000000002cd31000 	/System/Library/PrivateFrameworks/CoreServicesInternal.framework/Versions/A/CoreServicesInternal
0x000000002cd31000 	/System/Library/CoreServices/RawCamera.bundle/Contents/MacOS/RawCamera
0x000000002cd31000 	/System/Library/PrivateFrameworks/MobileAsset.framework/Versions/A/MobileAsset
0x000000002cd31000 	/System/Library/PrivateFrameworks/StreamingZip.framework/Versions/A/StreamingZip
0x000000002cd31000 	/System/Library/Frameworks/MediaToolbox.framework/Versions/A/MediaToolbox
0x000000002cd31000 	/System/Library/PrivateFrameworks/CoreAVCHD.framework/Versions/A/CoreAVCHD
0x000000002cd31000 	/System/Library/Frameworks/MediaAccessibility.framework/Versions/A/MediaAccessibility
0x000000002cd31000 	/System/Library/PrivateFrameworks/Mangrove.framework/Versions/A/Mangrove
0x000000002cd31000 	/System/Library/Frameworks/CoreMedia.framework/Versions/A/CoreMedia
0x000000002cd31000 	/System/Library/Frameworks/VideoToolbox.framework/Versions/A/VideoToolbox
0x000000002cd31000 	/System/Library/PrivateFrameworks/CoreAUC.framework/Versions/A/CoreAUC
0x000000002cd31000 	/usr/lib/libspindump.dylib
0x000000002cd31000 	/System/Library/PrivateFrameworks/AppleVA.framework/Versions/A/AppleVA
0x000000002cd31000 	/System/Library/Frameworks/Accelerate.framework/Versions/A/Frameworks/vImage.framework/Versions/A/Libraries/libCGInterfaces.dylib
0x000000002cd31000 	/System/Library/Frameworks/ApplicationServices.framework/Versions/A/Frameworks/ATS.framework/Versions/A/Resources/libTrueTypeScaler.dylib
0x000000002cd31000 	/System/Library/Extensions/AppleIntelSKLGraphicsMTLDriver.bundle/Contents/MacOS/AppleIntelSKLGraphicsMTLDriver
0x000000002cd31000 	/System/Library/PrivateFrameworks/GPUCompiler.framework/Versions/3802/Libraries/libmetal_timestamp.dylib
0x000000002cd31000 	/System/Library/PrivateFrameworks/FamilyControls.framework/Versions/A/FamilyControls
0x000000002cd31000 	/System/Library/PrivateFrameworks/CommerceKit.framework/Versions/A/Frameworks/CommerceCore.framework/Versions/A/CommerceCore
0x000000002cd31000 	/System/Library/PrivateFrameworks/SystemAdministration.framework/Versions/A/SystemAdministration
0x000000002cd31000 	/System/Library/PrivateFrameworks/AppContainer.framework/Versions/A/AppContainer
0x000000002cd31000 	/System/Library/PrivateFrameworks/SecCodeWrapper.framework/Versions/A/SecCodeWrapper
0x000000002cd31000 	/System/Library/PrivateFrameworks/DiskManagement.framework/Versions/A/DiskManagement
0x000000002cd31000 	/System/Library/Frameworks/DirectoryService.framework/Versions/A/DirectoryService
0x000000002cd31000 	/System/Library/PrivateFrameworks/DiskImages.framework/Versions/A/DiskImages
0x000000002cd31000 	/System/Library/PrivateFrameworks/LoginUIKit.framework/Versions/A/Frameworks/LoginUICore.framework/Versions/A/LoginUICore
0x000000002cd31000 	/usr/lib/libCoreStorage.dylib
0x000000002cd31000 	/usr/lib/libcsfde.dylib
0x000000002cd31000 	/usr/lib/libodfde.dylib
0x000000002cd31000 	/System/Library/PrivateFrameworks/MediaKit.framework/Versions/A/MediaKit
0x000000002cd31000 	/System/Library/Frameworks/DiscRecording.framework/Versions/A/DiscRecording
0x000000002cd31000 	/System/Library/PrivateFrameworks/EFILogin.framework/Versions/A/EFILogin
0x000000002cd31000 	/System/Library/PrivateFrameworks/ProtectedCloudStorage.framework/Versions/A/ProtectedCloudStorage
0x000000002cd31000 	/usr/lib/libcurl.4.dylib
0x000000002cd31000 	/usr/lib/libcrypto.35.dylib
0x000000002cd31000 	/usr/lib/libssl.35.dylib
0x000000002cd31000 	/System/Library/Frameworks/LDAP.framework/Versions/A/LDAP
0x000000002cd31000 	/System/Library/PrivateFrameworks/TrustEvaluationAgent.framework/Versions/A/TrustEvaluationAgent
0x000000002cd31000 	/usr/lib/libsasl2.2.dylib
0x000000002cd31000 	/System/Library/PrivateFrameworks/CoreDaemon.framework/Versions/B/CoreDaemon
0x000000002cd31000 	/System/Library/PrivateFrameworks/AppleSRP.framework/Versions/A/AppleSRP
0x0000000129a8f000 	/Library/Java/JavaVirtualMachines/jdk1.8.0_131.jdk/Contents/Home/jre/lib/libfontmanager.dylib
0x00000001161c9000 	/Library/Java/JavaVirtualMachines/jdk1.8.0_131.jdk/Contents/Home/jre/lib/libosxui.dylib
0x000000002cd31000 	/System/Library/Frameworks/OpenGL.framework/Versions/A/Resources/GLEngine.bundle/GLEngine
0x000000002cd31000 	/System/Library/Frameworks/OpenGL.framework/Versions/A/Libraries/libGLProgrammability.dylib
0x000000012a69e000 	/System/Library/Extensions/AppleIntelSKLGraphicsGLDriver.bundle/Contents/MacOS/AppleIntelSKLGraphicsGLDriver
0x000000002cd31000 	/System/Library/PrivateFrameworks/GPUSupport.framework/Versions/A/Libraries/libGPUSupportMercury.dylib
0x000000002cd31000 	/System/Library/Frameworks/OpenGL.framework/Versions/A/Resources/GLRendererFloat.bundle/GLRendererFloat
0x000000002cd31000 	/System/Library/Frameworks/OpenCL.framework/Versions/A/Libraries/libcldcpuengine.dylib
0x0000000170cfe000 	/Library/Java/JavaVirtualMachines/jdk1.8.0_131.jdk/Contents/Home/jre/lib/libdcpr.dylib

VM Arguments:
jvm_args: -Dfile.encoding=UTF-8 
java_command: analyser.Analyser
java_class_path (initial): /Users/gchristi/Documents/workspace/Clas12/Analyse/FirstAnalysis/bin:/Users/gchristi/Documents/workspace/Clas12/Analyse/AnalysisTools/bin:/Applications/Eclipse.app/Contents/Eclipse/plugins/org.junit_4.12.0.v201504281640/junit.jar:/Applications/Eclipse.app/Contents/Eclipse/plugins/org.hamcrest.core_1.3.0.v201303031735.jar:/Users/gchristi/Documents/workspace/Clas12/Decoder/CoatjavaExpertDecoder/coatjava/lib/clas/coat-libs-5.1-SNAPSHOT.jar:/Users/gchristi/Documents/workspace/Clas12/Coatjava/clas12-offline-software/coatjava/lib/clas/coat-libs-5.0-SNAPSHOT.jar
Launcher Type: SUN_STANDARD

Environment Variables:
PATH=/usr/bin:/bin:/usr/sbin:/sbin
SHELL=/bin/zsh
DISPLAY=/private/tmp/com.apple.launchd.OUDCqfTjFM/org.macosforge.xquartz:0

Signal Handlers:
SIGSEGV: [libjvm.dylib+0x5b1eb1], sa_mask[0]=11111111011111110111111111111111, sa_flags=SA_ONSTACK|SA_RESTART|SA_SIGINFO
SIGBUS: [libjvm.dylib+0x5b1eb1], sa_mask[0]=11111111011111110111111111111111, sa_flags=SA_RESTART|SA_SIGINFO
SIGFPE: [libjvm.dylib+0x488988], sa_mask[0]=11111111011111110111111111111111, sa_flags=SA_RESTART|SA_SIGINFO
SIGPIPE: [libjvm.dylib+0x488988], sa_mask[0]=11111111011111110111111111111111, sa_flags=SA_RESTART|SA_SIGINFO
SIGXFSZ: [libjvm.dylib+0x488988], sa_mask[0]=11111111011111110111111111111111, sa_flags=SA_RESTART|SA_SIGINFO
SIGILL: [libjvm.dylib+0x488988], sa_mask[0]=11111111011111110111111111111111, sa_flags=SA_RESTART|SA_SIGINFO
SIGUSR1: SIG_DFL, sa_mask[0]=00000000000000000000000000000000, sa_flags=none
SIGUSR2: [libjvm.dylib+0x4884a6], sa_mask[0]=00100000000000000000000000000000, sa_flags=SA_RESTART|SA_SIGINFO
SIGHUP: [libjvm.dylib+0x486a7d], sa_mask[0]=11111111011111110111111111111111, sa_flags=SA_RESTART|SA_SIGINFO
SIGINT: [libjvm.dylib+0x486a7d], sa_mask[0]=11111111011111110111111111111111, sa_flags=SA_RESTART|SA_SIGINFO
SIGTERM: [libjvm.dylib+0x486a7d], sa_mask[0]=11111111011111110111111111111111, sa_flags=SA_RESTART|SA_SIGINFO
SIGQUIT: [libjvm.dylib+0x486a7d], sa_mask[0]=11111111011111110111111111111111, sa_flags=SA_RESTART|SA_SIGINFO


---------------  S Y S T E M  ---------------

OS:Bsduname:Darwin 17.7.0 Darwin Kernel Version 17.7.0: Thu Jun 21 22:53:14 PDT 2018; root:xnu-4570.71.2~1/RELEASE_X86_64 x86_64
rlimit: STACK 8192k, CORE 0k, NPROC 709, NOFILE 10240, AS infinity
load average:7.38 13.74 10.58

CPU:total 4 (initial active 4) (2 cores per cpu, 2 threads per core) family 6 model 78 stepping 3, cmov, cx8, fxsr, mmx, sse, sse2, sse3, ssse3, sse4.1, sse4.2, popcnt, avx, avx2, aes, clmul, erms, rtm, 3dnowpref, lzcnt, ht, tsc, tscinvbit, bmi1, bmi2, adx

Memory: 4k page, physical 8388608k(26028k free)

/proc/meminfo:


vm_info: Java HotSpot(TM) 64-Bit Server VM (25.131-b11) for bsd-amd64 JRE (1.8.0_131-b11), built on Mar 15 2017 01:32:22 by "java_re" with gcc 4.2.1 (Based on Apple Inc. build 5658) (LLVM build 2336.11.00)

time: Fri Jul 20 09:36:01 2018
elapsed time: 4343 seconds (0d 1h 12m 23s)

