#
# A fatal error has been detected by the Java Runtime Environment:
#
#  SIGSEGV (0xb) at pc=0x0000000125daa3bf, pid=42359, tid=0x000000000000b47f
#
# JRE version: Java(TM) SE Runtime Environment (8.0_131-b11) (build 1.8.0_131-b11)
# Java VM: Java HotSpot(TM) 64-Bit Server VM (25.131-b11 mixed mode bsd-amd64 compressed oops)
# Problematic frame:
# C  [libawt_lwawt.dylib+0x1c3bf]  OGLSD_SetScratchSurface+0x49
#
# Failed to write core dump. Core dumps have been disabled. To enable core dumping, try "ulimit -c unlimited" before starting Java again
#
# If you would like to submit a bug report, please visit:
#   http://bugreport.java.com/bugreport/crash.jsp
# The crash happened outside the Java Virtual Machine in native code.
# See problematic frame for where to report the bug.
#

---------------  T H R E A D  ---------------

Current thread (0x00007fafa596d000):  JavaThread "Java2D Queue Flusher" daemon [_thread_in_native, id=46207, stack(0x0000700002770000,0x0000700002870000)]

siginfo: si_signo: 11 (SIGSEGV), si_code: 1 (SEGV_MAPERR), si_addr: 0x0000000000000002

Registers:
RAX=0x00000000ffffffff, RBX=0x0000000000000002, RCX=0x0000000000000047, RDX=0x0000000125dcb258
RSP=0x000070000286f760, RBP=0x000070000286f780, RSI=0x00007fafaab70320, RDI=0x00007fafa596d1f8
R8 =0x0000000000003060, R9 =0x0000000000000040, R10=0x000000010f8c6038, R11=0x0000000000000020
R12=0x0000000000000000, R13=0x000000010ffe4c8c, R14=0x00007fafa596d1f8, R15=0x00007fafa596d000
RIP=0x0000000125daa3bf, EFLAGS=0x0000000000010202, ERR=0x0000000000000004
  TRAPNO=0x000000000000000e

Top of Stack: (sp=0x000070000286f760)
0x000070000286f760:   00007fafaab70320 0000000000000000
0x000070000286f770:   00007fafa6249010 00007fafa596d000
0x000070000286f780:   000070000286f800 0000000125dcad36
0x000070000286f790:   000070000286f7c0 000000010e82f1cc
0x000070000286f7a0:   0000000000000064 0000000000000000
0x000070000286f7b0:   0000000000000064 00007fafa4e89588
0x000070000286f7c0:   000070000286f820 00007fafa6249020
0x000070000286f7d0:   0000000000000005 00007fafa596d1f8
0x000070000286f7e0:   00000007413efe48 0000000000000000
0x000070000286f7f0:   000070000286f878 00007fafa596d000
0x000070000286f800:   000070000286f850 000000010f8c60aa
0x000070000286f810:   00000007413efe48 00007fafa596d000
0x000070000286f820:   000070000286f870 000000010f7835e8
0x000070000286f830:   00000007413efee0 000070000286f878
0x000070000286f840:   000000012b2d9670 0000000000000000
0x000070000286f850:   00000007413efe48 000000010f99d310
0x000070000286f860:   000070000286f880 000070000286f9d0
0x000070000286f870:   000070000286f9d0 000000010ffe4b84
0x000070000286f880:   00000000000000e7 0000000122d7ab48
0x000070000286f890:   0000000000000000 0000000000000000
0x000070000286f8a0:   0000000000000000 0000000100000000
0x000070000286f8b0:   00000000000000dc 0000000000000000
0x000070000286f8c0:   000070000286f960 00007fafa596d000
0x000070000286f8d0:   000070000286f938 000000010f2bab9a
0x000070000286f8e0:   0000000100000000 00000007413efee0
0x000070000286f8f0:   00000007413efee0 0000700000000000
0x000070000286f900:   000000010ffe3e10 000070000286f960
0x000070000286f910:   0000000122d7abd8 000000012d3df370
0x000070000286f920:   0000000000000001 00000007413efee0
0x000070000286f930:   000070000286f960 000070000286f9d0
0x000070000286f940:   000000010f29a7a7 0000000000000000
0x000070000286f950:   000070000286f9d0 000000010f29a7a7 

Instructions: (pc=0x0000000125daa3bf)
0x0000000125daa39f:   c0 e9 82 00 00 00 48 8b 5e 10 48 85 db 75 0e bf
0x0000000125daa3af:   01 00 00 00 48 8d 15 07 7c 03 00 eb d6 49 89 fe
0x0000000125daa3bf:   4c 8b 3b 30 c0 e8 c1 a6 02 00 49 8b 3f 49 89 c4
0x0000000125daa3cf:   48 8b 35 4a 03 06 00 30 c0 e8 0f a8 02 00 48 85 

Register to memory mapping:

RAX=0x00000000ffffffff is an unknown value
RBX=0x0000000000000002 is an unknown value
RCX=0x0000000000000047 is an unknown value
RDX=0x0000000125dcb258: Java_sun_java2d_opengl_OGLRenderQueue_flushBuffer+0xb5c in /Library/Java/JavaVirtualMachines/jdk1.8.0_131.jdk/Contents/Home/jre/lib/libawt_lwawt.dylib at 0x0000000125d8e000
RSP=0x000070000286f760 is pointing into the stack for thread: 0x00007fafa596d000
RBP=0x000070000286f780 is pointing into the stack for thread: 0x00007fafa596d000
RSI=0x00007fafaab70320 is an unknown value
RDI=0x00007fafa596d1f8 is an unknown value
R8 =0x0000000000003060 is an unknown value
R9 =0x0000000000000040 is an unknown value
R10=0x000000010f8c6038 is at entry_point+56 in (nmethod*)0x000000010f8c5e90
R11=0x0000000000000020 is an unknown value
R12=0x0000000000000000 is an unknown value
R13=0x000000010ffe4c8c is at entry_point+2764 in (nmethod*)0x000000010ffe3e10
R14=0x00007fafa596d1f8 is an unknown value
R15=0x00007fafa596d000 is a thread


Stack: [0x0000700002770000,0x0000700002870000],  sp=0x000070000286f760,  free space=1021k
Native frames: (J=compiled Java code, j=interpreted, Vv=VM code, C=native code)
C  [libawt_lwawt.dylib+0x1c3bf]  OGLSD_SetScratchSurface+0x49
C  [libawt_lwawt.dylib+0x3cd36]  Java_sun_java2d_opengl_OGLRenderQueue_flushBuffer+0x63a
J 2162  sun.java2d.opengl.OGLRenderQueue.flushBuffer(JI)V (0 bytes) @ 0x000000010f8c60aa [0x000000010f8c6000+0xaa]
J 4437 C2 sun.java2d.opengl.OGLRenderQueue.flushBuffer()V (41 bytes) @ 0x000000010f99d310 [0x000000010f99d2c0+0x50]
J 4911% C1 sun.java2d.opengl.OGLRenderQueue$QueueFlusher.run()V (234 bytes) @ 0x000000010ffe4b84 [0x000000010ffe41c0+0x9c4]
v  ~StubRoutines::call_stub
V  [libjvm.dylib+0x2ee5b6]  JavaCalls::call_helper(JavaValue*, methodHandle*, JavaCallArguments*, Thread*)+0x6ae
V  [libjvm.dylib+0x2eed5a]  JavaCalls::call_virtual(JavaValue*, KlassHandle, Symbol*, Symbol*, JavaCallArguments*, Thread*)+0x164
V  [libjvm.dylib+0x2eef06]  JavaCalls::call_virtual(JavaValue*, Handle, KlassHandle, Symbol*, Symbol*, Thread*)+0x4a
V  [libjvm.dylib+0x34965d]  thread_entry(JavaThread*, Thread*)+0x7c
V  [libjvm.dylib+0x56b87f]  JavaThread::thread_main_inner()+0x9b
V  [libjvm.dylib+0x56cf6c]  JavaThread::run()+0x1c2
V  [libjvm.dylib+0x48b376]  java_start(Thread*)+0xf6
C  [libsystem_pthread.dylib+0x3661]  _pthread_body+0x154
C  [libsystem_pthread.dylib+0x350d]  _pthread_body+0x0
C  [libsystem_pthread.dylib+0x2bf9]  thread_start+0xd
C  0x0000000000000000

Java frames: (J=compiled Java code, j=interpreted, Vv=VM code)
J 2162  sun.java2d.opengl.OGLRenderQueue.flushBuffer(JI)V (0 bytes) @ 0x000000010f8c6038 [0x000000010f8c6000+0x38]
J 4437 C2 sun.java2d.opengl.OGLRenderQueue.flushBuffer()V (41 bytes) @ 0x000000010f99d310 [0x000000010f99d2c0+0x50]
J 4911% C1 sun.java2d.opengl.OGLRenderQueue$QueueFlusher.run()V (234 bytes) @ 0x000000010ffe4b84 [0x000000010ffe41c0+0x9c4]
v  ~StubRoutines::call_stub

---------------  P R O C E S S  ---------------

Java Threads: ( => current thread )
  0x00007fafad00e000 JavaThread "DestroyJavaVM" [_thread_blocked, id=6147, stack(0x00007000016ba000,0x00007000017ba000)]
  0x00007fafa5864800 JavaThread "TimerQueue" daemon [_thread_blocked, id=3883, stack(0x0000700002afc000,0x0000700002bfc000)]
  0x00007fafa5998000 JavaThread "AWT-EventQueue-0" [_thread_blocked, id=54019, stack(0x00007000029f9000,0x0000700002af9000)]
  0x00007fafa596d800 JavaThread "Java2D Disposer" daemon [_thread_blocked, id=80147, stack(0x0000700002873000,0x0000700002973000)]
=>0x00007fafa596d000 JavaThread "Java2D Queue Flusher" daemon [_thread_in_native, id=46207, stack(0x0000700002770000,0x0000700002870000)]
  0x00007fafa6942000 JavaThread "AWT-Shutdown" [_thread_blocked, id=40235, stack(0x00007000024e4000,0x00007000025e4000)]
  0x00007fafa51c4800 JavaThread "AppKit Thread" daemon [_thread_in_native, id=775, stack(0x00007ffee2781000,0x00007ffee2f81000)]
  0x00007fafa5017000 JavaThread "Service Thread" daemon [_thread_blocked, id=18179, stack(0x00007000022de000,0x00007000023de000)]
  0x00007fafa6030800 JavaThread "C1 CompilerThread2" daemon [_thread_blocked, id=18435, stack(0x00007000021db000,0x00007000022db000)]
  0x00007fafa5012000 JavaThread "C2 CompilerThread1" daemon [_thread_blocked, id=14595, stack(0x00007000020d8000,0x00007000021d8000)]
  0x00007fafa5822800 JavaThread "C2 CompilerThread0" daemon [_thread_blocked, id=18947, stack(0x0000700001fd5000,0x00007000020d5000)]
  0x00007fafa5817000 JavaThread "Signal Dispatcher" daemon [_thread_blocked, id=19463, stack(0x0000700001ed2000,0x0000700001fd2000)]
  0x00007fafa6831800 JavaThread "Finalizer" daemon [_thread_blocked, id=20739, stack(0x0000700001dcf000,0x0000700001ecf000)]
  0x00007fafa602d800 JavaThread "Reference Handler" daemon [_thread_blocked, id=20995, stack(0x0000700001ccc000,0x0000700001dcc000)]

Other Threads:
  0x00007fafa5010000 VMThread [stack: 0x0000700001bc9000,0x0000700001cc9000] [id=21251]
  0x00007fafa5811800 WatcherThread [stack: 0x00007000023e1000,0x00007000024e1000] [id=15107]

VM state:not at safepoint (normal execution)

VM Mutex/Monitor currently owned by a thread: None

Heap:
 PSYoungGen      total 679424K, used 29985K [0x0000000795580000, 0x00000007c0000000, 0x00000007c0000000)
  eden space 663552K, 2% used [0x0000000795580000,0x0000000796677cf8,0x00000007bdd80000)
  from space 15872K, 79% used [0x00000007bdd80000,0x00000007be9d0990,0x00000007bed00000)
  to   space 18432K, 0% used [0x00000007bee00000,0x00000007bee00000,0x00000007c0000000)
 ParOldGen       total 555520K, used 445800K [0x0000000740000000, 0x0000000761e80000, 0x0000000795580000)
  object space 555520K, 80% used [0x0000000740000000,0x000000075b35a258,0x0000000761e80000)
 Metaspace       used 16122K, capacity 16610K, committed 16896K, reserved 1064960K
  class space    used 1813K, capacity 1947K, committed 2048K, reserved 1048576K

Card table byte_map: [0x000000010d9c0000,0x000000010ddc1000] byte_map_base: 0x0000000109fc0000

Marking Bits: (ParMarkBitMap*) 0x000000010ebe8ea0
 Begin Bits: [0x000000011e29a000, 0x000000012029a000)
 End Bits:   [0x000000012029a000, 0x000000012229a000)

Polling page: 0x000000010ccfb000

CodeCache: size=245760Kb used=13722Kb max_used=13789Kb free=232037Kb
 bounds [0x000000010f29a000, 0x000000011003a000, 0x000000011e29a000]
 total_blobs=4206 nmethods=3598 adapters=520
 compilation: enabled

Compilation events (10 events):
Event: 28389.626 Thread 0x00007fafa5822800 nmethod 4985 0x000000010fb0c510 code [0x000000010fb0c660, 0x000000010fb0c6f8]
Event: 28389.628 Thread 0x00007fafa6030800 nmethod 4984 0x000000010f705e10 code [0x000000010f706300, 0x000000010f70a688]
Event: 28389.635 Thread 0x00007fafa5012000 4986       4       sun.java2d.pipe.BufferedContext::validate (575 bytes)
Event: 28390.032 Thread 0x00007fafa5012000 nmethod 4986 0x000000011002cdd0 code [0x000000011002d220, 0x0000000110030120]
Event: 28390.298 Thread 0x00007fafa6030800 4987       3       sun.font.ExtendedTextSourceLabel::draw (12 bytes)
Event: 28390.299 Thread 0x00007fafa6030800 nmethod 4987 0x000000010f7c1d50 code [0x000000010f7c1ee0, 0x000000010f7c2318]
Event: 28390.303 Thread 0x00007fafa6030800 4988   !   3       sun.java2d.pipe.BufferedTextPipe::drawGlyphList (58 bytes)
Event: 28390.305 Thread 0x00007fafa6030800 nmethod 4988 0x000000010f655ad0 code [0x000000010f655ce0, 0x000000010f6568c8]
Event: 28390.350 Thread 0x00007fafa6030800 4989   !   3       sun.java2d.SunGraphics2D::drawGlyphVector (85 bytes)
Event: 28390.351 Thread 0x00007fafa6030800 nmethod 4989 0x000000010f6e6390 code [0x000000010f6e6580, 0x000000010f6e7058]

GC Heap History (10 events):
Event: 733.447 GC heap before
{Heap before GC invocations=974 (full 19):
 PSYoungGen      total 671744K, used 655275K [0x0000000795580000, 0x00000007bfc00000, 0x00000007c0000000)
  eden space 653824K, 100% used [0x0000000795580000,0x00000007bd400000,0x00000007bd400000)
  from space 17920K, 8% used [0x00000007bea80000,0x00000007bebeaf90,0x00000007bfc00000)
  to   space 20480K, 0% used [0x00000007bd400000,0x00000007bd400000,0x00000007be800000)
 ParOldGen       total 555520K, used 444647K [0x0000000740000000, 0x0000000761e80000, 0x0000000795580000)
  object space 555520K, 80% used [0x0000000740000000,0x000000075b239d38,0x0000000761e80000)
 Metaspace       used 15899K, capacity 16318K, committed 16512K, reserved 1064960K
  class space    used 1801K, capacity 1915K, committed 1920K, reserved 1048576K
Event: 733.463 GC heap after
Heap after GC invocations=974 (full 19):
 PSYoungGen      total 674304K, used 1177K [0x0000000795580000, 0x00000007c0000000, 0x00000007c0000000)
  eden space 653824K, 0% used [0x0000000795580000,0x0000000795580000,0x00000007bd400000)
  from space 20480K, 5% used [0x00000007bd400000,0x00000007bd526520,0x00000007be800000)
  to   space 19456K, 0% used [0x00000007bed00000,0x00000007bed00000,0x00000007c0000000)
 ParOldGen       total 555520K, used 444647K [0x0000000740000000, 0x0000000761e80000, 0x0000000795580000)
  object space 555520K, 80% used [0x0000000740000000,0x000000075b239d38,0x0000000761e80000)
 Metaspace       used 15899K, capacity 16318K, committed 16512K, reserved 1064960K
  class space    used 1801K, capacity 1915K, committed 1920K, reserved 1048576K
}
Event: 1879.794 GC heap before
{Heap before GC invocations=975 (full 19):
 PSYoungGen      total 674304K, used 650767K [0x0000000795580000, 0x00000007c0000000, 0x00000007c0000000)
  eden space 653824K, 99% used [0x0000000795580000,0x00000007bcfdd818,0x00000007bd400000)
  from space 20480K, 5% used [0x00000007bd400000,0x00000007bd526520,0x00000007be800000)
  to   space 19456K, 0% used [0x00000007bed00000,0x00000007bed00000,0x00000007c0000000)
 ParOldGen       total 555520K, used 444647K [0x0000000740000000, 0x0000000761e80000, 0x0000000795580000)
  object space 555520K, 80% used [0x0000000740000000,0x000000075b239d38,0x0000000761e80000)
 Metaspace       used 15936K, capacity 16382K, committed 16512K, reserved 1064960K
  class space    used 1802K, capacity 1915K, committed 1920K, reserved 1048576K
Event: 1879.824 GC heap after
Heap after GC invocations=975 (full 19):
 PSYoungGen      total 675328K, used 1881K [0x0000000795580000, 0x00000007bfd00000, 0x00000007c0000000)
  eden space 658944K, 0% used [0x0000000795580000,0x0000000795580000,0x00000007bd900000)
  from space 16384K, 11% used [0x00000007bed00000,0x00000007beed6520,0x00000007bfd00000)
  to   space 18432K, 0% used [0x00000007bd900000,0x00000007bd900000,0x00000007beb00000)
 ParOldGen       total 555520K, used 444655K [0x0000000740000000, 0x0000000761e80000, 0x0000000795580000)
  object space 555520K, 80% used [0x0000000740000000,0x000000075b23bd38,0x0000000761e80000)
 Metaspace       used 15936K, capacity 16382K, committed 16512K, reserved 1064960K
  class space    used 1802K, capacity 1915K, committed 1920K, reserved 1048576K
}
Event: 2054.837 GC heap before
{Heap before GC invocations=976 (full 19):
 PSYoungGen      total 675328K, used 659972K [0x0000000795580000, 0x00000007bfd00000, 0x00000007c0000000)
  eden space 658944K, 99% used [0x0000000795580000,0x00000007bd82ab58,0x00000007bd900000)
  from space 16384K, 11% used [0x00000007bed00000,0x00000007beed6520,0x00000007bfd00000)
  to   space 18432K, 0% used [0x00000007bd900000,0x00000007bd900000,0x00000007beb00000)
 ParOldGen       total 555520K, used 444655K [0x0000000740000000, 0x0000000761e80000, 0x0000000795580000)
  object space 555520K, 80% used [0x0000000740000000,0x000000075b23bd38,0x0000000761e80000)
 Metaspace       used 15998K, capacity 16542K, committed 16896K, reserved 1064960K
  class space    used 1807K, capacity 1947K, committed 2048K, reserved 1048576K
Event: 2054.846 GC heap after
Heap after GC invocations=976 (full 19):
 PSYoungGen      total 677376K, used 2304K [0x0000000795580000, 0x00000007bff00000, 0x00000007c0000000)
  eden space 658944K, 0% used [0x0000000795580000,0x0000000795580000,0x00000007bd900000)
  from space 18432K, 12% used [0x00000007bd900000,0x00000007bdb40000,0x00000007beb00000)
  to   space 16896K, 0% used [0x00000007bee80000,0x00000007bee80000,0x00000007bff00000)
 ParOldGen       total 555520K, used 445192K [0x0000000740000000, 0x0000000761e80000, 0x0000000795580000)
  object space 555520K, 80% used [0x0000000740000000,0x000000075b2c2258,0x0000000761e80000)
 Metaspace       used 15998K, capacity 16542K, committed 16896K, reserved 1064960K
  class space    used 1807K, capacity 1947K, committed 2048K, reserved 1048576K
}
Event: 2506.346 GC heap before
{Heap before GC invocations=977 (full 19):
 PSYoungGen      total 677376K, used 657115K [0x0000000795580000, 0x00000007bff00000, 0x00000007c0000000)
  eden space 658944K, 99% used [0x0000000795580000,0x00000007bd4f6c58,0x00000007bd900000)
  from space 18432K, 12% used [0x00000007bd900000,0x00000007bdb40000,0x00000007beb00000)
  to   space 16896K, 0% used [0x00000007bee80000,0x00000007bee80000,0x00000007bff00000)
 ParOldGen       total 555520K, used 445192K [0x0000000740000000, 0x0000000761e80000, 0x0000000795580000)
  object space 555520K, 80% used [0x0000000740000000,0x000000075b2c2258,0x0000000761e80000)
 Metaspace       used 16077K, capacity 16610K, committed 16896K, reserved 1064960K
  class space    used 1809K, capacity 1947K, committed 2048K, reserved 1048576K
Event: 2506.368 GC heap after
Heap after GC invocations=977 (full 19):
 PSYoungGen      total 677888K, used 2048K [0x0000000795580000, 0x00000007bfc80000, 0x00000007c0000000)
  eden space 663552K, 0% used [0x0000000795580000,0x0000000795580000,0x00000007bdd80000)
  from space 14336K, 14% used [0x00000007bee80000,0x00000007bf080000,0x00000007bfc80000)
  to   space 15872K, 0% used [0x00000007bdd80000,0x00000007bdd80000,0x00000007bed00000)
 ParOldGen       total 555520K, used 445776K [0x0000000740000000, 0x0000000761e80000, 0x0000000795580000)
  object space 555520K, 80% used [0x0000000740000000,0x000000075b354258,0x0000000761e80000)
 Metaspace       used 16077K, capacity 16610K, committed 16896K, reserved 1064960K
  class space    used 1809K, capacity 1947K, committed 2048K, reserved 1048576K
}
Event: 28390.796 GC heap before
{Heap before GC invocations=978 (full 19):
 PSYoungGen      total 677888K, used 665600K [0x0000000795580000, 0x00000007bfc80000, 0x00000007c0000000)
  eden space 663552K, 100% used [0x0000000795580000,0x00000007bdd80000,0x00000007bdd80000)
  from space 14336K, 14% used [0x00000007bee80000,0x00000007bf080000,0x00000007bfc80000)
  to   space 15872K, 0% used [0x00000007bdd80000,0x00000007bdd80000,0x00000007bed00000)
 ParOldGen       total 555520K, used 445776K [0x0000000740000000, 0x0000000761e80000, 0x0000000795580000)
  object space 555520K, 80% used [0x0000000740000000,0x000000075b354258,0x0000000761e80000)
 Metaspace       used 16121K, capacity 16610K, committed 16896K, reserved 1064960K
  class space    used 1813K, capacity 1947K, committed 2048K, reserved 1048576K
Event: 28390.934 GC heap after
Heap after GC invocations=978 (full 19):
 PSYoungGen      total 679424K, used 12610K [0x0000000795580000, 0x00000007c0000000, 0x00000007c0000000)
  eden space 663552K, 0% used [0x0000000795580000,0x0000000795580000,0x00000007bdd80000)
  from space 15872K, 79% used [0x00000007bdd80000,0x00000007be9d0990,0x00000007bed00000)
  to   space 18432K, 0% used [0x00000007bee00000,0x00000007bee00000,0x00000007c0000000)
 ParOldGen       total 555520K, used 445800K [0x0000000740000000, 0x0000000761e80000, 0x0000000795580000)
  object space 555520K, 80% used [0x0000000740000000,0x000000075b35a258,0x0000000761e80000)
 Metaspace       used 16121K, capacity 16610K, committed 16896K, reserved 1064960K
  class space    used 1813K, capacity 1947K, committed 2048K, reserved 1048576K
}

Deoptimization events (10 events):
Event: 28282.454 Thread 0x00007fafa5998000 Uncommon trap: reason=unstable_if action=reinterpret pc=0x000000010f9c7938 method=sun.java2d.pipe.AAShapePipe.renderPath(Lsun/java2d/SunGraphics2D;Ljava/awt/Shape;Ljava/awt/BasicStroke;)V @ 69
Event: 28282.456 Thread 0x00007fafa5998000 Uncommon trap: reason=unstable_if action=reinterpret pc=0x000000010fdc3260 method=sun.java2d.pipe.AAShapePipe.renderPath(Lsun/java2d/SunGraphics2D;Ljava/awt/Shape;Ljava/awt/BasicStroke;)V @ 69
Event: 28282.456 Thread 0x00007fafa5998000 Uncommon trap: reason=unstable_if action=reinterpret pc=0x000000010fccf38c method=sun.java2d.pipe.AAShapePipe.renderPath(Lsun/java2d/SunGraphics2D;Ljava/awt/Shape;Ljava/awt/BasicStroke;)V @ 69
Event: 28283.421 Thread 0x00007fafa5998000 Uncommon trap: reason=unstable_if action=reinterpret pc=0x000000010fcf488c method=sun.java2d.pipe.BufferedContext.validate(Lsun/java2d/pipe/hw/AccelSurface;Lsun/java2d/pipe/hw/AccelSurface;Lsun/java2d/pipe/Region;Ljava/awt/Composite;Ljava/awt/geom/AffineT
Event: 28387.909 Thread 0x00007fafa5998000 Uncommon trap: reason=unstable_if action=reinterpret pc=0x000000010fabf6ec method=sun.java2d.SunGraphics2D.getCompClip()Lsun/java2d/pipe/Region; @ 7
Event: 28387.947 Thread 0x00007fafa5998000 Uncommon trap: reason=unstable_if action=reinterpret pc=0x0000000110012b70 method=sun.java2d.pipe.BufferedContext.validate(Lsun/java2d/pipe/hw/AccelSurface;Lsun/java2d/pipe/hw/AccelSurface;Lsun/java2d/pipe/Region;Ljava/awt/Composite;Ljava/awt/geom/AffineT
Event: 28388.022 Thread 0x00007fafa5998000 Uncommon trap: reason=unstable_if action=reinterpret pc=0x000000010fb4e7d8 method=sun.font.GlyphList.getInstance()Lsun/font/GlyphList; @ 3
Event: 28388.022 Thread 0x00007fafa5998000 Uncommon trap: reason=unstable_if action=reinterpret pc=0x000000010f4d3214 method=sun.font.GlyphList.ensureCapacity(I)V @ 18
Event: 28389.786 Thread 0x00007fafa5998000 Uncommon trap: reason=unstable_if action=reinterpret pc=0x000000010ffd7eb0 method=sun.font.GlyphList.getInstance()Lsun/font/GlyphList; @ 3
Event: 28389.786 Thread 0x00007fafa5998000 Uncommon trap: reason=unstable_if action=reinterpret pc=0x000000010ffd5aa4 method=sun.font.GlyphList.getInstance()Lsun/font/GlyphList; @ 3

Internal exceptions (10 events):
Event: 2114.394 Thread 0x00007fafa5998000 Exception <a 'java/lang/ClassCastException'> (0x00000007a5aa2500) thrown at [/Users/java_re/workspace/8-2-build-macosx-x86_64/jdk8u131/8869/hotspot/src/share/vm/runtime/sharedRuntime.cpp, line 605]
Event: 2121.295 Thread 0x00007fafa5998000 Exception <a 'java/lang/ClassCastException'> (0x00000007a63b5e78) thrown at [/Users/java_re/workspace/8-2-build-macosx-x86_64/jdk8u131/8869/hotspot/src/share/vm/runtime/sharedRuntime.cpp, line 605]
Event: 2121.297 Thread 0x00007fafa5998000 Exception <a 'java/lang/ClassCastException'> (0x00000007a63e53b0) thrown at [/Users/java_re/workspace/8-2-build-macosx-x86_64/jdk8u131/8869/hotspot/src/share/vm/runtime/sharedRuntime.cpp, line 605]
Event: 2168.620 Thread 0x00007fafa5998000 Exception <a 'java/lang/ClassCastException'> (0x00000007b1fa70c0) thrown at [/Users/java_re/workspace/8-2-build-macosx-x86_64/jdk8u131/8869/hotspot/src/share/vm/runtime/sharedRuntime.cpp, line 605]
Event: 2168.621 Thread 0x00007fafa5998000 Exception <a 'java/lang/ClassCastException'> (0x00000007b1fd65f8) thrown at [/Users/java_re/workspace/8-2-build-macosx-x86_64/jdk8u131/8869/hotspot/src/share/vm/runtime/sharedRuntime.cpp, line 605]
Event: 2170.516 Thread 0x00007fafa5998000 Exception <a 'java/lang/ClassCastException'> (0x00000007b3a5aa88) thrown at [/Users/java_re/workspace/8-2-build-macosx-x86_64/jdk8u131/8869/hotspot/src/share/vm/runtime/sharedRuntime.cpp, line 605]
Event: 2170.517 Thread 0x00007fafa5998000 Exception <a 'java/lang/ClassCastException'> (0x00000007b3a89fc0) thrown at [/Users/java_re/workspace/8-2-build-macosx-x86_64/jdk8u131/8869/hotspot/src/share/vm/runtime/sharedRuntime.cpp, line 605]
Event: 2506.369 Thread 0x00007fafa6831800 Exception <a 'java/lang/NullPointerException'> (0x00000007959cd550) thrown at [/Users/java_re/workspace/8-2-build-macosx-x86_64/jdk8u131/8869/hotspot/src/share/vm/interpreter/linkResolver.cpp, line 1197]
Event: 28083.015 Thread 0x00007fafa5998000 Implicit null exception at 0x000000010fbe031e to 0x000000010fbe2079
Event: 28283.421 Thread 0x00007fafa5998000 Implicit null exception at 0x000000010fcf3a35 to 0x000000010fcf485d

Events (10 events):
Event: 28390.035 Thread 0x00007fafa5012000 flushing nmethod 0x000000010f7c1bd0
Event: 28390.301 Thread 0x00007fafa6030800 flushing nmethod 0x000000010f7e79d0
Event: 28390.301 Thread 0x00007fafa6030800 flushing nmethod 0x000000010f7fda10
Event: 28390.303 Thread 0x00007fafa6030800 flushing nmethod 0x000000010f81d850
Event: 28390.305 Thread 0x00007fafa6030800 flushing nmethod 0x000000010f843a90
Event: 28390.351 Thread 0x00007fafa6030800 flushing nmethod 0x000000010f8abcd0
Event: 28390.351 Thread 0x00007fafa6030800 flushing nmethod 0x000000010f8cc290
Event: 28390.352 Thread 0x00007fafa6030800 flushing nmethod 0x000000010f8dfc90
Event: 28390.796 Executing VM operation: ParallelGCFailedAllocation
Event: 28390.934 Executing VM operation: ParallelGCFailedAllocation done


Dynamic libraries:
0x000000002cd31000 	/System/Library/Frameworks/Cocoa.framework/Versions/A/Cocoa
0x000000002cd31000 	/System/Library/Frameworks/Security.framework/Versions/A/Security
0x000000002cd31000 	/System/Library/Frameworks/ApplicationServices.framework/Versions/A/ApplicationServices
0x000000002cd31000 	/usr/lib/libz.1.dylib
0x000000002cd31000 	/usr/lib/libSystem.B.dylib
0x000000002cd31000 	/usr/lib/libobjc.A.dylib
0x000000002cd31000 	/System/Library/Frameworks/CoreFoundation.framework/Versions/A/CoreFoundation
0x000000002cd31000 	/System/Library/Frameworks/Foundation.framework/Versions/C/Foundation
0x000000002cd31000 	/System/Library/Frameworks/AppKit.framework/Versions/C/AppKit
0x000000002cd31000 	/System/Library/Frameworks/CoreData.framework/Versions/A/CoreData
0x000000002cd31000 	/System/Library/PrivateFrameworks/RemoteViewServices.framework/Versions/A/RemoteViewServices
0x000000002cd31000 	/System/Library/PrivateFrameworks/UIFoundation.framework/Versions/A/UIFoundation
0x000000002cd31000 	/System/Library/PrivateFrameworks/DFRFoundation.framework/Versions/A/DFRFoundation
0x000000002cd31000 	/System/Library/Frameworks/Metal.framework/Versions/A/Metal
0x000000002cd31000 	/System/Library/PrivateFrameworks/DesktopServicesPriv.framework/Versions/A/DesktopServicesPriv
0x000000002cd31000 	/usr/lib/libenergytrace.dylib
0x000000002cd31000 	/System/Library/PrivateFrameworks/SkyLight.framework/Versions/A/SkyLight
0x000000002cd31000 	/System/Library/Frameworks/CoreGraphics.framework/Versions/A/CoreGraphics
0x000000002cd31000 	/usr/lib/libScreenReader.dylib
0x000000002cd31000 	/System/Library/Frameworks/Accelerate.framework/Versions/A/Accelerate
0x000000002cd31000 	/System/Library/Frameworks/IOSurface.framework/Versions/A/IOSurface
0x000000002cd31000 	/System/Library/Frameworks/AudioToolbox.framework/Versions/A/AudioToolbox
0x000000002cd31000 	/System/Library/Frameworks/AudioUnit.framework/Versions/A/AudioUnit
0x000000002cd31000 	/System/Library/PrivateFrameworks/DataDetectorsCore.framework/Versions/A/DataDetectorsCore
0x000000002cd31000 	/System/Library/Frameworks/Carbon.framework/Versions/A/Frameworks/HIToolbox.framework/Versions/A/HIToolbox
0x000000002cd31000 	/usr/lib/libicucore.A.dylib
0x000000002cd31000 	/System/Library/Frameworks/QuartzCore.framework/Versions/A/QuartzCore
0x000000002cd31000 	/System/Library/PrivateFrameworks/SignpostNotification.framework/Versions/A/SignpostNotification
0x000000002cd31000 	/System/Library/Frameworks/Carbon.framework/Versions/A/Frameworks/SpeechRecognition.framework/Versions/A/SpeechRecognition
0x000000002cd31000 	/usr/lib/libauto.dylib
0x000000002cd31000 	/usr/lib/libxml2.2.dylib
0x000000002cd31000 	/System/Library/PrivateFrameworks/CoreUI.framework/Versions/A/CoreUI
0x000000002cd31000 	/System/Library/Frameworks/CoreAudio.framework/Versions/A/CoreAudio
0x000000002cd31000 	/System/Library/Frameworks/DiskArbitration.framework/Versions/A/DiskArbitration
0x000000002cd31000 	/usr/lib/liblangid.dylib
0x000000002cd31000 	/System/Library/PrivateFrameworks/MultitouchSupport.framework/Versions/A/MultitouchSupport
0x000000002cd31000 	/System/Library/Frameworks/IOKit.framework/Versions/A/IOKit
0x000000002cd31000 	/usr/lib/libDiagnosticMessagesClient.dylib
0x000000002cd31000 	/System/Library/Frameworks/CoreServices.framework/Versions/A/CoreServices
0x000000002cd31000 	/System/Library/PrivateFrameworks/PerformanceAnalysis.framework/Versions/A/PerformanceAnalysis
0x000000002cd31000 	/System/Library/Frameworks/OpenGL.framework/Versions/A/OpenGL
0x000000002cd31000 	/System/Library/Frameworks/ColorSync.framework/Versions/A/ColorSync
0x000000002cd31000 	/System/Library/Frameworks/CoreImage.framework/Versions/A/CoreImage
0x000000002cd31000 	/System/Library/Frameworks/CoreText.framework/Versions/A/CoreText
0x000000002cd31000 	/System/Library/Frameworks/ImageIO.framework/Versions/A/ImageIO
0x000000002cd31000 	/System/Library/PrivateFrameworks/Backup.framework/Versions/A/Backup
0x000000002cd31000 	/usr/lib/libarchive.2.dylib
0x000000002cd31000 	/System/Library/Frameworks/CFNetwork.framework/Versions/A/CFNetwork
0x000000002cd31000 	/System/Library/Frameworks/SystemConfiguration.framework/Versions/A/SystemConfiguration
0x000000002cd31000 	/usr/lib/libCRFSuite.dylib
0x000000002cd31000 	/usr/lib/libc++.1.dylib
0x000000002cd31000 	/usr/lib/libc++abi.dylib
0x000000002cd31000 	/usr/lib/system/libcache.dylib
0x000000002cd31000 	/usr/lib/system/libcommonCrypto.dylib
0x000000002cd31000 	/usr/lib/system/libcompiler_rt.dylib
0x000000002cd31000 	/usr/lib/system/libcopyfile.dylib
0x000000002cd31000 	/usr/lib/system/libcorecrypto.dylib
0x000000002cd31000 	/usr/lib/system/libdispatch.dylib
0x000000002cd31000 	/usr/lib/system/libdyld.dylib
0x000000002cd31000 	/usr/lib/system/libkeymgr.dylib
0x000000002cd31000 	/usr/lib/system/liblaunch.dylib
0x000000002cd31000 	/usr/lib/system/libmacho.dylib
0x000000002cd31000 	/usr/lib/system/libquarantine.dylib
0x000000002cd31000 	/usr/lib/system/libremovefile.dylib
0x000000002cd31000 	/usr/lib/system/libsystem_asl.dylib
0x000000002cd31000 	/usr/lib/system/libsystem_blocks.dylib
0x000000002cd31000 	/usr/lib/system/libsystem_c.dylib
0x000000002cd31000 	/usr/lib/system/libsystem_configuration.dylib
0x000000002cd31000 	/usr/lib/system/libsystem_coreservices.dylib
0x000000002cd31000 	/usr/lib/system/libsystem_darwin.dylib
0x000000002cd31000 	/usr/lib/system/libsystem_dnssd.dylib
0x000000002cd31000 	/usr/lib/system/libsystem_info.dylib
0x000000002cd31000 	/usr/lib/system/libsystem_m.dylib
0x000000002cd31000 	/usr/lib/system/libsystem_malloc.dylib
0x000000002cd31000 	/usr/lib/system/libsystem_network.dylib
0x000000002cd31000 	/usr/lib/system/libsystem_networkextension.dylib
0x000000002cd31000 	/usr/lib/system/libsystem_notify.dylib
0x000000002cd31000 	/usr/lib/system/libsystem_sandbox.dylib
0x000000002cd31000 	/usr/lib/system/libsystem_secinit.dylib
0x000000002cd31000 	/usr/lib/system/libsystem_kernel.dylib
0x000000002cd31000 	/usr/lib/system/libsystem_platform.dylib
0x000000002cd31000 	/usr/lib/system/libsystem_pthread.dylib
0x000000002cd31000 	/usr/lib/system/libsystem_symptoms.dylib
0x000000002cd31000 	/usr/lib/system/libsystem_trace.dylib
0x000000002cd31000 	/usr/lib/system/libunwind.dylib
0x000000002cd31000 	/usr/lib/system/libxpc.dylib
0x000000002cd31000 	/usr/lib/closure/libclosured.dylib
0x000000002cd31000 	/usr/lib/libbsm.0.dylib
0x000000002cd31000 	/usr/lib/system/libkxld.dylib
0x000000002cd31000 	/usr/lib/libOpenScriptingUtil.dylib
0x000000002cd31000 	/usr/lib/libcoretls.dylib
0x000000002cd31000 	/usr/lib/libcoretls_cfhelpers.dylib
0x000000002cd31000 	/usr/lib/libpam.2.dylib
0x000000002cd31000 	/usr/lib/libsqlite3.dylib
0x000000002cd31000 	/usr/lib/libxar.1.dylib
0x000000002cd31000 	/usr/lib/libbz2.1.0.dylib
0x000000002cd31000 	/usr/lib/liblzma.5.dylib
0x000000002cd31000 	/usr/lib/libnetwork.dylib
0x000000002cd31000 	/usr/lib/libapple_nghttp2.dylib
0x000000002cd31000 	/usr/lib/libpcap.A.dylib
0x000000002cd31000 	/usr/lib/libboringssl.dylib
0x000000002cd31000 	/usr/lib/libusrtcp.dylib
0x000000002cd31000 	/usr/lib/libapple_crypto.dylib
0x000000002cd31000 	/System/Library/Frameworks/CoreServices.framework/Versions/A/Frameworks/FSEvents.framework/Versions/A/FSEvents
0x000000002cd31000 	/System/Library/Frameworks/CoreServices.framework/Versions/A/Frameworks/CarbonCore.framework/Versions/A/CarbonCore
0x000000002cd31000 	/System/Library/Frameworks/CoreServices.framework/Versions/A/Frameworks/Metadata.framework/Versions/A/Metadata
0x000000002cd31000 	/System/Library/Frameworks/CoreServices.framework/Versions/A/Frameworks/OSServices.framework/Versions/A/OSServices
0x000000002cd31000 	/System/Library/Frameworks/CoreServices.framework/Versions/A/Frameworks/SearchKit.framework/Versions/A/SearchKit
0x000000002cd31000 	/System/Library/Frameworks/CoreServices.framework/Versions/A/Frameworks/AE.framework/Versions/A/AE
0x000000002cd31000 	/System/Library/Frameworks/CoreServices.framework/Versions/A/Frameworks/LaunchServices.framework/Versions/A/LaunchServices
0x000000002cd31000 	/System/Library/Frameworks/CoreServices.framework/Versions/A/Frameworks/DictionaryServices.framework/Versions/A/DictionaryServices
0x000000002cd31000 	/System/Library/Frameworks/CoreServices.framework/Versions/A/Frameworks/SharedFileList.framework/Versions/A/SharedFileList
0x000000002cd31000 	/System/Library/Frameworks/NetFS.framework/Versions/A/NetFS
0x000000002cd31000 	/System/Library/PrivateFrameworks/NetAuth.framework/Versions/A/NetAuth
0x000000002cd31000 	/System/Library/PrivateFrameworks/login.framework/Versions/A/Frameworks/loginsupport.framework/Versions/A/loginsupport
0x000000002cd31000 	/System/Library/PrivateFrameworks/TCC.framework/Versions/A/TCC
0x000000002cd31000 	/usr/lib/libmecabra.dylib
0x000000002cd31000 	/System/Library/Frameworks/ApplicationServices.framework/Versions/A/Frameworks/ATS.framework/Versions/A/ATS
0x000000002cd31000 	/System/Library/Frameworks/ApplicationServices.framework/Versions/A/Frameworks/ColorSyncLegacy.framework/Versions/A/ColorSyncLegacy
0x000000002cd31000 	/System/Library/Frameworks/ApplicationServices.framework/Versions/A/Frameworks/HIServices.framework/Versions/A/HIServices
0x000000002cd31000 	/System/Library/Frameworks/ApplicationServices.framework/Versions/A/Frameworks/LangAnalysis.framework/Versions/A/LangAnalysis
0x000000002cd31000 	/System/Library/Frameworks/ApplicationServices.framework/Versions/A/Frameworks/PrintCore.framework/Versions/A/PrintCore
0x000000002cd31000 	/System/Library/Frameworks/ApplicationServices.framework/Versions/A/Frameworks/QD.framework/Versions/A/QD
0x000000002cd31000 	/System/Library/Frameworks/ApplicationServices.framework/Versions/A/Frameworks/SpeechSynthesis.framework/Versions/A/SpeechSynthesis
0x000000002cd31000 	/System/Library/Frameworks/CoreDisplay.framework/Versions/A/CoreDisplay
0x000000002cd31000 	/System/Library/Frameworks/Accelerate.framework/Versions/A/Frameworks/vImage.framework/Versions/A/vImage
0x000000002cd31000 	/System/Library/Frameworks/Accelerate.framework/Versions/A/Frameworks/vecLib.framework/Versions/A/vecLib
0x000000002cd31000 	/System/Library/Frameworks/Accelerate.framework/Versions/A/Frameworks/vecLib.framework/Versions/A/libvDSP.dylib
0x000000002cd31000 	/System/Library/Frameworks/Accelerate.framework/Versions/A/Frameworks/vecLib.framework/Versions/A/libBNNS.dylib
0x000000002cd31000 	/System/Library/Frameworks/Accelerate.framework/Versions/A/Frameworks/vecLib.framework/Versions/A/libQuadrature.dylib
0x000000002cd31000 	/System/Library/Frameworks/Accelerate.framework/Versions/A/Frameworks/vecLib.framework/Versions/A/libvMisc.dylib
0x000000002cd31000 	/System/Library/Frameworks/Accelerate.framework/Versions/A/Frameworks/vecLib.framework/Versions/A/libLAPACK.dylib
0x000000002cd31000 	/System/Library/Frameworks/Accelerate.framework/Versions/A/Frameworks/vecLib.framework/Versions/A/libBLAS.dylib
0x000000002cd31000 	/System/Library/Frameworks/Accelerate.framework/Versions/A/Frameworks/vecLib.framework/Versions/A/libLinearAlgebra.dylib
0x000000002cd31000 	/System/Library/Frameworks/Accelerate.framework/Versions/A/Frameworks/vecLib.framework/Versions/A/libSparse.dylib
0x000000002cd31000 	/System/Library/Frameworks/Accelerate.framework/Versions/A/Frameworks/vecLib.framework/Versions/A/libSparseBLAS.dylib
0x000000002cd31000 	/System/Library/PrivateFrameworks/GPUWrangler.framework/Versions/A/GPUWrangler
0x000000002cd31000 	/System/Library/PrivateFrameworks/IOAccelerator.framework/Versions/A/IOAccelerator
0x000000002cd31000 	/System/Library/PrivateFrameworks/IOPresentment.framework/Versions/A/IOPresentment
0x000000002cd31000 	/System/Library/PrivateFrameworks/DSExternalDisplay.framework/Versions/A/DSExternalDisplay
0x000000002cd31000 	/System/Library/Frameworks/OpenGL.framework/Versions/A/Libraries/libCoreFSCache.dylib
0x000000002cd31000 	/System/Library/Frameworks/CoreVideo.framework/Versions/A/CoreVideo
0x000000002cd31000 	/System/Library/PrivateFrameworks/GraphVisualizer.framework/Versions/A/GraphVisualizer
0x000000002cd31000 	/System/Library/Frameworks/MetalPerformanceShaders.framework/Versions/A/MetalPerformanceShaders
0x000000002cd31000 	/usr/lib/libFosl_dynamic.dylib
0x000000002cd31000 	/System/Library/PrivateFrameworks/FaceCore.framework/Versions/A/FaceCore
0x000000002cd31000 	/System/Library/Frameworks/OpenCL.framework/Versions/A/OpenCL
0x000000002cd31000 	/usr/lib/libcompression.dylib
0x000000002cd31000 	/System/Library/Frameworks/ApplicationServices.framework/Versions/A/Frameworks/ATS.framework/Versions/A/Resources/libFontParser.dylib
0x000000002cd31000 	/System/Library/Frameworks/ApplicationServices.framework/Versions/A/Frameworks/ATS.framework/Versions/A/Resources/libFontRegistry.dylib
0x000000002cd31000 	/System/Library/Frameworks/ImageIO.framework/Versions/A/Resources/libJPEG.dylib
0x000000002cd31000 	/System/Library/Frameworks/ImageIO.framework/Versions/A/Resources/libTIFF.dylib
0x000000002cd31000 	/System/Library/Frameworks/ImageIO.framework/Versions/A/Resources/libPng.dylib
0x000000002cd31000 	/System/Library/Frameworks/ImageIO.framework/Versions/A/Resources/libGIF.dylib
0x000000002cd31000 	/System/Library/Frameworks/ImageIO.framework/Versions/A/Resources/libJP2.dylib
0x000000002cd31000 	/System/Library/Frameworks/ImageIO.framework/Versions/A/Resources/libRadiance.dylib
0x000000002cd31000 	/System/Library/PrivateFrameworks/AppleJPEG.framework/Versions/A/AppleJPEG
0x000000002cd31000 	/System/Library/Frameworks/MetalPerformanceShaders.framework/Frameworks/MPSCore.framework/Versions/A/MPSCore
0x000000002cd31000 	/System/Library/Frameworks/MetalPerformanceShaders.framework/Frameworks/MPSImage.framework/Versions/A/MPSImage
0x000000002cd31000 	/System/Library/Frameworks/MetalPerformanceShaders.framework/Frameworks/MPSNeuralNetwork.framework/Versions/A/MPSNeuralNetwork
0x000000002cd31000 	/System/Library/Frameworks/MetalPerformanceShaders.framework/Frameworks/MPSMatrix.framework/Versions/A/MPSMatrix
0x000000002cd31000 	/System/Library/PrivateFrameworks/MetalTools.framework/Versions/A/MetalTools
0x000000002cd31000 	/System/Library/Frameworks/OpenGL.framework/Versions/A/Libraries/libGLU.dylib
0x000000002cd31000 	/System/Library/Frameworks/OpenGL.framework/Versions/A/Libraries/libGFXShared.dylib
0x000000002cd31000 	/System/Library/Frameworks/OpenGL.framework/Versions/A/Libraries/libGL.dylib
0x000000002cd31000 	/System/Library/Frameworks/OpenGL.framework/Versions/A/Libraries/libGLImage.dylib
0x000000002cd31000 	/System/Library/Frameworks/OpenGL.framework/Versions/A/Libraries/libCVMSPluginSupport.dylib
0x000000002cd31000 	/System/Library/Frameworks/OpenGL.framework/Versions/A/Libraries/libCoreVMClient.dylib
0x000000002cd31000 	/usr/lib/libcups.2.dylib
0x000000002cd31000 	/System/Library/Frameworks/Kerberos.framework/Versions/A/Kerberos
0x000000002cd31000 	/System/Library/Frameworks/GSS.framework/Versions/A/GSS
0x000000002cd31000 	/usr/lib/libresolv.9.dylib
0x000000002cd31000 	/usr/lib/libiconv.2.dylib
0x000000002cd31000 	/System/Library/PrivateFrameworks/Heimdal.framework/Versions/A/Heimdal
0x000000002cd31000 	/usr/lib/libheimdal-asn1.dylib
0x000000002cd31000 	/System/Library/Frameworks/OpenDirectory.framework/Versions/A/OpenDirectory
0x000000002cd31000 	/System/Library/PrivateFrameworks/CommonAuth.framework/Versions/A/CommonAuth
0x000000002cd31000 	/System/Library/Frameworks/OpenDirectory.framework/Versions/A/Frameworks/CFOpenDirectory.framework/Versions/A/CFOpenDirectory
0x000000002cd31000 	/System/Library/Frameworks/SecurityFoundation.framework/Versions/A/SecurityFoundation
0x000000002cd31000 	/System/Library/PrivateFrameworks/APFS.framework/Versions/A/APFS
0x000000002cd31000 	/usr/lib/libutil.dylib
0x000000002cd31000 	/System/Library/PrivateFrameworks/AppleSauce.framework/Versions/A/AppleSauce
0x000000002cd31000 	/System/Library/PrivateFrameworks/LinguisticData.framework/Versions/A/LinguisticData
0x000000002cd31000 	/usr/lib/libmarisa.dylib
0x000000002cd31000 	/System/Library/PrivateFrameworks/Lexicon.framework/Versions/A/Lexicon
0x000000002cd31000 	/usr/lib/libChineseTokenizer.dylib
0x000000002cd31000 	/usr/lib/libcmph.dylib
0x000000002cd31000 	/System/Library/PrivateFrameworks/LanguageModeling.framework/Versions/A/LanguageModeling
0x000000002cd31000 	/System/Library/PrivateFrameworks/CoreEmoji.framework/Versions/A/CoreEmoji
0x000000002cd31000 	/System/Library/Frameworks/ServiceManagement.framework/Versions/A/ServiceManagement
0x000000002cd31000 	/System/Library/PrivateFrameworks/BackgroundTaskManagement.framework/Versions/A/BackgroundTaskManagement
0x000000002cd31000 	/usr/lib/libxslt.1.dylib
0x000000002cd31000 	/System/Library/Frameworks/Carbon.framework/Versions/A/Frameworks/Ink.framework/Versions/A/Ink
0x000000002cd31000 	/System/Library/PrivateFrameworks/TextureIO.framework/Versions/A/TextureIO
0x000000002cd31000 	/usr/lib/libate.dylib
0x000000002cd31000 	/System/Library/PrivateFrameworks/CrashReporterSupport.framework/Versions/A/CrashReporterSupport
0x000000002cd31000 	/System/Library/PrivateFrameworks/Sharing.framework/Versions/A/Sharing
0x000000002cd31000 	/System/Library/PrivateFrameworks/IconServices.framework/Versions/A/IconServices
0x000000002cd31000 	/System/Library/PrivateFrameworks/AuthKit.framework/Versions/A/AuthKit
0x000000002cd31000 	/System/Library/PrivateFrameworks/Apple80211.framework/Versions/A/Apple80211
0x000000002cd31000 	/System/Library/PrivateFrameworks/CoreUtils.framework/Versions/A/CoreUtils
0x000000002cd31000 	/System/Library/Frameworks/CoreWLAN.framework/Versions/A/CoreWLAN
0x000000002cd31000 	/System/Library/Frameworks/IOBluetooth.framework/Versions/A/IOBluetooth
0x000000002cd31000 	/System/Library/PrivateFrameworks/ProtocolBuffer.framework/Versions/A/ProtocolBuffer
0x000000002cd31000 	/System/Library/PrivateFrameworks/MobileKeyBag.framework/Versions/A/MobileKeyBag
0x000000002cd31000 	/System/Library/PrivateFrameworks/CorePhoneNumbers.framework/Versions/A/CorePhoneNumbers
0x000000002cd31000 	/System/Library/PrivateFrameworks/AppleIDAuthSupport.framework/Versions/A/AppleIDAuthSupport
0x000000002cd31000 	/System/Library/PrivateFrameworks/KeychainCircle.framework/Versions/A/KeychainCircle
0x000000002cd31000 	/System/Library/PrivateFrameworks/CoreWiFi.framework/Versions/A/CoreWiFi
0x000000002cd31000 	/System/Library/Frameworks/CoreBluetooth.framework/Versions/A/CoreBluetooth
0x000000002cd31000 	/System/Library/PrivateFrameworks/DebugSymbols.framework/Versions/A/DebugSymbols
0x000000002cd31000 	/System/Library/PrivateFrameworks/CoreSymbolication.framework/Versions/A/CoreSymbolication
0x000000002cd31000 	/System/Library/PrivateFrameworks/Symbolication.framework/Versions/A/Symbolication
0x000000002cd31000 	/System/Library/PrivateFrameworks/AppleFSCompression.framework/Versions/A/AppleFSCompression
0x000000002cd31000 	/System/Library/PrivateFrameworks/SpeechRecognitionCore.framework/Versions/A/SpeechRecognitionCore
0x000000010e2f7000 	/Library/Java/JavaVirtualMachines/jdk1.8.0_131.jdk/Contents/Home/jre/lib/server/libjvm.dylib
0x000000002cd31000 	/usr/lib/libstdc++.6.0.9.dylib
0x000000010ccb8000 	/Library/Java/JavaVirtualMachines/jdk1.8.0_131.jdk/Contents/Home/jre/lib/libverify.dylib
0x000000010ccc6000 	/Library/Java/JavaVirtualMachines/jdk1.8.0_131.jdk/Contents/Home/jre/lib/libjava.dylib
0x000000010cd45000 	/Library/Java/JavaVirtualMachines/jdk1.8.0_131.jdk/Contents/Home/jre/lib/libzip.dylib
0x000000002cd31000 	/System/Library/Frameworks/JavaVM.framework/Versions/A/Frameworks/JavaRuntimeSupport.framework/Versions/A/JavaRuntimeSupport
0x000000002cd31000 	/System/Library/Frameworks/JavaVM.framework/Versions/A/Frameworks/JavaNativeFoundation.framework/Versions/A/JavaNativeFoundation
0x000000002cd31000 	/System/Library/Frameworks/JavaVM.framework/Versions/A/JavaVM
0x000000002cd31000 	/System/Library/Frameworks/Carbon.framework/Versions/A/Carbon
0x000000002cd31000 	/System/Library/PrivateFrameworks/JavaLaunching.framework/Versions/A/JavaLaunching
0x000000002cd31000 	/System/Library/Frameworks/Carbon.framework/Versions/A/Frameworks/CommonPanels.framework/Versions/A/CommonPanels
0x000000002cd31000 	/System/Library/Frameworks/Carbon.framework/Versions/A/Frameworks/Help.framework/Versions/A/Help
0x000000002cd31000 	/System/Library/Frameworks/Carbon.framework/Versions/A/Frameworks/ImageCapture.framework/Versions/A/ImageCapture
0x000000002cd31000 	/System/Library/Frameworks/Carbon.framework/Versions/A/Frameworks/OpenScripting.framework/Versions/A/OpenScripting
0x000000002cd31000 	/System/Library/Frameworks/Carbon.framework/Versions/A/Frameworks/Print.framework/Versions/A/Print
0x000000002cd31000 	/System/Library/Frameworks/Carbon.framework/Versions/A/Frameworks/SecurityHI.framework/Versions/A/SecurityHI
0x0000000125a33000 	/private/var/folders/yk/sp2zrqzn0f351lh1kb94p0wm0000gr/T/liblz4-java8618819203152467302.dylib
0x0000000125a80000 	/Library/Java/JavaVirtualMachines/jdk1.8.0_131.jdk/Contents/Home/jre/lib/libnet.dylib
0x0000000125adf000 	/Library/Java/JavaVirtualMachines/jdk1.8.0_131.jdk/Contents/Home/jre/lib/libnio.dylib
0x0000000125c1a000 	/Library/Java/JavaVirtualMachines/jdk1.8.0_131.jdk/Contents/Home/jre/lib/libawt.dylib
0x0000000125cc2000 	/Library/Java/JavaVirtualMachines/jdk1.8.0_131.jdk/Contents/Home/jre/lib/./libmlib_image.dylib
0x0000000125d8e000 	/Library/Java/JavaVirtualMachines/jdk1.8.0_131.jdk/Contents/Home/jre/lib/libawt_lwawt.dylib
0x0000000125e45000 	/Library/Java/JavaVirtualMachines/jdk1.8.0_131.jdk/Contents/Home/jre/lib/./libosxapp.dylib
0x000000002cd31000 	/System/Library/Frameworks/ExceptionHandling.framework/Versions/A/ExceptionHandling
0x000000002cd31000 	/System/Library/PrivateFrameworks/CoreServicesInternal.framework/Versions/A/CoreServicesInternal
0x000000002cd31000 	/System/Library/CoreServices/RawCamera.bundle/Contents/MacOS/RawCamera
0x000000002cd31000 	/System/Library/PrivateFrameworks/MobileAsset.framework/Versions/A/MobileAsset
0x000000002cd31000 	/System/Library/PrivateFrameworks/StreamingZip.framework/Versions/A/StreamingZip
0x000000002cd31000 	/System/Library/Frameworks/MediaToolbox.framework/Versions/A/MediaToolbox
0x000000002cd31000 	/System/Library/PrivateFrameworks/CoreAVCHD.framework/Versions/A/CoreAVCHD
0x000000002cd31000 	/System/Library/Frameworks/MediaAccessibility.framework/Versions/A/MediaAccessibility
0x000000002cd31000 	/System/Library/PrivateFrameworks/Mangrove.framework/Versions/A/Mangrove
0x000000002cd31000 	/System/Library/Frameworks/CoreMedia.framework/Versions/A/CoreMedia
0x000000002cd31000 	/System/Library/Frameworks/VideoToolbox.framework/Versions/A/VideoToolbox
0x000000002cd31000 	/System/Library/PrivateFrameworks/CoreAUC.framework/Versions/A/CoreAUC
0x000000002cd31000 	/usr/lib/libspindump.dylib
0x000000002cd31000 	/System/Library/PrivateFrameworks/AppleVA.framework/Versions/A/AppleVA
0x000000002cd31000 	/System/Library/Frameworks/Accelerate.framework/Versions/A/Frameworks/vImage.framework/Versions/A/Libraries/libCGInterfaces.dylib
0x000000002cd31000 	/System/Library/Frameworks/ApplicationServices.framework/Versions/A/Frameworks/ATS.framework/Versions/A/Resources/libTrueTypeScaler.dylib
0x000000002cd31000 	/System/Library/Extensions/AppleIntelSKLGraphicsMTLDriver.bundle/Contents/MacOS/AppleIntelSKLGraphicsMTLDriver
0x000000002cd31000 	/System/Library/PrivateFrameworks/GPUCompiler.framework/Versions/3802/Libraries/libmetal_timestamp.dylib
0x000000002cd31000 	/System/Library/PrivateFrameworks/FamilyControls.framework/Versions/A/FamilyControls
0x000000002cd31000 	/System/Library/PrivateFrameworks/CommerceKit.framework/Versions/A/Frameworks/CommerceCore.framework/Versions/A/CommerceCore
0x000000002cd31000 	/System/Library/PrivateFrameworks/SystemAdministration.framework/Versions/A/SystemAdministration
0x000000002cd31000 	/System/Library/PrivateFrameworks/AppContainer.framework/Versions/A/AppContainer
0x000000002cd31000 	/System/Library/PrivateFrameworks/SecCodeWrapper.framework/Versions/A/SecCodeWrapper
0x000000002cd31000 	/System/Library/PrivateFrameworks/DiskManagement.framework/Versions/A/DiskManagement
0x000000002cd31000 	/System/Library/Frameworks/DirectoryService.framework/Versions/A/DirectoryService
0x000000002cd31000 	/System/Library/PrivateFrameworks/DiskImages.framework/Versions/A/DiskImages
0x000000002cd31000 	/System/Library/PrivateFrameworks/LoginUIKit.framework/Versions/A/Frameworks/LoginUICore.framework/Versions/A/LoginUICore
0x000000002cd31000 	/usr/lib/libCoreStorage.dylib
0x000000002cd31000 	/usr/lib/libcsfde.dylib
0x000000002cd31000 	/usr/lib/libodfde.dylib
0x000000002cd31000 	/System/Library/PrivateFrameworks/MediaKit.framework/Versions/A/MediaKit
0x000000002cd31000 	/System/Library/Frameworks/DiscRecording.framework/Versions/A/DiscRecording
0x000000002cd31000 	/System/Library/PrivateFrameworks/EFILogin.framework/Versions/A/EFILogin
0x000000002cd31000 	/System/Library/PrivateFrameworks/ProtectedCloudStorage.framework/Versions/A/ProtectedCloudStorage
0x000000002cd31000 	/usr/lib/libcurl.4.dylib
0x000000002cd31000 	/usr/lib/libcrypto.35.dylib
0x000000002cd31000 	/usr/lib/libssl.35.dylib
0x000000002cd31000 	/System/Library/Frameworks/LDAP.framework/Versions/A/LDAP
0x000000002cd31000 	/System/Library/PrivateFrameworks/TrustEvaluationAgent.framework/Versions/A/TrustEvaluationAgent
0x000000002cd31000 	/usr/lib/libsasl2.2.dylib
0x000000002cd31000 	/System/Library/PrivateFrameworks/CoreDaemon.framework/Versions/B/CoreDaemon
0x000000002cd31000 	/System/Library/PrivateFrameworks/AppleSRP.framework/Versions/A/AppleSRP
0x000000012874a000 	/Library/Java/JavaVirtualMachines/jdk1.8.0_131.jdk/Contents/Home/jre/lib/libfontmanager.dylib
0x0000000127c7b000 	/Library/Java/JavaVirtualMachines/jdk1.8.0_131.jdk/Contents/Home/jre/lib/libosxui.dylib
0x000000002cd31000 	/System/Library/Frameworks/OpenGL.framework/Versions/A/Resources/GLEngine.bundle/GLEngine
0x000000002cd31000 	/System/Library/Frameworks/OpenGL.framework/Versions/A/Libraries/libGLProgrammability.dylib
0x0000000129359000 	/System/Library/Extensions/AppleIntelSKLGraphicsGLDriver.bundle/Contents/MacOS/AppleIntelSKLGraphicsGLDriver
0x000000002cd31000 	/System/Library/PrivateFrameworks/GPUSupport.framework/Versions/A/Libraries/libGPUSupportMercury.dylib
0x000000002cd31000 	/System/Library/Frameworks/OpenGL.framework/Versions/A/Resources/GLRendererFloat.bundle/GLRendererFloat
0x000000002cd31000 	/System/Library/Frameworks/OpenCL.framework/Versions/A/Libraries/libcldcpuengine.dylib
0x000000002cd31000 	/System/Library/PrivateFrameworks/ViewBridge.framework/Versions/A/ViewBridge
0x000000016eafe000 	/Library/Java/JavaVirtualMachines/jdk1.8.0_131.jdk/Contents/Home/jre/lib/libdcpr.dylib

VM Arguments:
jvm_args: -Dfile.encoding=UTF-8 
java_command: analyser.Analyser
java_class_path (initial): /Users/gchristi/Documents/workspace/Clas12/Analyse/FirstAnalysis/bin:/Users/gchristi/Documents/workspace/Clas12/Analyse/AnalysisTools/bin:/Applications/Eclipse.app/Contents/Eclipse/plugins/org.junit_4.12.0.v201504281640/junit.jar:/Applications/Eclipse.app/Contents/Eclipse/plugins/org.hamcrest.core_1.3.0.v201303031735.jar:/Users/gchristi/Documents/workspace/Clas12/Decoder/CoatjavaExpertDecoder/coatjava/lib/clas/coat-libs-5.1-SNAPSHOT.jar:/Users/gchristi/Documents/workspace/Clas12/Coatjava/clas12-offline-software/coatjava/lib/clas/coat-libs-5.0-SNAPSHOT.jar
Launcher Type: SUN_STANDARD

Environment Variables:
PATH=/usr/bin:/bin:/usr/sbin:/sbin
SHELL=/bin/zsh
DISPLAY=/private/tmp/com.apple.launchd.OUDCqfTjFM/org.macosforge.xquartz:0

Signal Handlers:
SIGSEGV: [libjvm.dylib+0x5b1eb1], sa_mask[0]=11111111011111110111111111111111, sa_flags=SA_ONSTACK|SA_RESTART|SA_SIGINFO
SIGBUS: [libjvm.dylib+0x5b1eb1], sa_mask[0]=11111111011111110111111111111111, sa_flags=SA_RESTART|SA_SIGINFO
SIGFPE: [libjvm.dylib+0x488988], sa_mask[0]=11111111011111110111111111111111, sa_flags=SA_RESTART|SA_SIGINFO
SIGPIPE: [libjvm.dylib+0x488988], sa_mask[0]=11111111011111110111111111111111, sa_flags=SA_RESTART|SA_SIGINFO
SIGXFSZ: [libjvm.dylib+0x488988], sa_mask[0]=11111111011111110111111111111111, sa_flags=SA_RESTART|SA_SIGINFO
SIGILL: [libjvm.dylib+0x488988], sa_mask[0]=11111111011111110111111111111111, sa_flags=SA_RESTART|SA_SIGINFO
SIGUSR1: SIG_DFL, sa_mask[0]=00000000000000000000000000000000, sa_flags=none
SIGUSR2: [libjvm.dylib+0x4884a6], sa_mask[0]=00100000000000000000000000000000, sa_flags=SA_RESTART|SA_SIGINFO
SIGHUP: [libjvm.dylib+0x486a7d], sa_mask[0]=11111111011111110111111111111111, sa_flags=SA_RESTART|SA_SIGINFO
SIGINT: [libjvm.dylib+0x486a7d], sa_mask[0]=11111111011111110111111111111111, sa_flags=SA_RESTART|SA_SIGINFO
SIGTERM: [libjvm.dylib+0x486a7d], sa_mask[0]=11111111011111110111111111111111, sa_flags=SA_RESTART|SA_SIGINFO
SIGQUIT: [libjvm.dylib+0x486a7d], sa_mask[0]=11111111011111110111111111111111, sa_flags=SA_RESTART|SA_SIGINFO


---------------  S Y S T E M  ---------------

OS:Bsduname:Darwin 17.7.0 Darwin Kernel Version 17.7.0: Thu Jun 21 22:53:14 PDT 2018; root:xnu-4570.71.2~1/RELEASE_X86_64 x86_64
rlimit: STACK 8192k, CORE 0k, NPROC 709, NOFILE 10240, AS infinity
load average:91.78 28.12 13.13

CPU:total 4 (initial active 4) (2 cores per cpu, 2 threads per core) family 6 model 78 stepping 3, cmov, cx8, fxsr, mmx, sse, sse2, sse3, ssse3, sse4.1, sse4.2, popcnt, avx, avx2, aes, clmul, erms, rtm, 3dnowpref, lzcnt, ht, tsc, tscinvbit, bmi1, bmi2, adx

Memory: 4k page, physical 8388608k(33188k free)

/proc/meminfo:


vm_info: Java HotSpot(TM) 64-Bit Server VM (25.131-b11) for bsd-amd64 JRE (1.8.0_131-b11), built on Mar 15 2017 01:32:22 by "java_re" with gcc 4.2.1 (Based on Apple Inc. build 5658) (LLVM build 2336.11.00)

time: Fri Jul 20 09:31:29 2018
elapsed time: 28393 seconds (0d 7h 53m 13s)

