#
# A fatal error has been detected by the Java Runtime Environment:
#
#  SIGSEGV (0xb) at pc=0x0000000121ac23bf, pid=30761, tid=0x0000000000014c7f
#
# JRE version: Java(TM) SE Runtime Environment (8.0_131-b11) (build 1.8.0_131-b11)
# Java VM: Java HotSpot(TM) 64-Bit Server VM (25.131-b11 mixed mode bsd-amd64 compressed oops)
# Problematic frame:
# C  [libawt_lwawt.dylib+0x1c3bf]  OGLSD_SetScratchSurface+0x49
#
# Failed to write core dump. Core dumps have been disabled. To enable core dumping, try "ulimit -c unlimited" before starting Java again
#
# If you would like to submit a bug report, please visit:
#   http://bugreport.java.com/bugreport/crash.jsp
# The crash happened outside the Java Virtual Machine in native code.
# See problematic frame for where to report the bug.
#

---------------  T H R E A D  ---------------

Current thread (0x00007fe1c1247800):  JavaThread "Java2D Queue Flusher" daemon [_thread_in_native, id=85119, stack(0x000070000f12e000,0x000070000f22e000)]

siginfo: si_signo: 11 (SIGSEGV), si_code: 1 (SEGV_MAPERR), si_addr: 0x0000000000000002

Registers:
RAX=0x00000000ffffffff, RBX=0x0000000000000002, RCX=0x0000000000000047, RDX=0x0000000121ae3258
RSP=0x000070000f22d730, RBP=0x000070000f22d750, RSI=0x00007fe1c053ad30, RDI=0x00007fe1c12479f8
R8 =0x00007fe1c07b3448, R9 =0xffffffff00000000, R10=0x000000010b964778, R11=0x000000010b965cc0
R12=0x0000000000000000, R13=0x000070000f22d8e8, R14=0x00007fe1c12479f8, R15=0x00007fe1c1247800
RIP=0x0000000121ac23bf, EFLAGS=0x0000000000010202, ERR=0x0000000000000004
  TRAPNO=0x000000000000000e

Top of Stack: (sp=0x000070000f22d730)
0x000070000f22d730:   00007fe1c053ad30 0000000000000000
0x000070000f22d740:   00007fe1c1252210 00007fe1c1247800
0x000070000f22d750:   000070000f22d7d0 0000000121ae2d36
0x000070000f22d760:   00007fe1c07b3400 0000000200000001
0x000070000f22d770:   0000000000000000 000070000f22d800
0x000070000f22d780:   0000000000000000 0000000000000000
0x000070000f22d790:   000070000f22d7d0 00007fe1c1252220
0x000070000f22d7a0:   0000000000a6ccd0 00007fe1c12479f8
0x000070000f22d7b0:   0000000000001f78 0000000000000000
0x000070000f22d7c0:   000070000f22d968 00007fe1c1247800
0x000070000f22d7d0:   000070000f22d820 000000010b9647ea
0x000070000f22d7e0:   0000000741ed4ce0 000000010a9201cc
0x000070000f22d7f0:   0000000000000064 0000000000000000
0x000070000f22d800:   0000000000000064 00007fe1c07c5848
0x000070000f22d810:   000070000f22d870 000000010a738094
0x000070000f22d820:   000070000f22d940 000000010b96590c
0x000070000f22d830:   0000000000000001 00007fe1c07c6300
0x000070000f22d840:   0000000741ed4d00 00007fe1c1247800
0x000070000f22d850:   00007fe1c1247800 000000011e38ba00
0x000070000f22d860:   000070000f22d968 00007fe1c1247800
0x000070000f22d870:   000070000f22d8c0 000000010b92c268
0x000070000f22d880:   0000000741ed4ce0 000000010b908926
0x000070000f22d890:   000070000f22d940 000000010b965d04
0x000070000f22d8a0:   0000000127001814 000070000f22d8e8
0x000070000f22d8b0:   0000000127001890 0000000000000000
0x000070000f22d8c0:   000070000f22d940 000000010b3932bd
0x000070000f22d8d0:   000070000f22d940 000000010b3932bd
0x000070000f22d8e0:   000000010b3932bd 0000000741ed4ce0
0x000070000f22d8f0:   0000000000000001 0000000741ed4df8
0x000070000f22d900:   000070000f22d8f0 000000011ea6cbc9
0x000070000f22d910:   000070000f22d968 000000011ea6cf20
0x000070000f22d920:   0000000000000000 000000011ea6ccd0 

Instructions: (pc=0x0000000121ac23bf)
0x0000000121ac239f:   c0 e9 82 00 00 00 48 8b 5e 10 48 85 db 75 0e bf
0x0000000121ac23af:   01 00 00 00 48 8d 15 07 7c 03 00 eb d6 49 89 fe
0x0000000121ac23bf:   4c 8b 3b 30 c0 e8 c1 a6 02 00 49 8b 3f 49 89 c4
0x0000000121ac23cf:   48 8b 35 4a 03 06 00 30 c0 e8 0f a8 02 00 48 85 

Register to memory mapping:

RAX=0x00000000ffffffff is an unknown value
RBX=0x0000000000000002 is an unknown value
RCX=0x0000000000000047 is an unknown value
RDX=0x0000000121ae3258: Java_sun_java2d_opengl_OGLRenderQueue_flushBuffer+0xb5c in /Library/Java/JavaVirtualMachines/jdk1.8.0_131.jdk/Contents/Home/jre/lib/libawt_lwawt.dylib at 0x0000000121aa6000
RSP=0x000070000f22d730 is pointing into the stack for thread: 0x00007fe1c1247800
RBP=0x000070000f22d750 is pointing into the stack for thread: 0x00007fe1c1247800
RSI=0x00007fe1c053ad30 is an unknown value
RDI=0x00007fe1c12479f8 is an unknown value
R8 =0x00007fe1c07b3448 is an unknown value
R9 =0xffffffff00000000 is an unknown value
R10=0x000000010b964778 is at entry_point+56 in (nmethod*)0x000000010b9645d0
R11=0x000000010b965cc0 is at entry_point+0 in (nmethod*)0x000000010b965b50
R12=0x0000000000000000 is an unknown value
R13=0x000070000f22d8e8 is pointing into the stack for thread: 0x00007fe1c1247800
R14=0x00007fe1c12479f8 is an unknown value
R15=0x00007fe1c1247800 is a thread


Stack: [0x000070000f12e000,0x000070000f22e000],  sp=0x000070000f22d730,  free space=1021k
Native frames: (J=compiled Java code, j=interpreted, Vv=VM code, C=native code)
C  [libawt_lwawt.dylib+0x1c3bf]  OGLSD_SetScratchSurface+0x49
C  [libawt_lwawt.dylib+0x3cd36]  Java_sun_java2d_opengl_OGLRenderQueue_flushBuffer+0x63a
J 2194  sun.java2d.opengl.OGLRenderQueue.flushBuffer(JI)V (0 bytes) @ 0x000000010b9647ea [0x000000010b964740+0xaa]
J 2190 C1 sun.java2d.opengl.OGLRenderQueue.flushBuffer()V (41 bytes) @ 0x000000010b96590c [0x000000010b965880+0x8c]
J 2189 C1 sun.java2d.opengl.OGLRenderQueue.access$100(Lsun/java2d/opengl/OGLRenderQueue;)V (5 bytes) @ 0x000000010b965d04 [0x000000010b965cc0+0x44]
j  sun.java2d.opengl.OGLRenderQueue$QueueFlusher.run()V+81
v  ~StubRoutines::call_stub
V  [libjvm.dylib+0x2ee5b6]
V  [libjvm.dylib+0x2eed5a]
V  [libjvm.dylib+0x2eef06]
V  [libjvm.dylib+0x34965d]
V  [libjvm.dylib+0x56b87f]
V  [libjvm.dylib+0x56cf6c]
V  [libjvm.dylib+0x48b376]
C  [libsystem_pthread.dylib+0x3661]  _pthread_body+0x154
C  [libsystem_pthread.dylib+0x350d]  _pthread_body+0x0
C  [libsystem_pthread.dylib+0x2bf9]  thread_start+0xd
C  0x0000000000000000

Java frames: (J=compiled Java code, j=interpreted, Vv=VM code)
J 2194  sun.java2d.opengl.OGLRenderQueue.flushBuffer(JI)V (0 bytes) @ 0x000000010b964778 [0x000000010b964740+0x38]
J 2190 C1 sun.java2d.opengl.OGLRenderQueue.flushBuffer()V (41 bytes) @ 0x000000010b96590c [0x000000010b965880+0x8c]
J 2189 C1 sun.java2d.opengl.OGLRenderQueue.access$100(Lsun/java2d/opengl/OGLRenderQueue;)V (5 bytes) @ 0x000000010b965d04 [0x000000010b965cc0+0x44]
j  sun.java2d.opengl.OGLRenderQueue$QueueFlusher.run()V+81
v  ~StubRoutines::call_stub

---------------  P R O C E S S  ---------------

Java Threads: ( => current thread )
  0x00007fe1c787c000 JavaThread "TimerQueue" daemon [_thread_blocked, id=55839, stack(0x000070000f53d000,0x000070000f63d000)]
  0x00007fe1c1984800 JavaThread "AWT-EventQueue-0" [_thread_blocked, id=77575, stack(0x000070000f3b7000,0x000070000f4b7000)]
  0x00007fe1c0a40800 JavaThread "Java2D Disposer" daemon [_thread_blocked, id=79123, stack(0x000070000f231000,0x000070000f331000)]
=>0x00007fe1c1247800 JavaThread "Java2D Queue Flusher" daemon [_thread_in_native, id=85119, stack(0x000070000f12e000,0x000070000f22e000)]
  0x00007fe1c09c9000 JavaThread "AWT-Shutdown" [_thread_blocked, id=25131, stack(0x000070000ee1f000,0x000070000ef1f000)]
  0x00007fe1c194f000 JavaThread "AppKit Thread" daemon [_thread_in_native, id=775, stack(0x00007ffee6a04000,0x00007ffee7204000)]
  0x00007fe1c103f800 JavaThread "Service Thread" daemon [_thread_blocked, id=14083, stack(0x000070000ec19000,0x000070000ed19000)]
  0x00007fe1c102d000 JavaThread "C1 CompilerThread2" daemon [_thread_blocked, id=17923, stack(0x000070000eb16000,0x000070000ec16000)]
  0x00007fe1c2024800 JavaThread "C2 CompilerThread1" daemon [_thread_blocked, id=18435, stack(0x000070000ea13000,0x000070000eb13000)]
  0x00007fe1c081b800 JavaThread "C2 CompilerThread0" daemon [_thread_blocked, id=13571, stack(0x000070000e910000,0x000070000ea10000)]
  0x00007fe1c1816800 JavaThread "Signal Dispatcher" daemon [_thread_blocked, id=13319, stack(0x000070000e80d000,0x000070000e90d000)]
  0x00007fe1c2052800 JavaThread "Finalizer" daemon [_thread_blocked, id=11523, stack(0x000070000e70a000,0x000070000e80a000)]
  0x00007fe1c100d000 JavaThread "Reference Handler" daemon [_thread_blocked, id=20483, stack(0x000070000e607000,0x000070000e707000)]
  0x00007fe1c1001000 JavaThread "main" [_thread_in_Java, id=9731, stack(0x000070000dff5000,0x000070000e0f5000)]

Other Threads:
  0x00007fe1c100a000 VMThread [stack: 0x000070000e504000,0x000070000e604000] [id=20995]
  0x00007fe1c1010000 WatcherThread [stack: 0x000070000ed1c000,0x000070000ee1c000] [id=14339]

VM state:not at safepoint (normal execution)

VM Mutex/Monitor currently owned by a thread: None

Heap:
 PSYoungGen      total 649728K, used 25529K [0x0000000795580000, 0x00000007c0000000, 0x00000007c0000000)
  eden space 600576K, 4% used [0x0000000795580000,0x0000000796e6e638,0x00000007ba000000)
  from space 49152K, 0% used [0x00000007ba000000,0x00000007ba000000,0x00000007bd000000)
  to   space 48640K, 0% used [0x00000007bd080000,0x00000007bd080000,0x00000007c0000000)
 ParOldGen       total 282112K, used 71860K [0x0000000740000000, 0x0000000751380000, 0x0000000795580000)
  object space 282112K, 25% used [0x0000000740000000,0x000000074462d180,0x0000000751380000)
 Metaspace       used 15668K, capacity 16202K, committed 16384K, reserved 1062912K
  class space    used 1806K, capacity 1947K, committed 2048K, reserved 1048576K

Card table byte_map: [0x00000001097c0000,0x0000000109bc1000] byte_map_base: 0x0000000105dc0000

Marking Bits: (ParMarkBitMap*) 0x000000010acd9ea0
 Begin Bits: [0x000000011a38b000, 0x000000011c38b000)
 End Bits:   [0x000000011c38b000, 0x000000011e38b000)

Polling page: 0x0000000108a78000

CodeCache: size=245760Kb used=12917Kb max_used=15625Kb free=232842Kb
 bounds [0x000000010b38b000, 0x000000010c2db000, 0x000000011a38b000]
 total_blobs=3668 nmethods=3067 adapters=513
 compilation: enabled

Compilation events (10 events):
Event: 355.402 Thread 0x00007fe1c102d000 3792   !   3       sun.font.StandardGlyphVector::resetDTX (56 bytes)
Event: 355.402 Thread 0x00007fe1c102d000 nmethod 3792 0x000000010b8e0850 code [0x000000010b8e0a00, 0x000000010b8e0ed8]
Event: 355.406 Thread 0x00007fe1c102d000 3793       3       sun.font.StandardGlyphVector::getLogicalBounds (84 bytes)
Event: 355.407 Thread 0x00007fe1c102d000 nmethod 3793 0x000000010bc44250 code [0x000000010bc444a0, 0x000000010bc44dc8]
Event: 355.408 Thread 0x00007fe1c102d000 3794       3       org.jlab.groot.base.TColorPalette::getColor3D (49 bytes)
Event: 355.409 Thread 0x00007fe1c102d000 nmethod 3794 0x000000010b8df9d0 code [0x000000010b8dfbc0, 0x000000010b8e0458]
Event: 355.409 Thread 0x00007fe1c081b800 3795       4       org.jlab.groot.math.Dimension1D::getDimensionTicks (124 bytes)
Event: 355.421 Thread 0x00007fe1c081b800 nmethod 3795 0x000000010bf31010 code [0x000000010bf31280, 0x000000010bf31e98]
Event: 359.024 Thread 0x00007fe1c102d000 3796       3       sun.java2d.pipe.RenderQueue::ensureCapacityAndAlignment (13 bytes)
Event: 359.025 Thread 0x00007fe1c102d000 nmethod 3796 0x000000010bc43650 code [0x000000010bc43800, 0x000000010bc43f68]

GC Heap History (10 events):
Event: 355.181 GC heap before
{Heap before GC invocations=707 (full 11):
 PSYoungGen      total 637952K, used 637920K [0x0000000795580000, 0x00000007c0000000, 0x00000007c0000000)
  eden space 621056K, 100% used [0x0000000795580000,0x00000007bb400000,0x00000007bb400000)
  from space 16896K, 99% used [0x00000007bb400000,0x00000007bc478158,0x00000007bc480000)
  to   space 32768K, 0% used [0x00000007be000000,0x00000007be000000,0x00000007c0000000)
 ParOldGen       total 239104K, used 115103K [0x0000000740000000, 0x000000074e980000, 0x0000000795580000)
  object space 239104K, 48% used [0x0000000740000000,0x0000000747067f30,0x000000074e980000)
 Metaspace       used 15647K, capacity 16138K, committed 16384K, reserved 1062912K
  class space    used 1806K, capacity 1947K, committed 2048K, reserved 1048576K
Event: 355.222 GC heap after
Heap after GC invocations=707 (full 11):
 PSYoungGen      total 653824K, used 31991K [0x0000000795580000, 0x00000007c0000000, 0x00000007c0000000)
  eden space 621056K, 0% used [0x0000000795580000,0x0000000795580000,0x00000007bb400000)
  from space 32768K, 97% used [0x00000007be000000,0x00000007bff3dc08,0x00000007c0000000)
  to   space 38912K, 0% used [0x00000007bb400000,0x00000007bb400000,0x00000007bda00000)
 ParOldGen       total 239104K, used 141465K [0x0000000740000000, 0x000000074e980000, 0x0000000795580000)
  object space 239104K, 59% used [0x0000000740000000,0x0000000748a267c8,0x000000074e980000)
 Metaspace       used 15647K, capacity 16138K, committed 16384K, reserved 1062912K
  class space    used 1806K, capacity 1947K, committed 2048K, reserved 1048576K
}
Event: 357.229 GC heap before
{Heap before GC invocations=708 (full 11):
 PSYoungGen      total 653824K, used 653047K [0x0000000795580000, 0x00000007c0000000, 0x00000007c0000000)
  eden space 621056K, 100% used [0x0000000795580000,0x00000007bb400000,0x00000007bb400000)
  from space 32768K, 97% used [0x00000007be000000,0x00000007bff3dc08,0x00000007c0000000)
  to   space 38912K, 0% used [0x00000007bb400000,0x00000007bb400000,0x00000007bda00000)
 ParOldGen       total 239104K, used 141465K [0x0000000740000000, 0x000000074e980000, 0x0000000795580000)
  object space 239104K, 59% used [0x0000000740000000,0x0000000748a267c8,0x000000074e980000)
 Metaspace       used 15668K, capacity 16202K, committed 16384K, reserved 1062912K
  class space    used 1806K, capacity 1947K, committed 2048K, reserved 1048576K
Event: 357.256 GC heap after
Heap after GC invocations=708 (full 11):
 PSYoungGen      total 656384K, used 34901K [0x0000000795580000, 0x00000007c0000000, 0x00000007c0000000)
  eden space 621056K, 0% used [0x0000000795580000,0x0000000795580000,0x00000007bb400000)
  from space 35328K, 98% used [0x00000007bb400000,0x00000007bd615458,0x00000007bd680000)
  to   space 42496K, 0% used [0x00000007bd680000,0x00000007bd680000,0x00000007c0000000)
 ParOldGen       total 239104K, used 165276K [0x0000000740000000, 0x000000074e980000, 0x0000000795580000)
  object space 239104K, 69% used [0x0000000740000000,0x000000074a1671e0,0x000000074e980000)
 Metaspace       used 15668K, capacity 16202K, committed 16384K, reserved 1062912K
  class space    used 1806K, capacity 1947K, committed 2048K, reserved 1048576K
}
Event: 357.972 GC heap before
{Heap before GC invocations=709 (full 11):
 PSYoungGen      total 656384K, used 655957K [0x0000000795580000, 0x00000007c0000000, 0x00000007c0000000)
  eden space 621056K, 100% used [0x0000000795580000,0x00000007bb400000,0x00000007bb400000)
  from space 35328K, 98% used [0x00000007bb400000,0x00000007bd615458,0x00000007bd680000)
  to   space 42496K, 0% used [0x00000007bd680000,0x00000007bd680000,0x00000007c0000000)
 ParOldGen       total 239104K, used 165276K [0x0000000740000000, 0x000000074e980000, 0x0000000795580000)
  object space 239104K, 69% used [0x0000000740000000,0x000000074a1671e0,0x000000074e980000)
 Metaspace       used 15668K, capacity 16202K, committed 16384K, reserved 1062912K
  class space    used 1806K, capacity 1947K, committed 2048K, reserved 1048576K
Event: 357.988 GC heap after
Heap after GC invocations=709 (full 11):
 PSYoungGen      total 643072K, used 34699K [0x0000000795580000, 0x00000007c0000000, 0x00000007c0000000)
  eden space 600576K, 0% used [0x0000000795580000,0x0000000795580000,0x00000007ba000000)
  from space 42496K, 81% used [0x00000007bd680000,0x00000007bf862fc8,0x00000007c0000000)
  to   space 49152K, 0% used [0x00000007ba000000,0x00000007ba000000,0x00000007bd000000)
 ParOldGen       total 239104K, used 165636K [0x0000000740000000, 0x000000074e980000, 0x0000000795580000)
  object space 239104K, 69% used [0x0000000740000000,0x000000074a1c13d0,0x000000074e980000)
 Metaspace       used 15668K, capacity 16202K, committed 16384K, reserved 1062912K
  class space    used 1806K, capacity 1947K, committed 2048K, reserved 1048576K
}
Event: 358.871 GC heap before
{Heap before GC invocations=710 (full 11):
 PSYoungGen      total 643072K, used 635275K [0x0000000795580000, 0x00000007c0000000, 0x00000007c0000000)
  eden space 600576K, 100% used [0x0000000795580000,0x00000007ba000000,0x00000007ba000000)
  from space 42496K, 81% used [0x00000007bd680000,0x00000007bf862fc8,0x00000007c0000000)
  to   space 49152K, 0% used [0x00000007ba000000,0x00000007ba000000,0x00000007bd000000)
 ParOldGen       total 239104K, used 165636K [0x0000000740000000, 0x000000074e980000, 0x0000000795580000)
  object space 239104K, 69% used [0x0000000740000000,0x000000074a1c13d0,0x000000074e980000)
 Metaspace       used 15668K, capacity 16202K, committed 16384K, reserved 1062912K
  class space    used 1806K, capacity 1947K, committed 2048K, reserved 1048576K
Event: 358.902 GC heap after
Heap after GC invocations=710 (full 11):
 PSYoungGen      total 649728K, used 272K [0x0000000795580000, 0x00000007c0000000, 0x00000007c0000000)
  eden space 600576K, 0% used [0x0000000795580000,0x0000000795580000,0x00000007ba000000)
  from space 49152K, 0% used [0x00000007ba000000,0x00000007ba044340,0x00000007bd000000)
  to   space 48640K, 0% used [0x00000007bd080000,0x00000007bd080000,0x00000007c0000000)
 ParOldGen       total 239104K, used 199316K [0x0000000740000000, 0x000000074e980000, 0x0000000795580000)
  object space 239104K, 83% used [0x0000000740000000,0x000000074c2a5320,0x000000074e980000)
 Metaspace       used 15668K, capacity 16202K, committed 16384K, reserved 1062912K
  class space    used 1806K, capacity 1947K, committed 2048K, reserved 1048576K
}
Event: 358.902 GC heap before
{Heap before GC invocations=711 (full 12):
 PSYoungGen      total 649728K, used 272K [0x0000000795580000, 0x00000007c0000000, 0x00000007c0000000)
  eden space 600576K, 0% used [0x0000000795580000,0x0000000795580000,0x00000007ba000000)
  from space 49152K, 0% used [0x00000007ba000000,0x00000007ba044340,0x00000007bd000000)
  to   space 48640K, 0% used [0x00000007bd080000,0x00000007bd080000,0x00000007c0000000)
 ParOldGen       total 239104K, used 199316K [0x0000000740000000, 0x000000074e980000, 0x0000000795580000)
  object space 239104K, 83% used [0x0000000740000000,0x000000074c2a5320,0x000000074e980000)
 Metaspace       used 15668K, capacity 16202K, committed 16384K, reserved 1062912K
  class space    used 1806K, capacity 1947K, committed 2048K, reserved 1048576K
Event: 359.014 GC heap after
Heap after GC invocations=711 (full 12):
 PSYoungGen      total 649728K, used 0K [0x0000000795580000, 0x00000007c0000000, 0x00000007c0000000)
  eden space 600576K, 0% used [0x0000000795580000,0x0000000795580000,0x00000007ba000000)
  from space 49152K, 0% used [0x00000007ba000000,0x00000007ba000000,0x00000007bd000000)
  to   space 48640K, 0% used [0x00000007bd080000,0x00000007bd080000,0x00000007c0000000)
 ParOldGen       total 282112K, used 71860K [0x0000000740000000, 0x0000000751380000, 0x0000000795580000)
  object space 282112K, 25% used [0x0000000740000000,0x000000074462d180,0x0000000751380000)
 Metaspace       used 15668K, capacity 16202K, committed 16384K, reserved 1062912K
  class space    used 1806K, capacity 1947K, committed 2048K, reserved 1048576K
}

Deoptimization events (10 events):
Event: 354.581 Thread 0x00007fe1c194f000 Uncommon trap: reason=array_check action=maybe_recompile pc=0x000000010b699994 method=java.util.AbstractCollection.toArray([Ljava/lang/Object;)[Ljava/lang/Object; @ 119
Event: 354.618 Thread 0x00007fe1c194f000 Uncommon trap: reason=array_check action=maybe_recompile pc=0x000000010b699994 method=java.util.AbstractCollection.toArray([Ljava/lang/Object;)[Ljava/lang/Object; @ 119
Event: 354.623 Thread 0x00007fe1c194f000 Uncommon trap: reason=array_check action=maybe_recompile pc=0x000000010b699994 method=java.util.AbstractCollection.toArray([Ljava/lang/Object;)[Ljava/lang/Object; @ 119
Event: 354.638 Thread 0x00007fe1c1984800 Uncommon trap: reason=unstable_if action=reinterpret pc=0x000000010c0816e8 method=sun.awt.image.PixelConverter$ArgbPre.rgbToPixel(ILjava/awt/image/ColorModel;)I @ 5
Event: 354.640 Thread 0x00007fe1c1984800 Uncommon trap: reason=class_check action=maybe_recompile pc=0x000000010b9920f4 method=sun.java2d.pipe.PixelToParallelogramConverter.fillRectangle(Lsun/java2d/SunGraphics2D;DDDD)V @ 230
Event: 354.651 Thread 0x00007fe1c1984800 Uncommon trap: reason=class_check action=maybe_recompile pc=0x000000010b9920f4 method=sun.java2d.pipe.PixelToParallelogramConverter.fillRectangle(Lsun/java2d/SunGraphics2D;DDDD)V @ 230
Event: 354.659 Thread 0x00007fe1c1984800 Uncommon trap: reason=class_check action=maybe_recompile pc=0x000000010b9920f4 method=sun.java2d.pipe.PixelToParallelogramConverter.fillRectangle(Lsun/java2d/SunGraphics2D;DDDD)V @ 230
Event: 354.663 Thread 0x00007fe1c1984800 Uncommon trap: reason=class_check action=maybe_recompile pc=0x000000010b9920f4 method=sun.java2d.pipe.PixelToParallelogramConverter.fillRectangle(Lsun/java2d/SunGraphics2D;DDDD)V @ 230
Event: 355.164 Thread 0x00007fe1c1984800 Uncommon trap: reason=class_check action=maybe_recompile pc=0x000000010b4ed820 method=sun.java2d.pipe.BufferedContext.validateContext(Lsun/java2d/pipe/hw/AccelSurface;Lsun/java2d/pipe/hw/AccelSurface;Lsun/java2d/pipe/Region;Ljava/awt/Composite;Ljava/awt/g
Event: 355.423 Thread 0x00007fe1c1984800 Uncommon trap: reason=class_check action=maybe_recompile pc=0x000000010b4ed820 method=sun.java2d.pipe.BufferedContext.validateContext(Lsun/java2d/pipe/hw/AccelSurface;Lsun/java2d/pipe/hw/AccelSurface;Lsun/java2d/pipe/Region;Ljava/awt/Composite;Ljava/awt/g

Internal exceptions (10 events):
Event: 0.259 Thread 0x00007fe1c1001000 Exception <a 'java/security/PrivilegedActionException'> (0x00000007957ea9c8) thrown at [/Users/java_re/workspace/8-2-build-macosx-x86_64/jdk8u131/8869/hotspot/src/share/vm/prims/jvm.cpp, line 1390]
Event: 0.259 Thread 0x00007fe1c1001000 Exception <a 'java/security/PrivilegedActionException'> (0x00000007957edee0) thrown at [/Users/java_re/workspace/8-2-build-macosx-x86_64/jdk8u131/8869/hotspot/src/share/vm/prims/jvm.cpp, line 1390]
Event: 0.259 Thread 0x00007fe1c1001000 Exception <a 'java/security/PrivilegedActionException'> (0x00000007957ee0f0) thrown at [/Users/java_re/workspace/8-2-build-macosx-x86_64/jdk8u131/8869/hotspot/src/share/vm/prims/jvm.cpp, line 1390]
Event: 0.521 Thread 0x00007fe1c1001000 Exception <a 'java/lang/NoSuchFieldError': method resolution failed> (0x00000007961ce930) thrown at [/Users/java_re/workspace/8-2-build-macosx-x86_64/jdk8u131/8869/hotspot/src/share/vm/prims/methodHandles.cpp, line 1146]
Event: 0.523 Thread 0x00007fe1c1001000 Exception <a 'java/lang/NoSuchFieldError': method resolution failed> (0x00000007961dc0a0) thrown at [/Users/java_re/workspace/8-2-build-macosx-x86_64/jdk8u131/8869/hotspot/src/share/vm/prims/methodHandles.cpp, line 1146]
Event: 1.014 Thread 0x00007fe1c1001000 Exception <a 'java/io/FileNotFoundException'> (0x0000000796257450) thrown at [/Users/java_re/workspace/8-2-build-macosx-x86_64/jdk8u131/8869/hotspot/src/share/vm/prims/jni.cpp, line 709]
Event: 1.014 Thread 0x00007fe1c1001000 Exception <a 'java/io/FileNotFoundException'> (0x0000000796257fd0) thrown at [/Users/java_re/workspace/8-2-build-macosx-x86_64/jdk8u131/8869/hotspot/src/share/vm/prims/jni.cpp, line 709]
Event: 1.564 Thread 0x00007fe1c2052800 Exception <a 'java/lang/NullPointerException'> (0x000000079658e4d8) thrown at [/Users/java_re/workspace/8-2-build-macosx-x86_64/jdk8u131/8869/hotspot/src/share/vm/interpreter/linkResolver.cpp, line 1197]
Event: 7.152 Thread 0x00007fe1c2052800 Exception <a 'java/lang/NullPointerException'> (0x0000000795580040) thrown at [/Users/java_re/workspace/8-2-build-macosx-x86_64/jdk8u131/8869/hotspot/src/share/vm/interpreter/linkResolver.cpp, line 1197]
Event: 354.540 Thread 0x00007fe1c194f000 Implicit null exception at 0x000000010bfef78c to 0x000000010bfef8dd

Events (10 events):
Event: 355.230 Thread 0x00007fe1c1984800 DEOPT UNPACKING pc=0x000000010b3d2633 sp=0x000070000f4b3540 mode 0
Event: 355.423 Thread 0x00007fe1c1984800 Uncommon trap: trap_request=0xffffffde fr.pc=0x000000010b4ed820
Event: 355.423 Thread 0x00007fe1c1984800 DEOPT PACKING pc=0x000000010b4ed820 sp=0x000070000f4b3d80
Event: 355.423 Thread 0x00007fe1c1984800 DEOPT UNPACKING pc=0x000000010b390229 sp=0x000070000f4b3d80 mode 2
Event: 357.229 Executing VM operation: ParallelGCFailedAllocation
Event: 357.256 Executing VM operation: ParallelGCFailedAllocation done
Event: 357.972 Executing VM operation: ParallelGCFailedAllocation
Event: 357.988 Executing VM operation: ParallelGCFailedAllocation done
Event: 358.871 Executing VM operation: ParallelGCFailedAllocation
Event: 359.014 Executing VM operation: ParallelGCFailedAllocation done


Dynamic libraries:
0x000000002cd31000 	/System/Library/Frameworks/Cocoa.framework/Versions/A/Cocoa
0x000000002cd31000 	/System/Library/Frameworks/Security.framework/Versions/A/Security
0x000000002cd31000 	/System/Library/Frameworks/ApplicationServices.framework/Versions/A/ApplicationServices
0x000000002cd31000 	/usr/lib/libz.1.dylib
0x000000002cd31000 	/usr/lib/libSystem.B.dylib
0x000000002cd31000 	/usr/lib/libobjc.A.dylib
0x000000002cd31000 	/System/Library/Frameworks/CoreFoundation.framework/Versions/A/CoreFoundation
0x000000002cd31000 	/System/Library/Frameworks/Foundation.framework/Versions/C/Foundation
0x000000002cd31000 	/System/Library/Frameworks/AppKit.framework/Versions/C/AppKit
0x000000002cd31000 	/System/Library/Frameworks/CoreData.framework/Versions/A/CoreData
0x000000002cd31000 	/System/Library/PrivateFrameworks/RemoteViewServices.framework/Versions/A/RemoteViewServices
0x000000002cd31000 	/System/Library/PrivateFrameworks/UIFoundation.framework/Versions/A/UIFoundation
0x000000002cd31000 	/System/Library/PrivateFrameworks/DFRFoundation.framework/Versions/A/DFRFoundation
0x000000002cd31000 	/System/Library/Frameworks/Metal.framework/Versions/A/Metal
0x000000002cd31000 	/System/Library/PrivateFrameworks/DesktopServicesPriv.framework/Versions/A/DesktopServicesPriv
0x000000002cd31000 	/usr/lib/libenergytrace.dylib
0x000000002cd31000 	/System/Library/PrivateFrameworks/SkyLight.framework/Versions/A/SkyLight
0x000000002cd31000 	/System/Library/Frameworks/CoreGraphics.framework/Versions/A/CoreGraphics
0x000000002cd31000 	/usr/lib/libScreenReader.dylib
0x000000002cd31000 	/System/Library/Frameworks/Accelerate.framework/Versions/A/Accelerate
0x000000002cd31000 	/System/Library/Frameworks/IOSurface.framework/Versions/A/IOSurface
0x000000002cd31000 	/System/Library/Frameworks/AudioToolbox.framework/Versions/A/AudioToolbox
0x000000002cd31000 	/System/Library/Frameworks/AudioUnit.framework/Versions/A/AudioUnit
0x000000002cd31000 	/System/Library/PrivateFrameworks/DataDetectorsCore.framework/Versions/A/DataDetectorsCore
0x000000002cd31000 	/System/Library/Frameworks/Carbon.framework/Versions/A/Frameworks/HIToolbox.framework/Versions/A/HIToolbox
0x000000002cd31000 	/usr/lib/libicucore.A.dylib
0x000000002cd31000 	/System/Library/Frameworks/QuartzCore.framework/Versions/A/QuartzCore
0x000000002cd31000 	/System/Library/PrivateFrameworks/SignpostNotification.framework/Versions/A/SignpostNotification
0x000000002cd31000 	/System/Library/Frameworks/Carbon.framework/Versions/A/Frameworks/SpeechRecognition.framework/Versions/A/SpeechRecognition
0x000000002cd31000 	/usr/lib/libauto.dylib
0x000000002cd31000 	/usr/lib/libxml2.2.dylib
0x000000002cd31000 	/System/Library/PrivateFrameworks/CoreUI.framework/Versions/A/CoreUI
0x000000002cd31000 	/System/Library/Frameworks/CoreAudio.framework/Versions/A/CoreAudio
0x000000002cd31000 	/System/Library/Frameworks/DiskArbitration.framework/Versions/A/DiskArbitration
0x000000002cd31000 	/usr/lib/liblangid.dylib
0x000000002cd31000 	/System/Library/PrivateFrameworks/MultitouchSupport.framework/Versions/A/MultitouchSupport
0x000000002cd31000 	/System/Library/Frameworks/IOKit.framework/Versions/A/IOKit
0x000000002cd31000 	/usr/lib/libDiagnosticMessagesClient.dylib
0x000000002cd31000 	/System/Library/Frameworks/CoreServices.framework/Versions/A/CoreServices
0x000000002cd31000 	/System/Library/PrivateFrameworks/PerformanceAnalysis.framework/Versions/A/PerformanceAnalysis
0x000000002cd31000 	/System/Library/Frameworks/OpenGL.framework/Versions/A/OpenGL
0x000000002cd31000 	/System/Library/Frameworks/ColorSync.framework/Versions/A/ColorSync
0x000000002cd31000 	/System/Library/Frameworks/CoreImage.framework/Versions/A/CoreImage
0x000000002cd31000 	/System/Library/Frameworks/CoreText.framework/Versions/A/CoreText
0x000000002cd31000 	/System/Library/Frameworks/ImageIO.framework/Versions/A/ImageIO
0x000000002cd31000 	/System/Library/PrivateFrameworks/Backup.framework/Versions/A/Backup
0x000000002cd31000 	/usr/lib/libarchive.2.dylib
0x000000002cd31000 	/System/Library/Frameworks/CFNetwork.framework/Versions/A/CFNetwork
0x000000002cd31000 	/System/Library/Frameworks/SystemConfiguration.framework/Versions/A/SystemConfiguration
0x000000002cd31000 	/usr/lib/libCRFSuite.dylib
0x000000002cd31000 	/usr/lib/libc++.1.dylib
0x000000002cd31000 	/usr/lib/libc++abi.dylib
0x000000002cd31000 	/usr/lib/system/libcache.dylib
0x000000002cd31000 	/usr/lib/system/libcommonCrypto.dylib
0x000000002cd31000 	/usr/lib/system/libcompiler_rt.dylib
0x000000002cd31000 	/usr/lib/system/libcopyfile.dylib
0x000000002cd31000 	/usr/lib/system/libcorecrypto.dylib
0x000000002cd31000 	/usr/lib/system/libdispatch.dylib
0x000000002cd31000 	/usr/lib/system/libdyld.dylib
0x000000002cd31000 	/usr/lib/system/libkeymgr.dylib
0x000000002cd31000 	/usr/lib/system/liblaunch.dylib
0x000000002cd31000 	/usr/lib/system/libmacho.dylib
0x000000002cd31000 	/usr/lib/system/libquarantine.dylib
0x000000002cd31000 	/usr/lib/system/libremovefile.dylib
0x000000002cd31000 	/usr/lib/system/libsystem_asl.dylib
0x000000002cd31000 	/usr/lib/system/libsystem_blocks.dylib
0x000000002cd31000 	/usr/lib/system/libsystem_c.dylib
0x000000002cd31000 	/usr/lib/system/libsystem_configuration.dylib
0x000000002cd31000 	/usr/lib/system/libsystem_coreservices.dylib
0x000000002cd31000 	/usr/lib/system/libsystem_darwin.dylib
0x000000002cd31000 	/usr/lib/system/libsystem_dnssd.dylib
0x000000002cd31000 	/usr/lib/system/libsystem_info.dylib
0x000000002cd31000 	/usr/lib/system/libsystem_m.dylib
0x000000002cd31000 	/usr/lib/system/libsystem_malloc.dylib
0x000000002cd31000 	/usr/lib/system/libsystem_network.dylib
0x000000002cd31000 	/usr/lib/system/libsystem_networkextension.dylib
0x000000002cd31000 	/usr/lib/system/libsystem_notify.dylib
0x000000002cd31000 	/usr/lib/system/libsystem_sandbox.dylib
0x000000002cd31000 	/usr/lib/system/libsystem_secinit.dylib
0x000000002cd31000 	/usr/lib/system/libsystem_kernel.dylib
0x000000002cd31000 	/usr/lib/system/libsystem_platform.dylib
0x000000002cd31000 	/usr/lib/system/libsystem_pthread.dylib
0x000000002cd31000 	/usr/lib/system/libsystem_symptoms.dylib
0x000000002cd31000 	/usr/lib/system/libsystem_trace.dylib
0x000000002cd31000 	/usr/lib/system/libunwind.dylib
0x000000002cd31000 	/usr/lib/system/libxpc.dylib
0x000000002cd31000 	/usr/lib/closure/libclosured.dylib
0x000000002cd31000 	/usr/lib/libbsm.0.dylib
0x000000002cd31000 	/usr/lib/system/libkxld.dylib
0x000000002cd31000 	/usr/lib/libOpenScriptingUtil.dylib
0x000000002cd31000 	/usr/lib/libcoretls.dylib
0x000000002cd31000 	/usr/lib/libcoretls_cfhelpers.dylib
0x000000002cd31000 	/usr/lib/libpam.2.dylib
0x000000002cd31000 	/usr/lib/libsqlite3.dylib
0x000000002cd31000 	/usr/lib/libxar.1.dylib
0x000000002cd31000 	/usr/lib/libbz2.1.0.dylib
0x000000002cd31000 	/usr/lib/liblzma.5.dylib
0x000000002cd31000 	/usr/lib/libnetwork.dylib
0x000000002cd31000 	/usr/lib/libapple_nghttp2.dylib
0x000000002cd31000 	/usr/lib/libpcap.A.dylib
0x000000002cd31000 	/usr/lib/libboringssl.dylib
0x000000002cd31000 	/usr/lib/libusrtcp.dylib
0x000000002cd31000 	/usr/lib/libapple_crypto.dylib
0x000000002cd31000 	/System/Library/Frameworks/CoreServices.framework/Versions/A/Frameworks/FSEvents.framework/Versions/A/FSEvents
0x000000002cd31000 	/System/Library/Frameworks/CoreServices.framework/Versions/A/Frameworks/CarbonCore.framework/Versions/A/CarbonCore
0x000000002cd31000 	/System/Library/Frameworks/CoreServices.framework/Versions/A/Frameworks/Metadata.framework/Versions/A/Metadata
0x000000002cd31000 	/System/Library/Frameworks/CoreServices.framework/Versions/A/Frameworks/OSServices.framework/Versions/A/OSServices
0x000000002cd31000 	/System/Library/Frameworks/CoreServices.framework/Versions/A/Frameworks/SearchKit.framework/Versions/A/SearchKit
0x000000002cd31000 	/System/Library/Frameworks/CoreServices.framework/Versions/A/Frameworks/AE.framework/Versions/A/AE
0x000000002cd31000 	/System/Library/Frameworks/CoreServices.framework/Versions/A/Frameworks/LaunchServices.framework/Versions/A/LaunchServices
0x000000002cd31000 	/System/Library/Frameworks/CoreServices.framework/Versions/A/Frameworks/DictionaryServices.framework/Versions/A/DictionaryServices
0x000000002cd31000 	/System/Library/Frameworks/CoreServices.framework/Versions/A/Frameworks/SharedFileList.framework/Versions/A/SharedFileList
0x000000002cd31000 	/System/Library/Frameworks/NetFS.framework/Versions/A/NetFS
0x000000002cd31000 	/System/Library/PrivateFrameworks/NetAuth.framework/Versions/A/NetAuth
0x000000002cd31000 	/System/Library/PrivateFrameworks/login.framework/Versions/A/Frameworks/loginsupport.framework/Versions/A/loginsupport
0x000000002cd31000 	/System/Library/PrivateFrameworks/TCC.framework/Versions/A/TCC
0x000000002cd31000 	/usr/lib/libmecabra.dylib
0x000000002cd31000 	/System/Library/Frameworks/ApplicationServices.framework/Versions/A/Frameworks/ATS.framework/Versions/A/ATS
0x000000002cd31000 	/System/Library/Frameworks/ApplicationServices.framework/Versions/A/Frameworks/ColorSyncLegacy.framework/Versions/A/ColorSyncLegacy
0x000000002cd31000 	/System/Library/Frameworks/ApplicationServices.framework/Versions/A/Frameworks/HIServices.framework/Versions/A/HIServices
0x000000002cd31000 	/System/Library/Frameworks/ApplicationServices.framework/Versions/A/Frameworks/LangAnalysis.framework/Versions/A/LangAnalysis
0x000000002cd31000 	/System/Library/Frameworks/ApplicationServices.framework/Versions/A/Frameworks/PrintCore.framework/Versions/A/PrintCore
0x000000002cd31000 	/System/Library/Frameworks/ApplicationServices.framework/Versions/A/Frameworks/QD.framework/Versions/A/QD
0x000000002cd31000 	/System/Library/Frameworks/ApplicationServices.framework/Versions/A/Frameworks/SpeechSynthesis.framework/Versions/A/SpeechSynthesis
0x000000002cd31000 	/System/Library/Frameworks/CoreDisplay.framework/Versions/A/CoreDisplay
0x000000002cd31000 	/System/Library/Frameworks/Accelerate.framework/Versions/A/Frameworks/vImage.framework/Versions/A/vImage
0x000000002cd31000 	/System/Library/Frameworks/Accelerate.framework/Versions/A/Frameworks/vecLib.framework/Versions/A/vecLib
0x000000002cd31000 	/System/Library/Frameworks/Accelerate.framework/Versions/A/Frameworks/vecLib.framework/Versions/A/libvDSP.dylib
0x000000002cd31000 	/System/Library/Frameworks/Accelerate.framework/Versions/A/Frameworks/vecLib.framework/Versions/A/libBNNS.dylib
0x000000002cd31000 	/System/Library/Frameworks/Accelerate.framework/Versions/A/Frameworks/vecLib.framework/Versions/A/libQuadrature.dylib
0x000000002cd31000 	/System/Library/Frameworks/Accelerate.framework/Versions/A/Frameworks/vecLib.framework/Versions/A/libvMisc.dylib
0x000000002cd31000 	/System/Library/Frameworks/Accelerate.framework/Versions/A/Frameworks/vecLib.framework/Versions/A/libLAPACK.dylib
0x000000002cd31000 	/System/Library/Frameworks/Accelerate.framework/Versions/A/Frameworks/vecLib.framework/Versions/A/libBLAS.dylib
0x000000002cd31000 	/System/Library/Frameworks/Accelerate.framework/Versions/A/Frameworks/vecLib.framework/Versions/A/libLinearAlgebra.dylib
0x000000002cd31000 	/System/Library/Frameworks/Accelerate.framework/Versions/A/Frameworks/vecLib.framework/Versions/A/libSparse.dylib
0x000000002cd31000 	/System/Library/Frameworks/Accelerate.framework/Versions/A/Frameworks/vecLib.framework/Versions/A/libSparseBLAS.dylib
0x000000002cd31000 	/System/Library/PrivateFrameworks/GPUWrangler.framework/Versions/A/GPUWrangler
0x000000002cd31000 	/System/Library/PrivateFrameworks/IOAccelerator.framework/Versions/A/IOAccelerator
0x000000002cd31000 	/System/Library/PrivateFrameworks/IOPresentment.framework/Versions/A/IOPresentment
0x000000002cd31000 	/System/Library/PrivateFrameworks/DSExternalDisplay.framework/Versions/A/DSExternalDisplay
0x000000002cd31000 	/System/Library/Frameworks/OpenGL.framework/Versions/A/Libraries/libCoreFSCache.dylib
0x000000002cd31000 	/System/Library/Frameworks/CoreVideo.framework/Versions/A/CoreVideo
0x000000002cd31000 	/System/Library/PrivateFrameworks/GraphVisualizer.framework/Versions/A/GraphVisualizer
0x000000002cd31000 	/System/Library/Frameworks/MetalPerformanceShaders.framework/Versions/A/MetalPerformanceShaders
0x000000002cd31000 	/usr/lib/libFosl_dynamic.dylib
0x000000002cd31000 	/System/Library/PrivateFrameworks/FaceCore.framework/Versions/A/FaceCore
0x000000002cd31000 	/System/Library/Frameworks/OpenCL.framework/Versions/A/OpenCL
0x000000002cd31000 	/usr/lib/libcompression.dylib
0x000000002cd31000 	/System/Library/Frameworks/ApplicationServices.framework/Versions/A/Frameworks/ATS.framework/Versions/A/Resources/libFontParser.dylib
0x000000002cd31000 	/System/Library/Frameworks/ApplicationServices.framework/Versions/A/Frameworks/ATS.framework/Versions/A/Resources/libFontRegistry.dylib
0x000000002cd31000 	/System/Library/Frameworks/ImageIO.framework/Versions/A/Resources/libJPEG.dylib
0x000000002cd31000 	/System/Library/Frameworks/ImageIO.framework/Versions/A/Resources/libTIFF.dylib
0x000000002cd31000 	/System/Library/Frameworks/ImageIO.framework/Versions/A/Resources/libPng.dylib
0x000000002cd31000 	/System/Library/Frameworks/ImageIO.framework/Versions/A/Resources/libGIF.dylib
0x000000002cd31000 	/System/Library/Frameworks/ImageIO.framework/Versions/A/Resources/libJP2.dylib
0x000000002cd31000 	/System/Library/Frameworks/ImageIO.framework/Versions/A/Resources/libRadiance.dylib
0x000000002cd31000 	/System/Library/PrivateFrameworks/AppleJPEG.framework/Versions/A/AppleJPEG
0x000000002cd31000 	/System/Library/Frameworks/MetalPerformanceShaders.framework/Frameworks/MPSCore.framework/Versions/A/MPSCore
0x000000002cd31000 	/System/Library/Frameworks/MetalPerformanceShaders.framework/Frameworks/MPSImage.framework/Versions/A/MPSImage
0x000000002cd31000 	/System/Library/Frameworks/MetalPerformanceShaders.framework/Frameworks/MPSNeuralNetwork.framework/Versions/A/MPSNeuralNetwork
0x000000002cd31000 	/System/Library/Frameworks/MetalPerformanceShaders.framework/Frameworks/MPSMatrix.framework/Versions/A/MPSMatrix
0x000000002cd31000 	/System/Library/PrivateFrameworks/MetalTools.framework/Versions/A/MetalTools
0x000000002cd31000 	/System/Library/Frameworks/OpenGL.framework/Versions/A/Libraries/libGLU.dylib
0x000000002cd31000 	/System/Library/Frameworks/OpenGL.framework/Versions/A/Libraries/libGFXShared.dylib
0x000000002cd31000 	/System/Library/Frameworks/OpenGL.framework/Versions/A/Libraries/libGL.dylib
0x000000002cd31000 	/System/Library/Frameworks/OpenGL.framework/Versions/A/Libraries/libGLImage.dylib
0x000000002cd31000 	/System/Library/Frameworks/OpenGL.framework/Versions/A/Libraries/libCVMSPluginSupport.dylib
0x000000002cd31000 	/System/Library/Frameworks/OpenGL.framework/Versions/A/Libraries/libCoreVMClient.dylib
0x000000002cd31000 	/usr/lib/libcups.2.dylib
0x000000002cd31000 	/System/Library/Frameworks/Kerberos.framework/Versions/A/Kerberos
0x000000002cd31000 	/System/Library/Frameworks/GSS.framework/Versions/A/GSS
0x000000002cd31000 	/usr/lib/libresolv.9.dylib
0x000000002cd31000 	/usr/lib/libiconv.2.dylib
0x000000002cd31000 	/System/Library/PrivateFrameworks/Heimdal.framework/Versions/A/Heimdal
0x000000002cd31000 	/usr/lib/libheimdal-asn1.dylib
0x000000002cd31000 	/System/Library/Frameworks/OpenDirectory.framework/Versions/A/OpenDirectory
0x000000002cd31000 	/System/Library/PrivateFrameworks/CommonAuth.framework/Versions/A/CommonAuth
0x000000002cd31000 	/System/Library/Frameworks/OpenDirectory.framework/Versions/A/Frameworks/CFOpenDirectory.framework/Versions/A/CFOpenDirectory
0x000000002cd31000 	/System/Library/Frameworks/SecurityFoundation.framework/Versions/A/SecurityFoundation
0x000000002cd31000 	/System/Library/PrivateFrameworks/APFS.framework/Versions/A/APFS
0x000000002cd31000 	/usr/lib/libutil.dylib
0x000000002cd31000 	/System/Library/PrivateFrameworks/AppleSauce.framework/Versions/A/AppleSauce
0x000000002cd31000 	/System/Library/PrivateFrameworks/LinguisticData.framework/Versions/A/LinguisticData
0x000000002cd31000 	/usr/lib/libmarisa.dylib
0x000000002cd31000 	/System/Library/PrivateFrameworks/Lexicon.framework/Versions/A/Lexicon
0x000000002cd31000 	/usr/lib/libChineseTokenizer.dylib
0x000000002cd31000 	/usr/lib/libcmph.dylib
0x000000002cd31000 	/System/Library/PrivateFrameworks/LanguageModeling.framework/Versions/A/LanguageModeling
0x000000002cd31000 	/System/Library/PrivateFrameworks/CoreEmoji.framework/Versions/A/CoreEmoji
0x000000002cd31000 	/System/Library/Frameworks/ServiceManagement.framework/Versions/A/ServiceManagement
0x000000002cd31000 	/System/Library/PrivateFrameworks/BackgroundTaskManagement.framework/Versions/A/BackgroundTaskManagement
0x000000002cd31000 	/usr/lib/libxslt.1.dylib
0x000000002cd31000 	/System/Library/Frameworks/Carbon.framework/Versions/A/Frameworks/Ink.framework/Versions/A/Ink
0x000000002cd31000 	/System/Library/PrivateFrameworks/TextureIO.framework/Versions/A/TextureIO
0x000000002cd31000 	/usr/lib/libate.dylib
0x000000002cd31000 	/System/Library/PrivateFrameworks/CrashReporterSupport.framework/Versions/A/CrashReporterSupport
0x000000002cd31000 	/System/Library/PrivateFrameworks/Sharing.framework/Versions/A/Sharing
0x000000002cd31000 	/System/Library/PrivateFrameworks/IconServices.framework/Versions/A/IconServices
0x000000002cd31000 	/System/Library/PrivateFrameworks/AuthKit.framework/Versions/A/AuthKit
0x000000002cd31000 	/System/Library/PrivateFrameworks/Apple80211.framework/Versions/A/Apple80211
0x000000002cd31000 	/System/Library/PrivateFrameworks/CoreUtils.framework/Versions/A/CoreUtils
0x000000002cd31000 	/System/Library/Frameworks/CoreWLAN.framework/Versions/A/CoreWLAN
0x000000002cd31000 	/System/Library/Frameworks/IOBluetooth.framework/Versions/A/IOBluetooth
0x000000002cd31000 	/System/Library/PrivateFrameworks/ProtocolBuffer.framework/Versions/A/ProtocolBuffer
0x000000002cd31000 	/System/Library/PrivateFrameworks/MobileKeyBag.framework/Versions/A/MobileKeyBag
0x000000002cd31000 	/System/Library/PrivateFrameworks/CorePhoneNumbers.framework/Versions/A/CorePhoneNumbers
0x000000002cd31000 	/System/Library/PrivateFrameworks/AppleIDAuthSupport.framework/Versions/A/AppleIDAuthSupport
0x000000002cd31000 	/System/Library/PrivateFrameworks/KeychainCircle.framework/Versions/A/KeychainCircle
0x000000002cd31000 	/System/Library/PrivateFrameworks/CoreWiFi.framework/Versions/A/CoreWiFi
0x000000002cd31000 	/System/Library/Frameworks/CoreBluetooth.framework/Versions/A/CoreBluetooth
0x000000002cd31000 	/System/Library/PrivateFrameworks/DebugSymbols.framework/Versions/A/DebugSymbols
0x000000002cd31000 	/System/Library/PrivateFrameworks/CoreSymbolication.framework/Versions/A/CoreSymbolication
0x000000002cd31000 	/System/Library/PrivateFrameworks/Symbolication.framework/Versions/A/Symbolication
0x000000002cd31000 	/System/Library/PrivateFrameworks/AppleFSCompression.framework/Versions/A/AppleFSCompression
0x000000002cd31000 	/System/Library/PrivateFrameworks/SpeechRecognitionCore.framework/Versions/A/SpeechRecognitionCore
0x000000010a3e8000 	/Library/Java/JavaVirtualMachines/jdk1.8.0_131.jdk/Contents/Home/jre/lib/server/libjvm.dylib
0x000000002cd31000 	/usr/lib/libstdc++.6.0.9.dylib
0x0000000108a35000 	/Library/Java/JavaVirtualMachines/jdk1.8.0_131.jdk/Contents/Home/jre/lib/libverify.dylib
0x0000000108a43000 	/Library/Java/JavaVirtualMachines/jdk1.8.0_131.jdk/Contents/Home/jre/lib/libjava.dylib
0x0000000108ac2000 	/Library/Java/JavaVirtualMachines/jdk1.8.0_131.jdk/Contents/Home/jre/lib/libzip.dylib
0x000000002cd31000 	/System/Library/Frameworks/JavaVM.framework/Versions/A/Frameworks/JavaRuntimeSupport.framework/Versions/A/JavaRuntimeSupport
0x000000002cd31000 	/System/Library/Frameworks/JavaVM.framework/Versions/A/Frameworks/JavaNativeFoundation.framework/Versions/A/JavaNativeFoundation
0x000000002cd31000 	/System/Library/Frameworks/JavaVM.framework/Versions/A/JavaVM
0x000000002cd31000 	/System/Library/Frameworks/Carbon.framework/Versions/A/Carbon
0x000000002cd31000 	/System/Library/PrivateFrameworks/JavaLaunching.framework/Versions/A/JavaLaunching
0x000000002cd31000 	/System/Library/Frameworks/Carbon.framework/Versions/A/Frameworks/CommonPanels.framework/Versions/A/CommonPanels
0x000000002cd31000 	/System/Library/Frameworks/Carbon.framework/Versions/A/Frameworks/Help.framework/Versions/A/Help
0x000000002cd31000 	/System/Library/Frameworks/Carbon.framework/Versions/A/Frameworks/ImageCapture.framework/Versions/A/ImageCapture
0x000000002cd31000 	/System/Library/Frameworks/Carbon.framework/Versions/A/Frameworks/OpenScripting.framework/Versions/A/OpenScripting
0x000000002cd31000 	/System/Library/Frameworks/Carbon.framework/Versions/A/Frameworks/Print.framework/Versions/A/Print
0x000000002cd31000 	/System/Library/Frameworks/Carbon.framework/Versions/A/Frameworks/SecurityHI.framework/Versions/A/SecurityHI
0x00000001217b7000 	/private/var/folders/yk/sp2zrqzn0f351lh1kb94p0wm0000gr/T/liblz4-java1479925918567378178.dylib
0x0000000121804000 	/Library/Java/JavaVirtualMachines/jdk1.8.0_131.jdk/Contents/Home/jre/lib/libnet.dylib
0x0000000121863000 	/Library/Java/JavaVirtualMachines/jdk1.8.0_131.jdk/Contents/Home/jre/lib/libnio.dylib
0x0000000121932000 	/Library/Java/JavaVirtualMachines/jdk1.8.0_131.jdk/Contents/Home/jre/lib/libawt.dylib
0x00000001219da000 	/Library/Java/JavaVirtualMachines/jdk1.8.0_131.jdk/Contents/Home/jre/lib/./libmlib_image.dylib
0x0000000121aa6000 	/Library/Java/JavaVirtualMachines/jdk1.8.0_131.jdk/Contents/Home/jre/lib/libawt_lwawt.dylib
0x0000000121b5d000 	/Library/Java/JavaVirtualMachines/jdk1.8.0_131.jdk/Contents/Home/jre/lib/./libosxapp.dylib
0x000000002cd31000 	/System/Library/Frameworks/ExceptionHandling.framework/Versions/A/ExceptionHandling
0x000000002cd31000 	/System/Library/PrivateFrameworks/CoreServicesInternal.framework/Versions/A/CoreServicesInternal
0x000000002cd31000 	/System/Library/CoreServices/RawCamera.bundle/Contents/MacOS/RawCamera
0x000000002cd31000 	/System/Library/PrivateFrameworks/MobileAsset.framework/Versions/A/MobileAsset
0x000000002cd31000 	/System/Library/PrivateFrameworks/StreamingZip.framework/Versions/A/StreamingZip
0x000000002cd31000 	/System/Library/Frameworks/MediaToolbox.framework/Versions/A/MediaToolbox
0x000000002cd31000 	/System/Library/PrivateFrameworks/CoreAVCHD.framework/Versions/A/CoreAVCHD
0x000000002cd31000 	/System/Library/Frameworks/MediaAccessibility.framework/Versions/A/MediaAccessibility
0x000000002cd31000 	/System/Library/PrivateFrameworks/Mangrove.framework/Versions/A/Mangrove
0x000000002cd31000 	/System/Library/Frameworks/CoreMedia.framework/Versions/A/CoreMedia
0x000000002cd31000 	/System/Library/Frameworks/VideoToolbox.framework/Versions/A/VideoToolbox
0x000000002cd31000 	/System/Library/PrivateFrameworks/CoreAUC.framework/Versions/A/CoreAUC
0x000000002cd31000 	/usr/lib/libspindump.dylib
0x000000002cd31000 	/System/Library/PrivateFrameworks/AppleVA.framework/Versions/A/AppleVA
0x000000002cd31000 	/System/Library/Frameworks/Accelerate.framework/Versions/A/Frameworks/vImage.framework/Versions/A/Libraries/libCGInterfaces.dylib
0x000000002cd31000 	/System/Library/Frameworks/ApplicationServices.framework/Versions/A/Frameworks/ATS.framework/Versions/A/Resources/libTrueTypeScaler.dylib
0x000000002cd31000 	/System/Library/Extensions/AppleIntelSKLGraphicsMTLDriver.bundle/Contents/MacOS/AppleIntelSKLGraphicsMTLDriver
0x000000002cd31000 	/System/Library/PrivateFrameworks/GPUCompiler.framework/Versions/3802/Libraries/libmetal_timestamp.dylib
0x000000002cd31000 	/System/Library/PrivateFrameworks/FamilyControls.framework/Versions/A/FamilyControls
0x000000002cd31000 	/System/Library/PrivateFrameworks/CommerceKit.framework/Versions/A/Frameworks/CommerceCore.framework/Versions/A/CommerceCore
0x000000002cd31000 	/System/Library/PrivateFrameworks/SystemAdministration.framework/Versions/A/SystemAdministration
0x000000002cd31000 	/System/Library/PrivateFrameworks/AppContainer.framework/Versions/A/AppContainer
0x000000002cd31000 	/System/Library/PrivateFrameworks/SecCodeWrapper.framework/Versions/A/SecCodeWrapper
0x000000002cd31000 	/System/Library/PrivateFrameworks/DiskManagement.framework/Versions/A/DiskManagement
0x000000002cd31000 	/System/Library/Frameworks/DirectoryService.framework/Versions/A/DirectoryService
0x000000002cd31000 	/System/Library/PrivateFrameworks/DiskImages.framework/Versions/A/DiskImages
0x000000002cd31000 	/System/Library/PrivateFrameworks/LoginUIKit.framework/Versions/A/Frameworks/LoginUICore.framework/Versions/A/LoginUICore
0x000000002cd31000 	/usr/lib/libCoreStorage.dylib
0x000000002cd31000 	/usr/lib/libcsfde.dylib
0x000000002cd31000 	/usr/lib/libodfde.dylib
0x000000002cd31000 	/System/Library/PrivateFrameworks/MediaKit.framework/Versions/A/MediaKit
0x000000002cd31000 	/System/Library/Frameworks/DiscRecording.framework/Versions/A/DiscRecording
0x000000002cd31000 	/System/Library/PrivateFrameworks/EFILogin.framework/Versions/A/EFILogin
0x000000002cd31000 	/System/Library/PrivateFrameworks/ProtectedCloudStorage.framework/Versions/A/ProtectedCloudStorage
0x000000002cd31000 	/usr/lib/libcurl.4.dylib
0x000000002cd31000 	/usr/lib/libcrypto.35.dylib
0x000000002cd31000 	/usr/lib/libssl.35.dylib
0x000000002cd31000 	/System/Library/Frameworks/LDAP.framework/Versions/A/LDAP
0x000000002cd31000 	/System/Library/PrivateFrameworks/TrustEvaluationAgent.framework/Versions/A/TrustEvaluationAgent
0x000000002cd31000 	/usr/lib/libsasl2.2.dylib
0x000000002cd31000 	/System/Library/PrivateFrameworks/CoreDaemon.framework/Versions/B/CoreDaemon
0x000000002cd31000 	/System/Library/PrivateFrameworks/AppleSRP.framework/Versions/A/AppleSRP
0x0000000124473000 	/Library/Java/JavaVirtualMachines/jdk1.8.0_131.jdk/Contents/Home/jre/lib/libfontmanager.dylib
0x000000012398c000 	/Library/Java/JavaVirtualMachines/jdk1.8.0_131.jdk/Contents/Home/jre/lib/libosxui.dylib
0x000000002cd31000 	/System/Library/Frameworks/OpenGL.framework/Versions/A/Resources/GLEngine.bundle/GLEngine
0x000000002cd31000 	/System/Library/Frameworks/OpenGL.framework/Versions/A/Libraries/libGLProgrammability.dylib
0x000000012508d000 	/System/Library/Extensions/AppleIntelSKLGraphicsGLDriver.bundle/Contents/MacOS/AppleIntelSKLGraphicsGLDriver
0x000000002cd31000 	/System/Library/PrivateFrameworks/GPUSupport.framework/Versions/A/Libraries/libGPUSupportMercury.dylib
0x000000002cd31000 	/System/Library/Frameworks/OpenGL.framework/Versions/A/Resources/GLRendererFloat.bundle/GLRendererFloat
0x000000002cd31000 	/System/Library/Frameworks/OpenCL.framework/Versions/A/Libraries/libcldcpuengine.dylib
0x000000002cd31000 	/System/Library/PrivateFrameworks/ViewBridge.framework/Versions/A/ViewBridge
0x00000001644f9000 	/Library/Java/JavaVirtualMachines/jdk1.8.0_131.jdk/Contents/Home/jre/lib/libdcpr.dylib
0x000000002cd31000 	/System/Library/PrivateFrameworks/login.framework/Versions/A/login

VM Arguments:
jvm_args: -Dfile.encoding=UTF-8 
java_command: analyser.Analyser
java_class_path (initial): /Users/gchristi/Documents/workspace/Clas12/Analyse/FirstAnalysis/bin:/Users/gchristi/Documents/workspace/Clas12/Analyse/AnalysisTools/bin:/Applications/Eclipse.app/Contents/Eclipse/plugins/org.junit_4.12.0.v201504281640/junit.jar:/Applications/Eclipse.app/Contents/Eclipse/plugins/org.hamcrest.core_1.3.0.v201303031735.jar:/Users/gchristi/Documents/workspace/Clas12/Decoder/CoatjavaExpertDecoder/coatjava/lib/clas/coat-libs-5.1-SNAPSHOT.jar:/Users/gchristi/Documents/workspace/Clas12/Coatjava/clas12-offline-software/coatjava/lib/clas/coat-libs-5.0-SNAPSHOT.jar
Launcher Type: SUN_STANDARD

Environment Variables:
PATH=/usr/bin:/bin:/usr/sbin:/sbin
SHELL=/bin/zsh
DISPLAY=/private/tmp/com.apple.launchd.OUDCqfTjFM/org.macosforge.xquartz:0

Signal Handlers:
SIGSEGV: [libjvm.dylib+0x5b1eb1], sa_mask[0]=11111111011111110111111111111111, sa_flags=SA_ONSTACK|SA_RESTART|SA_SIGINFO
SIGBUS: [libjvm.dylib+0x5b1eb1], sa_mask[0]=11111111011111110111111111111111, sa_flags=SA_RESTART|SA_SIGINFO
SIGFPE: [libjvm.dylib+0x488988], sa_mask[0]=11111111011111110111111111111111, sa_flags=SA_RESTART|SA_SIGINFO
SIGPIPE: [libjvm.dylib+0x488988], sa_mask[0]=11111111011111110111111111111111, sa_flags=SA_RESTART|SA_SIGINFO
SIGXFSZ: [libjvm.dylib+0x488988], sa_mask[0]=11111111011111110111111111111111, sa_flags=SA_RESTART|SA_SIGINFO
SIGILL: [libjvm.dylib+0x488988], sa_mask[0]=11111111011111110111111111111111, sa_flags=SA_RESTART|SA_SIGINFO
SIGUSR1: SIG_DFL, sa_mask[0]=00000000000000000000000000000000, sa_flags=none
SIGUSR2: [libjvm.dylib+0x4884a6], sa_mask[0]=00100000000000000000000000000000, sa_flags=SA_RESTART|SA_SIGINFO
SIGHUP: [libjvm.dylib+0x486a7d], sa_mask[0]=11111111011111110111111111111111, sa_flags=SA_RESTART|SA_SIGINFO
SIGINT: [libjvm.dylib+0x486a7d], sa_mask[0]=11111111011111110111111111111111, sa_flags=SA_RESTART|SA_SIGINFO
SIGTERM: [libjvm.dylib+0x486a7d], sa_mask[0]=11111111011111110111111111111111, sa_flags=SA_RESTART|SA_SIGINFO
SIGQUIT: [libjvm.dylib+0x486a7d], sa_mask[0]=11111111011111110111111111111111, sa_flags=SA_RESTART|SA_SIGINFO


---------------  S Y S T E M  ---------------

OS:Bsduname:Darwin 17.7.0 Darwin Kernel Version 17.7.0: Thu Jun 21 22:53:14 PDT 2018; root:xnu-4570.71.2~1/RELEASE_X86_64 x86_64
rlimit: STACK 8192k, CORE 0k, NPROC 709, NOFILE 10240, AS infinity
load average:3.09 2.62 2.48

CPU:total 4 (initial active 4) (2 cores per cpu, 2 threads per core) family 6 model 78 stepping 3, cmov, cx8, fxsr, mmx, sse, sse2, sse3, ssse3, sse4.1, sse4.2, popcnt, avx, avx2, aes, clmul, erms, rtm, 3dnowpref, lzcnt, ht, tsc, tscinvbit, bmi1, bmi2, adx

Memory: 4k page, physical 8388608k(52004k free)

/proc/meminfo:


vm_info: Java HotSpot(TM) 64-Bit Server VM (25.131-b11) for bsd-amd64 JRE (1.8.0_131-b11), built on Mar 15 2017 01:32:22 by "java_re" with gcc 4.2.1 (Based on Apple Inc. build 5658) (LLVM build 2336.11.00)

time: Tue Jul 17 16:33:12 2018
elapsed time: 359 seconds (0d 0h 5m 59s)

